2024-10-09 13:49:39,805 [INFO] Activator:176 - 


2024-10-09 13:49:39,811 [INFO] Activator:177 - !SESSION log4j initialized
2024-10-09 13:49:44,712 [INFO] LogOutputStream:77 - [STDOUT_REDIRECT] 
2024-10-09 13:49:45,874 [ERROR] LogOutputStream:75 - [STDERR_REDIRECT] 
2024-10-09 13:49:47,767 [INFO] LogOutputStream:77 - [STDOUT_REDIRECT] 
2024-10-09 13:49:48,718 [ERROR] LogOutputStream:75 - [STDERR_REDIRECT] java.net.URISyntaxException: Illegal character in path at index 44: file:/Users/joelrsilva/Documents/School/2024 - FALL/ECEN 2370/.metadata/.log4j2.xml
2024-10-09 13:49:48,718 [ERROR] LogOutputStream:75 - [STDERR_REDIRECT] 	at java.base/java.net.URI$Parser.fail(URI.java:2976)
2024-10-09 13:49:48,719 [ERROR] LogOutputStream:75 - [STDERR_REDIRECT] 	at java.base/java.net.URI$Parser.checkChars(URI.java:3147)
2024-10-09 13:49:48,720 [ERROR] LogOutputStream:75 - [STDERR_REDIRECT] 	at java.base/java.net.URI$Parser.parseHierarchical(URI.java:3229)
2024-10-09 13:49:48,721 [ERROR] LogOutputStream:75 - [STDERR_REDIRECT] 	at java.base/java.net.URI$Parser.parse(URI.java:3177)
2024-10-09 13:49:48,722 [ERROR] LogOutputStream:75 - [STDERR_REDIRECT] 	at java.base/java.net.URI.<init>(URI.java:623)
2024-10-09 13:49:48,722 [ERROR] LogOutputStream:75 - [STDERR_REDIRECT] 	at java.base/java.net.URL.toURI(URL.java:1056)
2024-10-09 13:49:48,722 [ERROR] LogOutputStream:75 - [STDERR_REDIRECT] 	at com.st.stm32cube.common.mx.core.CubeMxInstance.getInstance(CubeMxInstance.java:81)
2024-10-09 13:49:48,722 [ERROR] LogOutputStream:75 - [STDERR_REDIRECT] 	at com.st.stm32cube.common.mx.userauth.UserAuthAdapter.<init>(UserAuthAdapter.java:25)
2024-10-09 13:49:48,723 [ERROR] LogOutputStream:75 - [STDERR_REDIRECT] 	at com.st.stm32cube.common.mx.userauth.UserAuthProvider.getUserAuthAdapter(UserAuthProvider.java:16)
2024-10-09 13:49:48,724 [ERROR] LogOutputStream:75 - [STDERR_REDIRECT] 	at com.st.stm32cube.common.ecosystemintegration.ui.core.MCUEcoSystemIntegrationUiHelper.getUserAuth(MCUEcoSystemIntegrationUiHelper.java:100)
2024-10-09 13:49:48,724 [ERROR] LogOutputStream:75 - [STDERR_REDIRECT] 	at com.st.stm32cube.ide.mcu.userauth.UserAuthStartup.earlyStartup(UserAuthStartup.java:41)
2024-10-09 13:49:48,724 [ERROR] LogOutputStream:75 - [STDERR_REDIRECT] 	at org.eclipse.ui.internal.EarlyStartupRunnable.runEarlyStartup(EarlyStartupRunnable.java:79)
2024-10-09 13:49:48,725 [ERROR] LogOutputStream:75 - [STDERR_REDIRECT] 	at org.eclipse.ui.internal.EarlyStartupRunnable.run(EarlyStartupRunnable.java:55)
2024-10-09 13:49:48,725 [ERROR] LogOutputStream:75 - [STDERR_REDIRECT] 	at org.eclipse.core.runtime.SafeRunner.run(SafeRunner.java:47)
2024-10-09 13:49:48,725 [ERROR] LogOutputStream:75 - [STDERR_REDIRECT] 	at org.eclipse.ui.internal.Workbench$39.run(Workbench.java:2762)
2024-10-09 13:49:48,725 [ERROR] LogOutputStream:75 - [STDERR_REDIRECT] 	at org.eclipse.core.internal.jobs.Worker.run(Worker.java:63)
2024-10-09 13:49:49,017 [INFO] ApplicationProperties:184 - Using Application install path: /Applications/STM32CubeIDE.app/Contents/Eclipse/plugins/com.st.stm32cube.common.mx_6.12.0.202406281431
2024-10-09 13:49:49,039 [INFO] DbMcusXml:78 - Set database path to: /Applications/STM32CubeIDE.app/Contents/Eclipse/plugins/com.st.stm32cube.common.mx_6.12.0.202406281431//db//mcu/
2024-10-09 13:49:49,039 [INFO] ApiDb:274 - Set plugin database path to: /Applications/STM32CubeIDE.app/Contents/Eclipse/plugins/com.st.stm32cube.common.mx_6.12.0.202406281431//db//plugins/boardmanager/
2024-10-09 13:49:49,039 [WARN] ApiDb:259 - Overriding images path with different value:  => /Applications/STM32CubeIDE.app/Contents/Eclipse/plugins/com.st.stm32cube.common.mx_6.12.0.202406281431//db//plugins/mcufinder/images/
2024-10-09 13:49:49,050 [INFO] ApiDb:250 - Set database path to: /Users/joelrsilva/.stmcufinder/plugins/mcufinder//mcu/
2024-10-09 13:49:49,050 [INFO] DbMcusAds:125 - Set database path to: /Users/joelrsilva/.stmcufinder/plugins/mcufinder//mcu/
2024-10-09 13:49:49,052 [INFO] CrossReferenceDbSqlite:203 - Set database path to: /Users/joelrsilva/.stmcufinder/plugins/mcufinder//mcu/cs/
2024-10-09 13:49:49,172 [INFO] RulesReader:64 - Compatibility file has been processed (297 Rules)
2024-10-09 13:49:49,227 [INFO] DbMcusXml:78 - Set database path to: /Applications/STM32CubeIDE.app/Contents/Eclipse/plugins/com.st.stm32cube.common.mx_6.12.0.202406281431//db//mcu/
2024-10-09 13:49:49,227 [INFO] ApiDb:274 - Set plugin database path to: /Applications/STM32CubeIDE.app/Contents/Eclipse/plugins/com.st.stm32cube.common.mx_6.12.0.202406281431//db//plugins/boardmanager/
2024-10-09 13:49:49,227 [INFO] ApiDb:261 - Set plugin images path to: /Applications/STM32CubeIDE.app/Contents/Eclipse/plugins/com.st.stm32cube.common.mx_6.12.0.202406281431//db//plugins/mcufinder/images/
2024-10-09 13:49:49,228 [WARN] DbFile:41 - Overriding database path with different value: /Users/joelrsilva/.stmcufinder/plugins/mcufinder/ => /Users/joelrsilva/.stmcufinder/plugins/mcufinder
2024-10-09 13:49:49,228 [INFO] ApiDb:250 - Set database path to: /Users/joelrsilva/.stmcufinder/plugins/mcufinder//mcu/
2024-10-09 13:49:49,228 [WARN] DbFile:41 - Overriding database path with different value: /Users/joelrsilva/.stmcufinder/plugins/mcufinder/ => /Users/joelrsilva/.stmcufinder/plugins/mcufinder
2024-10-09 13:49:49,228 [INFO] DbMcusAds:125 - Set database path to: /Users/joelrsilva/.stmcufinder/plugins/mcufinder//mcu/
2024-10-09 13:49:49,228 [WARN] DbFile:41 - Overriding database path with different value: /Users/joelrsilva/.stmcufinder/plugins/mcufinder/ => /Users/joelrsilva/.stmcufinder/plugins/mcufinder
2024-10-09 13:49:49,228 [WARN] DbFile:41 - Overriding database path with different value: /Users/joelrsilva/.stmcufinder/plugins/mcufinder/ => /Users/joelrsilva/.stmcufinder/plugins/mcufinder
2024-10-09 13:49:49,228 [INFO] CrossReferenceDbSqlite:203 - Set database path to: /Users/joelrsilva/.stmcufinder/plugins/mcufinder//mcu/cs/
2024-10-09 13:49:49,321 [INFO] MainPanel:268 - HeapMemory: 268435456
2024-10-09 13:49:49,908 [INFO] DbMcusXml:78 - Set database path to: /Applications/STM32CubeIDE.app/Contents/Eclipse/plugins/com.st.stm32cube.common.mx_6.12.0.202406281431//db//mcu/
2024-10-09 13:49:49,908 [INFO] ApiDb:274 - Set plugin database path to: /Applications/STM32CubeIDE.app/Contents/Eclipse/plugins/com.st.stm32cube.common.mx_6.12.0.202406281431//db//plugins/boardmanager/
2024-10-09 13:49:49,908 [INFO] ApiDb:261 - Set plugin images path to: /Applications/STM32CubeIDE.app/Contents/Eclipse/plugins/com.st.stm32cube.common.mx_6.12.0.202406281431//db//plugins/mcufinder/images/
2024-10-09 13:49:49,908 [WARN] DbFile:41 - Overriding database path with different value: /Users/joelrsilva/.stmcufinder/plugins/mcufinder/ => /Users/joelrsilva/.stmcufinder/plugins/mcufinder
2024-10-09 13:49:49,908 [INFO] ApiDb:250 - Set database path to: /Users/joelrsilva/.stmcufinder/plugins/mcufinder//mcu/
2024-10-09 13:49:49,908 [WARN] DbFile:41 - Overriding database path with different value: /Users/joelrsilva/.stmcufinder/plugins/mcufinder/ => /Users/joelrsilva/.stmcufinder/plugins/mcufinder
2024-10-09 13:49:49,908 [INFO] DbMcusAds:125 - Set database path to: /Users/joelrsilva/.stmcufinder/plugins/mcufinder//mcu/
2024-10-09 13:49:49,908 [WARN] DbFile:41 - Overriding database path with different value: /Users/joelrsilva/.stmcufinder/plugins/mcufinder/ => /Users/joelrsilva/.stmcufinder/plugins/mcufinder
2024-10-09 13:49:49,909 [WARN] DbFile:41 - Overriding database path with different value: /Users/joelrsilva/.stmcufinder/plugins/mcufinder/ => /Users/joelrsilva/.stmcufinder/plugins/mcufinder
2024-10-09 13:49:49,909 [INFO] CrossReferenceDbSqlite:203 - Set database path to: /Users/joelrsilva/.stmcufinder/plugins/mcufinder//mcu/cs/
2024-10-09 13:49:49,927 [INFO] ApplicationProperties:184 - Using Application install path: /Applications/STM32CubeIDE.app/Contents/Eclipse/plugins/com.st.stm32cube.common.mx_6.12.0.202406281431
2024-10-09 13:49:49,931 [INFO] PluginManage:196 - Search for loadable plugins [exclusion list=, ]
2024-10-09 13:49:49,933 [INFO] PluginManage:310 - Check plugin analytics
2024-10-09 13:49:50,105 [INFO] AnalyticsPlugin:253 - Accepted Software Licenses: 
2024-10-09 13:49:50,105 [INFO] AnalyticsPlugin:255 - Accepted CMSIS Pack Licenses: 
2024-10-09 13:49:50,106 [INFO] AnalyticsPlugin:257 - Accepted Firmware Licenses: FW.F4.1.28.0
2024-10-09 13:49:50,115 [INFO] PluginManage:359 - Loaded plugin analytics (category:tool,tabindex:-1)
2024-10-09 13:49:50,117 [INFO] PluginManage:310 - Check plugin cadmodel
2024-10-09 13:49:50,129 [INFO] CADModel:105 - Init CAD model plugin
2024-10-09 13:49:50,129 [INFO] PluginManage:359 - Loaded plugin cadmodel (category:power,tabindex:5)
2024-10-09 13:49:50,129 [INFO] PluginManage:310 - Check plugin clock
2024-10-09 13:49:50,139 [INFO] PluginManage:359 - Loaded plugin clock (category:base,tabindex:2)
2024-10-09 13:49:50,139 [INFO] PluginManage:310 - Check plugin ddr
2024-10-09 13:49:50,142 [INFO] PluginManage:359 - Loaded plugin ddr (category:tool,tabindex:6)
2024-10-09 13:49:50,142 [INFO] PluginManage:310 - Check plugin filemanager
2024-10-09 13:49:50,377 [INFO] PluginManage:359 - Loaded plugin filemanager (category:base,tabindex:10)
2024-10-09 13:49:50,378 [INFO] PluginManage:310 - Check plugin ipmanager
2024-10-09 13:49:50,389 [INFO] PluginManage:359 - Loaded plugin ipmanager (category:base,tabindex:5)
2024-10-09 13:49:50,389 [INFO] PluginManage:310 - Check plugin lpbam
2024-10-09 13:49:50,399 [INFO] PluginManage:359 - Loaded plugin lpbam (category:base,tabindex:0)
2024-10-09 13:49:50,399 [INFO] PluginManage:310 - Check plugin memorymap
2024-10-09 13:49:50,408 [INFO] PluginManage:359 - Loaded plugin memorymap (category:base,tabindex:4)
2024-10-09 13:49:50,408 [INFO] PluginManage:310 - Check plugin pinoutandconfiguration
2024-10-09 13:49:50,413 [INFO] PluginManage:359 - Loaded plugin pinoutandconfiguration (category:base,tabindex:1)
2024-10-09 13:49:50,413 [INFO] PluginManage:310 - Check plugin pinoutconfig
2024-10-09 13:49:50,489 [WARN] SupportedApi:132 - Cannot load RTOS API schema: s4s-elt-must-match.1: The content of 'definitions' must match (annotation?, (simpleType | complexType)?, (unique | key | keyref)*)). A problem was found starting at: attribute.
2024-10-09 13:49:50,493 [ERROR] LogOutputStream:75 - [STDERR_REDIRECT] [Fatal Error] :2:10: DOCTYPE is disallowed when the feature "http://apache.org/xml/features/disallow-doctype-decl" set to true.
2024-10-09 13:49:50,493 [ERROR] LogOutputStream:75 - [STDERR_REDIRECT] 
2024-10-09 13:49:50,649 [INFO] PluginManage:359 - Loaded plugin pinoutconfig (category:base,tabindex:0)
2024-10-09 13:49:50,651 [INFO] PluginManage:310 - Check plugin power
2024-10-09 13:49:50,665 [INFO] PluginManage:359 - Loaded plugin power (category:power,tabindex:4)
2024-10-09 13:49:50,666 [INFO] PluginManage:310 - Check plugin projectmanager
2024-10-09 13:49:50,831 [INFO] PluginManage:359 - Loaded plugin projectmanager (category:projectmanager,tabindex:4)
2024-10-09 13:49:50,833 [INFO] PluginManage:310 - Check plugin rif
2024-10-09 13:49:50,845 [INFO] PluginManage:359 - Loaded plugin rif (category:base,tabindex:3)
2024-10-09 13:49:50,846 [INFO] PluginManage:310 - Check plugin thirdparty
2024-10-09 13:49:51,039 [INFO] PluginManage:359 - Loaded plugin thirdparty (category:base,tabindex:-1)
2024-10-09 13:49:51,040 [INFO] PluginManage:310 - Check plugin tools
2024-10-09 13:49:51,040 [WARN] IntegrityCheckThread:84 - waiting for thirdparty lock release [integrity check]
2024-10-09 13:49:51,041 [INFO] IntegrityCheckThread:86 - entering critical section [integrity check]
2024-10-09 13:49:51,041 [INFO] ThirdPartyUpdaterWithRetryManager:70 - Updater plugin not ready yet. [1/15]
2024-10-09 13:49:51,044 [INFO] PluginManage:359 - Loaded plugin tools (category:base,tabindex:7)
2024-10-09 13:49:51,044 [INFO] PluginManage:310 - Check plugin tutovideos
2024-10-09 13:49:51,195 [INFO] PluginManage:359 - Loaded plugin tutovideos (category:base,tabindex:-1)
2024-10-09 13:49:51,196 [INFO] PluginManage:310 - Check plugin updater
2024-10-09 13:49:51,226 [INFO] PluginManage:359 - Loaded plugin updater (category:base,tabindex:12)
2024-10-09 13:49:51,226 [INFO] PluginManage:310 - Check plugin userauth
2024-10-09 13:49:51,232 [INFO] UserAuth:113 - Init User Auth plugin
2024-10-09 13:49:51,232 [INFO] PluginManage:359 - Loaded plugin userauth (category:base,tabindex:14)
2024-10-09 13:49:51,233 [INFO] PluginManage:283 - PluginManage : Loaded plugins [18]
2024-10-09 13:49:51,463 [INFO] PinOutPanel:1561 - setPackage(No Configuration,No Configuration)
2024-10-09 13:49:51,546 [INFO] CADModel:165 - CPN selected for project level
2024-10-09 13:49:51,546 [INFO] CADModel:114 - Register for checkConnection events
2024-10-09 13:49:51,558 [INFO] IPUIPlugin:80 - create IPUIPlugin
2024-10-09 13:49:51,559 [INFO] PluginManager:220 - loadIPPluginJar : add mdma
2024-10-09 13:49:51,562 [INFO] IPUIPlugin:80 - create IPUIPlugin
2024-10-09 13:49:51,563 [INFO] PluginManager:220 - loadIPPluginJar : add freertos
2024-10-09 13:49:51,566 [INFO] IPUIPlugin:80 - create IPUIPlugin
2024-10-09 13:49:51,566 [INFO] PluginManager:220 - loadIPPluginJar : add gic
2024-10-09 13:49:51,571 [INFO] IPUIPlugin:80 - create IPUIPlugin
2024-10-09 13:49:51,572 [INFO] PluginManager:220 - loadIPPluginJar : add adc
2024-10-09 13:49:51,574 [INFO] IPUIPlugin:80 - create IPUIPlugin
2024-10-09 13:49:51,574 [INFO] PluginManager:220 - loadIPPluginJar : add gtzc
2024-10-09 13:49:51,576 [INFO] IPUIPlugin:80 - create IPUIPlugin
2024-10-09 13:49:51,576 [INFO] PluginManager:220 - loadIPPluginJar : add quadspi
2024-10-09 13:49:51,577 [INFO] IPUIPlugin:80 - create IPUIPlugin
2024-10-09 13:49:51,577 [INFO] PluginManager:220 - loadIPPluginJar : add aes
2024-10-09 13:49:51,578 [INFO] IPUIPlugin:80 - create IPUIPlugin
2024-10-09 13:49:51,578 [INFO] PluginManager:220 - loadIPPluginJar : add pdm2pcm
2024-10-09 13:49:51,580 [INFO] IPUIPlugin:80 - create IPUIPlugin
2024-10-09 13:49:51,580 [INFO] PluginManager:220 - loadIPPluginJar : add hash
2024-10-09 13:49:51,581 [INFO] IPUIPlugin:80 - create IPUIPlugin
2024-10-09 13:49:51,581 [INFO] PluginManager:220 - loadIPPluginJar : add tim
2024-10-09 13:49:51,581 [INFO] IPUIPlugin:80 - create IPUIPlugin
2024-10-09 13:49:51,581 [INFO] PluginManager:220 - loadIPPluginJar : add tsc
2024-10-09 13:49:51,583 [INFO] IPUIPlugin:80 - create IPUIPlugin
2024-10-09 13:49:51,583 [INFO] PluginManager:220 - loadIPPluginJar : add extmemmanager
2024-10-09 13:49:51,585 [INFO] IPUIPlugin:80 - create IPUIPlugin
2024-10-09 13:49:51,585 [INFO] PluginManager:220 - loadIPPluginJar : add ts
2024-10-09 13:49:51,586 [INFO] IPUIPlugin:80 - create IPUIPlugin
2024-10-09 13:49:51,586 [INFO] PluginManager:220 - loadIPPluginJar : add radio
2024-10-09 13:49:51,588 [INFO] IPUIPlugin:80 - create IPUIPlugin
2024-10-09 13:49:51,588 [INFO] PluginManager:220 - loadIPPluginJar : add can
2024-10-09 13:49:51,590 [INFO] IPUIPlugin:80 - create IPUIPlugin
2024-10-09 13:49:51,590 [INFO] PluginManager:220 - loadIPPluginJar : add dma3
2024-10-09 13:49:51,593 [INFO] IPUIPlugin:80 - create IPUIPlugin
2024-10-09 13:49:51,593 [INFO] PluginManager:220 - loadIPPluginJar : add dfsdm
2024-10-09 13:49:51,594 [INFO] IPUIPlugin:80 - create IPUIPlugin
2024-10-09 13:49:51,594 [INFO] PluginManager:220 - loadIPPluginJar : add spi
2024-10-09 13:49:51,595 [INFO] IPUIPlugin:80 - create IPUIPlugin
2024-10-09 13:49:51,596 [INFO] PluginManager:220 - loadIPPluginJar : add gfxmmu
2024-10-09 13:49:51,596 [INFO] IPUIPlugin:80 - create IPUIPlugin
2024-10-09 13:49:51,596 [INFO] PluginManager:220 - loadIPPluginJar : add genericplugin
2024-10-09 13:49:51,597 [INFO] IPUIPlugin:80 - create IPUIPlugin
2024-10-09 13:49:51,597 [INFO] PluginManager:220 - loadIPPluginJar : add cryp
2024-10-09 13:49:51,599 [INFO] IPUIPlugin:80 - create IPUIPlugin
2024-10-09 13:49:51,599 [INFO] PluginManager:220 - loadIPPluginJar : add gpio
2024-10-09 13:49:51,601 [INFO] IPUIPlugin:80 - create IPUIPlugin
2024-10-09 13:49:51,601 [INFO] PluginManager:220 - loadIPPluginJar : add ddr_ctrl_phy
2024-10-09 13:49:51,602 [INFO] IPUIPlugin:80 - create IPUIPlugin
2024-10-09 13:49:51,604 [INFO] PluginManager:220 - loadIPPluginJar : add comp
2024-10-09 13:49:51,605 [INFO] IPUIPlugin:80 - create IPUIPlugin
2024-10-09 13:49:51,605 [INFO] PluginManager:220 - loadIPPluginJar : add tracer_emb
2024-10-09 13:49:51,607 [INFO] IPUIPlugin:80 - create IPUIPlugin
2024-10-09 13:49:51,607 [INFO] PluginManager:220 - loadIPPluginJar : add openamp
2024-10-09 13:49:51,609 [INFO] IPUIPlugin:80 - create IPUIPlugin
2024-10-09 13:49:51,609 [INFO] PluginManager:220 - loadIPPluginJar : add stm32_wpan
2024-10-09 13:49:51,612 [INFO] IPUIPlugin:80 - create IPUIPlugin
2024-10-09 13:49:51,614 [INFO] PluginManager:220 - loadIPPluginJar : add plateformsettings
2024-10-09 13:49:51,616 [INFO] IPUIPlugin:80 - create IPUIPlugin
2024-10-09 13:49:51,616 [INFO] PluginManager:220 - loadIPPluginJar : add ipddr
2024-10-09 13:49:51,618 [INFO] IPUIPlugin:80 - create IPUIPlugin
2024-10-09 13:49:51,618 [INFO] PluginManager:220 - loadIPPluginJar : add usart
2024-10-09 13:49:51,618 [INFO] IPUIPlugin:80 - create IPUIPlugin
2024-10-09 13:49:51,618 [INFO] PluginManager:220 - loadIPPluginJar : add ltdc
2024-10-09 13:49:51,620 [INFO] IPUIPlugin:80 - create IPUIPlugin
2024-10-09 13:49:51,621 [INFO] PluginManager:220 - loadIPPluginJar : add nvic
2024-10-09 13:49:51,621 [INFO] IPUIPlugin:80 - create IPUIPlugin
2024-10-09 13:49:51,622 [INFO] PluginManager:220 - loadIPPluginJar : add fatfs
2024-10-09 13:49:51,626 [INFO] IPUIPlugin:80 - create IPUIPlugin
2024-10-09 13:49:51,626 [INFO] PluginManager:220 - loadIPPluginJar : add linkedlist
2024-10-09 13:49:51,628 [INFO] IPUIPlugin:80 - create IPUIPlugin
2024-10-09 13:49:51,629 [INFO] PluginManager:220 - loadIPPluginJar : add dma
2024-10-09 13:49:51,631 [INFO] IPUIPlugin:80 - create IPUIPlugin
2024-10-09 13:49:51,631 [INFO] PluginManager:220 - loadIPPluginJar : add fmc
2024-10-09 13:49:51,632 [INFO] IPUIPlugin:80 - create IPUIPlugin
2024-10-09 13:49:51,633 [INFO] PluginManager:220 - loadIPPluginJar : add i2s
2024-10-09 13:49:51,634 [INFO] IPUIPlugin:80 - create IPUIPlugin
2024-10-09 13:49:51,634 [INFO] PluginManager:220 - loadIPPluginJar : add ucpd
2024-10-09 13:49:51,635 [INFO] IPUIPlugin:80 - create IPUIPlugin
2024-10-09 13:49:51,635 [INFO] PluginManager:220 - loadIPPluginJar : add lorawan
2024-10-09 13:49:51,636 [INFO] IPUIPlugin:80 - create IPUIPlugin
2024-10-09 13:49:51,636 [INFO] PluginManager:220 - loadIPPluginJar : add opamp
2024-10-09 13:49:51,637 [INFO] IPUIPlugin:80 - create IPUIPlugin
2024-10-09 13:49:51,637 [INFO] PluginManager:220 - loadIPPluginJar : add i3c
2024-10-09 13:49:51,639 [INFO] IPUIPlugin:80 - create IPUIPlugin
2024-10-09 13:49:51,639 [INFO] PluginManager:220 - loadIPPluginJar : add touchsensing
2024-10-09 13:49:51,640 [INFO] IPUIPlugin:80 - create IPUIPlugin
2024-10-09 13:49:51,640 [INFO] PluginManager:220 - loadIPPluginJar : add i2c
2024-10-09 13:49:51,643 [INFO] IPUIPlugin:80 - create IPUIPlugin
2024-10-09 13:49:51,643 [INFO] PluginManager:220 - loadIPPluginJar : add resmgrutility
2024-10-09 13:49:51,645 [INFO] IPUIPlugin:80 - create IPUIPlugin
2024-10-09 13:49:51,645 [INFO] PluginManager:220 - loadIPPluginJar : add sai
2024-10-09 13:49:51,646 [INFO] IPUIPlugin:80 - create IPUIPlugin
2024-10-09 13:49:51,647 [INFO] PluginManager:220 - loadIPPluginJar : add usbx
2024-10-09 13:49:51,761 [INFO] CADModel:165 - CPN selected for project level
2024-10-09 13:49:51,761 [INFO] CADModel:114 - Register for checkConnection events
2024-10-09 13:49:51,762 [FATAL] Updater:334 - Updater called before beeing initialized
2024-10-09 13:49:51,762 [ERROR] CADModel:125 - Updater not yet initialized, retry later 
2024-10-09 13:49:51,984 [INFO] CADModel:165 - CPN selected for project level
2024-10-09 13:49:51,984 [INFO] CADModel:114 - Register for checkConnection events
2024-10-09 13:49:51,984 [FATAL] Updater:334 - Updater called before beeing initialized
2024-10-09 13:49:51,984 [ERROR] CADModel:125 - Updater not yet initialized, retry later 
2024-10-09 13:49:51,986 [FATAL] Updater:334 - Updater called before beeing initialized
2024-10-09 13:49:52,151 [FATAL] Updater:334 - Updater called before beeing initialized
2024-10-09 13:49:52,155 [INFO] DbMcusAds:53 - JSON generation date=Thu May 16 03:22:00 MDT 2024 (1715851320667)
2024-10-09 13:49:52,156 [FATAL] Updater:334 - Updater called before beeing initialized
2024-10-09 13:49:52,465 [WARN] DetailPanel:346 - Failed to get advertising image, set to default
2024-10-09 13:49:52,526 [FATAL] Updater:334 - Updater called before beeing initialized
2024-10-09 13:49:52,527 [FATAL] Updater:334 - Updater called before beeing initialized
2024-10-09 13:49:52,527 [FATAL] Updater:334 - Updater called before beeing initialized
2024-10-09 13:49:52,527 [WARN] DetailPanel:346 - Failed to get advertising image, set to default
2024-10-09 13:49:52,528 [FATAL] Updater:334 - Updater called before beeing initialized
2024-10-09 13:49:52,585 [ERROR] Updater:1164 - MainUpdater not yet initialized. External WinMGr cannot be set.
2024-10-09 13:49:52,590 [INFO] Updater:1100 - Updater Version found : 6.12.0
2024-10-09 13:49:52,600 [INFO] ApplicationProperties:184 - Using Application install path: /Applications/STM32CubeIDE.app/Contents/Eclipse/plugins/com.st.stm32cube.common.mx_6.12.0.202406281431
2024-10-09 13:49:52,895 [INFO] MainUpdater:2873 - connection check result : 10
2024-10-09 13:49:52,895 [INFO] MainUpdater:290 - Updater Check For Update Now.
2024-10-09 13:49:52,896 [INFO] MicroXplorer:498 - Change Database Version : DB.6.0.120
2024-10-09 13:49:52,903 [INFO] McuFinderGlobals:63 - Set McuFinder mode to 2 (CubeIDE integrated)
2024-10-09 13:49:52,906 [INFO] UserAuth:417 - Internet connection configuration mode: 1
2024-10-09 13:49:52,919 [INFO] JxBrowserEngine:152 - Initiate JxBrowser Engine with user profile folder
2024-10-09 13:49:53,157 [INFO] CheckServerUpdateThread:120 - End of CheckServer Thread
2024-10-09 13:49:54,282 [WARN] PackLoader:240 - Cannot read IP mode file for STMicroelectronics.FP-SNS-MOTENVWB1.1.4.0
2024-10-09 13:49:54,308 [WARN] PackLoader:240 - Cannot read IP mode file for STMicroelectronics.X-CUBE-SMBUS.2.1.0
2024-10-09 13:49:54,325 [WARN] PackLoader:240 - Cannot read IP mode file for STMicroelectronics.X-CUBE-WB05N.1.1.0
2024-10-09 13:49:54,334 [WARN] PackLoader:240 - Cannot read IP mode file for STMicroelectronics.X-CUBE-TOUCHGFX.4.23.0
2024-10-09 13:49:54,338 [WARN] PackLoader:240 - Cannot read IP mode file for STMicroelectronics.X-CUBE-TOUCHGFX.4.23.2
2024-10-09 13:49:54,387 [WARN] PackLoader:240 - Cannot read IP mode file for STMicroelectronics.X-CUBE-AZRTOS-F7.1.1.0
2024-10-09 13:49:54,417 [WARN] PackLoader:240 - Cannot read IP mode file for STMicroelectronics.FP-SNS-MOTENV1.4.3.2
2024-10-09 13:49:54,630 [WARN] PackLoader:240 - Cannot read IP mode file for STMicroelectronics.X-CUBE-MEMS1.11.0.0
2024-10-09 13:49:54,897 [WARN] PackLoader:240 - Cannot read IP mode file for STMicroelectronics.FP-SNS-FLIGHT1.5.0.2
2024-10-09 13:49:54,927 [WARN] PackLoader:240 - Cannot read IP mode file for STMicroelectronics.X-CUBE-DISPLAY.3.0.0
2024-10-09 13:49:54,956 [WARN] PackLoader:240 - Cannot read IP mode file for STMicroelectronics.X-CUBE-BLE1.7.0.0
2024-10-09 13:49:54,971 [WARN] PackLoader:240 - Cannot read IP mode file for STMicroelectronics.X-CUBE-NFC10.1.0.0
2024-10-09 13:49:54,982 [WARN] PackLoader:240 - Cannot read IP mode file for emotas.I-CUBE-CANOPEN.1.3.0
2024-10-09 13:49:55,002 [WARN] PackLoader:240 - Cannot read IP mode file for STMicroelectronics.X-CUBE-BLEMGR.3.1.0
2024-10-09 13:49:55,016 [WARN] PackLoader:240 - Cannot read IP mode file for STMicroelectronics.FP-SNS-SMARTAG2.1.2.0
2024-10-09 13:49:55,028 [INFO] LogOutputStream:77 - [STDOUT_REDIRECT] 1 : Invalid condition id : UX_CORESTACK_Condition cause : null
2024-10-09 13:49:55,031 [INFO] LogOutputStream:77 - [STDOUT_REDIRECT] 1 : Invalid condition id : UX_CORESTACK_Condition cause : null
2024-10-09 13:49:55,032 [INFO] LogOutputStream:77 - [STDOUT_REDIRECT] 1 : Invalid condition id : UX_CORESTACK_Condition cause : null
2024-10-09 13:49:55,032 [INFO] LogOutputStream:77 - [STDOUT_REDIRECT] 1 : Invalid condition id : UX_CORESTACK_Condition cause : null
2024-10-09 13:49:55,032 [INFO] LogOutputStream:77 - [STDOUT_REDIRECT] 1 : Invalid condition id : UX_CORESTACK_Condition cause : null
2024-10-09 13:49:55,037 [WARN] PackLoader:240 - Cannot read IP mode file for STMicroelectronics.X-CUBE-AZRTOS-WL.2.0.0
2024-10-09 13:49:55,048 [WARN] PackLoader:240 - Cannot read IP mode file for STMicroelectronics.FP-SNS-MOTENV1.5.0.0
2024-10-09 13:49:55,057 [WARN] PackLoader:240 - Cannot read IP mode file for wolfSSL.I-CUBE-wolfMQTT.1.19.0
2024-10-09 13:49:55,071 [WARN] PackLoader:240 - Cannot read IP mode file for WES.I-CUBE-Cesium.1.3.0
2024-10-09 13:49:55,076 [WARN] PackLoader:240 - Cannot read IP mode file for STMicroelectronics.X-CUBE-BLE2.3.3.0
2024-10-09 13:49:55,084 [WARN] PackLoader:240 - Cannot read IP mode file for STMicroelectronics.X-CUBE-NFC9.1.0.0
2024-10-09 13:49:55,091 [WARN] PackLoader:240 - Cannot read IP mode file for STMicroelectronics.X-CUBE-TCPP.4.1.0
2024-10-09 13:49:55,100 [WARN] PackLoader:240 - Cannot read IP mode file for STMicroelectronics.X-CUBE-ALGOBUILD.1.3.0
2024-10-09 13:49:55,129 [WARN] PackLoader:240 - Cannot read IP mode file for STMicroelectronics.X-CUBE-AZRTOS-G0.1.1.0
2024-10-09 13:49:55,137 [WARN] PackLoader:240 - Cannot read IP mode file for STMicroelectronics.X-CUBE-SAFEA1.1.2.2
2024-10-09 13:49:55,148 [WARN] PackLoader:240 - Cannot read IP mode file for STMicroelectronics.X-CUBE-NFC4.3.0.0
2024-10-09 13:49:55,164 [WARN] PackLoader:240 - Cannot read IP mode file for EmbeddedOffice.I-CUBE-FS-RTOS.1.0.1
2024-10-09 13:49:55,166 [ERROR] ConditionMgr:805 - Attr not supported : Dmpu
2024-10-09 13:49:55,166 [ERROR] ConditionMgr:805 - Attr not supported : Dmpu
2024-10-09 13:49:55,167 [ERROR] ConditionMgr:805 - Attr not supported : Dmpu
2024-10-09 13:49:55,167 [ERROR] ConditionMgr:805 - Attr not supported : Dmpu
2024-10-09 13:49:55,167 [ERROR] ConditionMgr:805 - Attr not supported : Dmpu
2024-10-09 13:49:55,167 [ERROR] ConditionMgr:805 - Attr not supported : Dmpu
2024-10-09 13:49:55,167 [ERROR] ConditionMgr:805 - Attr not supported : Dmpu
2024-10-09 13:49:55,167 [ERROR] ConditionMgr:805 - Attr not supported : Dmpu
2024-10-09 13:49:55,167 [ERROR] ConditionMgr:805 - Attr not supported : Dmpu
2024-10-09 13:49:55,167 [ERROR] ConditionMgr:805 - Attr not supported : Dmpu
2024-10-09 13:49:55,167 [ERROR] ConditionMgr:805 - Attr not supported : Dmpu
2024-10-09 13:49:55,167 [ERROR] ConditionMgr:805 - Attr not supported : Dmpu
2024-10-09 13:49:55,167 [ERROR] ConditionMgr:805 - Attr not supported : Dmpu
2024-10-09 13:49:55,167 [ERROR] ConditionMgr:805 - Attr not supported : Dmpu
2024-10-09 13:49:55,167 [ERROR] ConditionMgr:805 - Attr not supported : Dmpu
2024-10-09 13:49:55,167 [ERROR] ConditionMgr:805 - Attr not supported : Dmpu
2024-10-09 13:49:55,167 [ERROR] ConditionMgr:805 - Attr not supported : Dmpu
2024-10-09 13:49:55,167 [ERROR] ConditionMgr:805 - Attr not supported : Dmpu
2024-10-09 13:49:55,167 [ERROR] ConditionMgr:805 - Attr not supported : Dmpu
2024-10-09 13:49:55,167 [ERROR] ConditionMgr:805 - Attr not supported : Dmpu
2024-10-09 13:49:55,167 [ERROR] ConditionMgr:805 - Attr not supported : Dmpu
2024-10-09 13:49:55,168 [ERROR] ConditionMgr:805 - Attr not supported : Dmpu
2024-10-09 13:49:55,168 [ERROR] ConditionMgr:805 - Attr not supported : Dmpu
2024-10-09 13:49:55,168 [ERROR] ConditionMgr:805 - Attr not supported : Dmpu
2024-10-09 13:49:55,168 [ERROR] ConditionMgr:805 - Attr not supported : Dmpu
2024-10-09 13:49:55,168 [ERROR] ConditionMgr:805 - Attr not supported : Dmpu
2024-10-09 13:49:55,168 [ERROR] ConditionMgr:805 - Attr not supported : Dmpu
2024-10-09 13:49:55,168 [ERROR] ConditionMgr:805 - Attr not supported : Dmpu
2024-10-09 13:49:55,168 [ERROR] ConditionMgr:805 - Attr not supported : Dmpu
2024-10-09 13:49:55,168 [ERROR] ConditionMgr:805 - Attr not supported : Dmpu
2024-10-09 13:49:55,169 [ERROR] ConditionMgr:805 - Attr not supported : Dmpu
2024-10-09 13:49:55,169 [ERROR] ConditionMgr:805 - Attr not supported : Dmpu
2024-10-09 13:49:55,169 [ERROR] ConditionMgr:805 - Attr not supported : Dmpu
2024-10-09 13:49:55,169 [ERROR] ConditionMgr:805 - Attr not supported : Dmpu
2024-10-09 13:49:55,169 [ERROR] ConditionMgr:805 - Attr not supported : Dmpu
2024-10-09 13:49:55,169 [ERROR] ConditionMgr:805 - Attr not supported : Dmpu
2024-10-09 13:49:55,169 [ERROR] ConditionMgr:805 - Attr not supported : Dmpu
2024-10-09 13:49:55,170 [ERROR] ConditionMgr:805 - Attr not supported : Dmpu
2024-10-09 13:49:55,170 [ERROR] ConditionMgr:805 - Attr not supported : Dmpu
2024-10-09 13:49:55,170 [ERROR] ConditionMgr:805 - Attr not supported : Dmpu
2024-10-09 13:49:55,170 [ERROR] ConditionMgr:805 - Attr not supported : Dmpu
2024-10-09 13:49:55,170 [ERROR] ConditionMgr:805 - Attr not supported : Dmpu
2024-10-09 13:49:55,170 [ERROR] ConditionMgr:805 - Attr not supported : Dmpu
2024-10-09 13:49:55,170 [ERROR] ConditionMgr:805 - Attr not supported : Dmpu
2024-10-09 13:49:55,170 [ERROR] ConditionMgr:805 - Attr not supported : Dmpu
2024-10-09 13:49:55,170 [ERROR] ConditionMgr:805 - Attr not supported : Dmpu
2024-10-09 13:49:55,170 [ERROR] ConditionMgr:805 - Attr not supported : Dmpu
2024-10-09 13:49:55,170 [ERROR] ConditionMgr:805 - Attr not supported : Dmpu
2024-10-09 13:49:55,170 [ERROR] ConditionMgr:805 - Attr not supported : Dmpu
2024-10-09 13:49:55,170 [ERROR] ConditionMgr:805 - Attr not supported : Dmpu
2024-10-09 13:49:55,170 [ERROR] ConditionMgr:805 - Attr not supported : Dmpu
2024-10-09 13:49:55,170 [ERROR] ConditionMgr:805 - Attr not supported : Dmpu
2024-10-09 13:49:55,170 [ERROR] ConditionMgr:805 - Attr not supported : Dmpu
2024-10-09 13:49:55,170 [ERROR] ConditionMgr:805 - Attr not supported : Dmpu
2024-10-09 13:49:55,170 [ERROR] ConditionMgr:805 - Attr not supported : Dmpu
2024-10-09 13:49:55,170 [ERROR] ConditionMgr:805 - Attr not supported : Dmpu
2024-10-09 13:49:55,170 [ERROR] ConditionMgr:805 - Attr not supported : Dmpu
2024-10-09 13:49:55,170 [ERROR] ConditionMgr:805 - Attr not supported : Dmpu
2024-10-09 13:49:55,170 [ERROR] ConditionMgr:805 - Attr not supported : Dmpu
2024-10-09 13:49:55,170 [ERROR] ConditionMgr:805 - Attr not supported : Dmpu
2024-10-09 13:49:55,170 [ERROR] ConditionMgr:805 - Attr not supported : Dmpu
2024-10-09 13:49:55,170 [ERROR] ConditionMgr:805 - Attr not supported : Dmpu
2024-10-09 13:49:55,170 [ERROR] ConditionMgr:805 - Attr not supported : Dmpu
2024-10-09 13:49:55,170 [ERROR] ConditionMgr:805 - Attr not supported : Dmpu
2024-10-09 13:49:55,182 [WARN] PackLoader:240 - Cannot read IP mode file for STMicroelectronics.X-CUBE-BLEMGR.3.0.0
2024-10-09 13:49:55,189 [WARN] PackLoader:240 - Cannot read IP mode file for RealThread.X-CUBE-RT-Thread_Nano.4.1.1
2024-10-09 13:49:55,194 [WARN] PackLoader:240 - Cannot read IP mode file for STMicroelectronics.FP-ATR-SIGFOX1.3.2.0
2024-10-09 13:49:55,198 [WARN] PackLoader:240 - Cannot read IP mode file for STMicroelectronics.X-CUBE-EEPRMA1.5.1.0
2024-10-09 13:49:55,252 [WARN] PackLoader:240 - Cannot read IP mode file for SEGGER.I-CUBE-embOS.1.3.1
2024-10-09 13:49:55,384 [WARN] PackLoader:240 - Cannot read IP mode file for STMicroelectronics.X-CUBE-ALGOBUILD.1.4.0
2024-10-09 13:49:55,401 [WARN] PackLoader:240 - Cannot read IP mode file for STMicroelectronics.X-CUBE-AI.9.1.0
2024-10-09 13:49:55,408 [WARN] PackLoader:240 - Cannot read IP mode file for STMicroelectronics.X-CUBE-GNSS1.6.0.0
2024-10-09 13:49:55,426 [WARN] PackLoader:240 - Cannot read IP mode file for STMicroelectronics.X-CUBE-AZRTOS-F4.1.1.0
2024-10-09 13:49:55,434 [WARN] PackLoader:240 - Cannot read IP mode file for STMicroelectronics.X-CUBE-ISPU.2.1.0
2024-10-09 13:49:55,451 [WARN] PackLoader:240 - Cannot read IP mode file for STMicroelectronics.X-CUBE-FREERTOS.1.2.0
2024-10-09 13:49:55,455 [WARN] PackLoader:240 - Cannot read IP mode file for wolfSSL.I-CUBE-wolfSSL.5.6.6
2024-10-09 13:49:55,480 [WARN] PackLoader:240 - Cannot read IP mode file for STMicroelectronics.X-CUBE-AZRTOS-L5.2.0.0
2024-10-09 13:49:55,495 [WARN] PackLoader:240 - Cannot read IP mode file for STMicroelectronics.X-CUBE-EEPRMA1.4.2.0
2024-10-09 13:49:55,504 [WARN] PackLoader:240 - Cannot read IP mode file for STMicroelectronics.X-CUBE-NFC6.3.1.0
2024-10-09 13:49:55,519 [WARN] PackLoader:240 - Cannot read IP mode file for ITTIA_DB.I-CUBE-ITTIADB.8.8.0
2024-10-09 13:49:55,526 [WARN] PackLoader:240 - Cannot read IP mode file for STMicroelectronics.X-CUBE-DPower.1.2.0
2024-10-09 13:49:55,545 [WARN] PackLoader:240 - Cannot read IP mode file for STMicroelectronics.X-CUBE-AI.9.0.0
2024-10-09 13:49:55,556 [WARN] PackLoader:240 - Cannot read IP mode file for STMicroelectronics.X-CUBE-NFC7.1.0.1
2024-10-09 13:49:55,567 [WARN] PackLoader:240 - Cannot read IP mode file for STMicroelectronics.X-CUBE-NFC6.3.0.0
2024-10-09 13:49:55,573 [WARN] PackLoader:240 - Cannot read IP mode file for STMicroelectronics.X-CUBE-AI.8.1.0
2024-10-09 13:49:55,601 [WARN] ConditionMgr:438 - getConditionDescription Invalid condition id : LAN8742 Phy interface Condition cause : null
2024-10-09 13:49:55,602 [WARN] PackLoader:240 - Cannot read IP mode file for STMicroelectronics.X-CUBE-AZRTOS-L4.2.0.0
2024-10-09 13:49:55,604 [WARN] ConditionMgr:1039 - genDependencies : Invalid condition id : LAN8742 Phy interface Condition cause : null
2024-10-09 13:49:55,605 [WARN] ConditionMgr:1039 - genDependencies : Invalid condition id : LAN8742 Phy interface Condition cause : null
2024-10-09 13:49:55,606 [WARN] ConditionMgr:1039 - genDependencies : Invalid condition id : LAN8742 Phy interface Condition cause : null
2024-10-09 13:49:55,616 [WARN] PackLoader:240 - Cannot read IP mode file for STMicroelectronics.X-CUBE-SFXS2LP1.4.0.0
2024-10-09 13:49:55,647 [WARN] PackLoader:240 - Cannot read IP mode file for STMicroelectronics.X-CUBE-AZRTOS-H7.3.3.0
2024-10-09 13:49:55,664 [WARN] PackLoader:240 - Cannot read IP mode file for STMicroelectronics.X-CUBE-IPS.3.0.0
2024-10-09 13:49:55,681 [WARN] ConditionMgr:438 - getConditionDescription Invalid condition id : UX DEVICE CLASS RTOS Condition cause : null
2024-10-09 13:49:55,682 [WARN] ConditionMgr:438 - getConditionDescription Invalid condition id : UX DEVICE CLASS RTOS Condition cause : null
2024-10-09 13:49:55,685 [WARN] PackLoader:240 - Cannot read IP mode file for STMicroelectronics.X-CUBE-AZRTOS-WB.2.0.0
2024-10-09 13:49:55,686 [WARN] ConditionMgr:1039 - genDependencies : Invalid condition id : UX DEVICE CLASS RTOS Condition cause : null
2024-10-09 13:49:55,686 [WARN] ConditionMgr:1039 - genDependencies : Invalid condition id : UX DEVICE CLASS RTOS Condition cause : null
2024-10-09 13:49:55,687 [WARN] ConditionMgr:1039 - genDependencies : Invalid condition id : UX DEVICE CLASS RTOS Condition cause : null
2024-10-09 13:49:55,687 [WARN] ConditionMgr:1039 - genDependencies : Invalid condition id : UX DEVICE CLASS RTOS Condition cause : null
2024-10-09 13:49:55,687 [WARN] ConditionMgr:1039 - genDependencies : Invalid condition id : UX DEVICE CLASS RTOS Condition cause : null
2024-10-09 13:49:55,695 [WARN] PackLoader:240 - Cannot read IP mode file for STMicroelectronics.X-CUBE-GNSS1.7.0.0
2024-10-09 13:49:55,701 [WARN] PackLoader:240 - Cannot read IP mode file for STMicroelectronics.FP-SNS-STBOX1.2.0.0
2024-10-09 13:49:55,713 [WARN] PackLoader:240 - Cannot read IP mode file for STMicroelectronics.X-CUBE-SUBG2.5.0.0
2024-10-09 13:49:55,721 [WARN] PackLoader:240 - Cannot read IP mode file for Cesanta.I-CUBE-Mongoose.7.13.0
2024-10-09 13:49:55,734 [WARN] PackLoader:240 - Cannot read IP mode file for STMicroelectronics.X-CUBE-AZRTOS-G4.2.0.0
2024-10-09 13:49:55,761 [WARN] PackLoader:240 - Cannot read IP mode file for Infineon.AIROC-Wi-Fi-Bluetooth-STM32.1.5.1
2024-10-09 13:49:55,777 [WARN] PackLoader:240 - Cannot read IP mode file for STMicroelectronics.FP-SNS-MOTENVWB1.1.3.1
2024-10-09 13:49:55,780 [WARN] PackLoader:240 - Cannot read IP mode file for STMicroelectronics.X-CUBE-ISPU.2.0.0
2024-10-09 13:49:55,783 [WARN] PackLoader:240 - Cannot read IP mode file for STMicroelectronics.X-CUBE-ALS.1.0.2
2024-10-09 13:49:55,838 [WARN] PackLoader:240 - Cannot read IP mode file for STMicroelectronics.X-CUBE-MEMS1.10.0.0
2024-10-09 13:49:55,925 [WARN] PackLoader:240 - Cannot read IP mode file for STMicroelectronics.X-CUBE-FREERTOS.1.1.0
2024-10-09 13:49:55,934 [WARN] PackLoader:240 - Cannot read IP mode file for STMicroelectronics.X-CUBE-TOUCHGFX.4.24.0
2024-10-09 13:49:55,937 [WARN] PackLoader:240 - Cannot read IP mode file for STMicroelectronics.X-CUBE-TOUCHGFX.4.24.1
2024-10-09 13:49:55,939 [WARN] PackLoader:240 - Cannot read IP mode file for wolfSSL.I-CUBE-wolfTPM.3.4.0
2024-10-09 13:49:55,946 [WARN] PackLoader:240 - Cannot read IP mode file for portGmbH.I-Cube-SoM-uGOAL.1.1.0
2024-10-09 13:49:55,952 [WARN] PackLoader:240 - Cannot read IP mode file for STMicroelectronics.X-CUBE-ALS.1.0.1
2024-10-09 13:49:55,974 [WARN] PackLoader:240 - Cannot read IP mode file for STMicroelectronics.X-CUBE-AZRTOS-H7RS.1.0.0
2024-10-09 13:49:55,981 [WARN] PackLoader:240 - Cannot read IP mode file for STMicroelectronics.FP-ATR-ASTRA1.2.0.0
2024-10-09 13:49:55,992 [WARN] PackLoader:240 - Cannot read IP mode file for STMicroelectronics.X-CUBE-TOF1.3.4.2
2024-10-09 13:49:56,011 [WARN] PackLoader:240 - Cannot read IP mode file for STMicroelectronics.X-CUBE-TOF1.3.4.0
2024-10-09 13:49:56,038 [WARN] PackLoader:240 - Cannot read IP mode file for STMicroelectronics.X-CUBE-TOF1.3.4.1
2024-10-09 13:49:56,067 [WARN] PackLoader:240 - Cannot read IP mode file for STMicroelectronics.X-CUBE-AZRTOS-H7.3.2.0
2024-10-09 13:49:56,073 [WARN] PackLoader:240 - Cannot read IP mode file for wolfSSL.I-CUBE-wolfSSH.1.4.17
2024-10-09 13:49:56,080 [INFO] ThirdParty:978 - Integrity check success = true
2024-10-09 13:49:56,080 [INFO] IntegrityCheckThread:100 - exiting critical section [integrity check]
2024-10-09 13:49:56,080 [INFO] IntegrityCheckThread:103 - End integrity checks thread
2024-10-09 13:50:01,643 [INFO] WebApp:167 - Instantiating new browser for Auth
2024-10-09 13:50:03,119 [INFO] WebApp:448 - Apply proxy settings
2024-10-09 13:50:03,129 [INFO] WebApp:493 - Chromium authenticates against Manually configured proxy
2024-10-09 13:50:03,149 [INFO] WebApp:501 - Username used for proxy authentication: 
2024-10-09 13:50:03,208 [INFO] WebApp:869 - Register for checkConnection events
2024-10-09 13:50:03,208 [INFO] WebApp:448 - Apply proxy settings
2024-10-09 13:50:03,210 [INFO] WebApp:493 - Chromium authenticates against Manually configured proxy
2024-10-09 13:50:03,211 [INFO] WebApp:501 - Username used for proxy authentication: 
2024-10-09 13:50:03,333 [INFO] WebApp:220 - Starting web application
2024-10-09 13:50:03,333 [INFO] WebApp:578 - Web application path used /Applications/STM32CubeIDE.app/Contents/Eclipse/plugins/com.st.stm32cube.common.mx_6.12.0.202406281431/db/plugins/mcufinder/reactClient1/index.html
2024-10-09 13:50:03,820 [INFO] WebApp:186 - Connection restablished
2024-10-09 13:50:03,851 [INFO] UserAuth:417 - Internet connection configuration mode: 1
