2024-10-08 12:57:06,012 [INFO] Activator:176 - 


2024-10-08 12:57:06,016 [INFO] Activator:177 - !SESSION log4j initialized
2024-10-08 12:57:10,476 [INFO] LogOutputStream:77 - [STDOUT_REDIRECT] 
2024-10-08 12:57:11,401 [ERROR] LogOutputStream:75 - [STDERR_REDIRECT] 
2024-10-08 12:57:13,054 [INFO] LogOutputStream:77 - [STDOUT_REDIRECT] 
2024-10-08 12:57:13,517 [ERROR] LogOutputStream:75 - [STDERR_REDIRECT] java.net.URISyntaxException: Illegal character in path at index 44: file:/Users/joelrsilva/Documents/School/2024 - FALL/ECEN 2370/.metadata/.log4j2.xml
2024-10-08 12:57:13,518 [ERROR] LogOutputStream:75 - [STDERR_REDIRECT] 	at java.base/java.net.URI$Parser.fail(URI.java:2976)
2024-10-08 12:57:13,518 [ERROR] LogOutputStream:75 - [STDERR_REDIRECT] 	at java.base/java.net.URI$Parser.checkChars(URI.java:3147)
2024-10-08 12:57:13,518 [ERROR] LogOutputStream:75 - [STDERR_REDIRECT] 	at java.base/java.net.URI$Parser.parseHierarchical(URI.java:3229)
2024-10-08 12:57:13,519 [ERROR] LogOutputStream:75 - [STDERR_REDIRECT] 	at java.base/java.net.URI$Parser.parse(URI.java:3177)
2024-10-08 12:57:13,520 [ERROR] LogOutputStream:75 - [STDERR_REDIRECT] 	at java.base/java.net.URI.<init>(URI.java:623)
2024-10-08 12:57:13,521 [ERROR] LogOutputStream:75 - [STDERR_REDIRECT] 	at java.base/java.net.URL.toURI(URL.java:1056)
2024-10-08 12:57:13,521 [ERROR] LogOutputStream:75 - [STDERR_REDIRECT] 	at com.st.stm32cube.common.mx.core.CubeMxInstance.getInstance(CubeMxInstance.java:81)
2024-10-08 12:57:13,521 [ERROR] LogOutputStream:75 - [STDERR_REDIRECT] 	at com.st.stm32cube.common.mx.userauth.UserAuthAdapter.<init>(UserAuthAdapter.java:25)
2024-10-08 12:57:13,521 [ERROR] LogOutputStream:75 - [STDERR_REDIRECT] 	at com.st.stm32cube.common.mx.userauth.UserAuthProvider.getUserAuthAdapter(UserAuthProvider.java:16)
2024-10-08 12:57:13,522 [ERROR] LogOutputStream:75 - [STDERR_REDIRECT] 	at com.st.stm32cube.common.ecosystemintegration.ui.core.MCUEcoSystemIntegrationUiHelper.getUserAuth(MCUEcoSystemIntegrationUiHelper.java:100)
2024-10-08 12:57:13,522 [ERROR] LogOutputStream:75 - [STDERR_REDIRECT] 	at com.st.stm32cube.ide.mcu.userauth.UserAuthStartup.earlyStartup(UserAuthStartup.java:41)
2024-10-08 12:57:13,522 [ERROR] LogOutputStream:75 - [STDERR_REDIRECT] 	at org.eclipse.ui.internal.EarlyStartupRunnable.runEarlyStartup(EarlyStartupRunnable.java:79)
2024-10-08 12:57:13,522 [ERROR] LogOutputStream:75 - [STDERR_REDIRECT] 	at org.eclipse.ui.internal.EarlyStartupRunnable.run(EarlyStartupRunnable.java:55)
2024-10-08 12:57:13,522 [ERROR] LogOutputStream:75 - [STDERR_REDIRECT] 	at org.eclipse.core.runtime.SafeRunner.run(SafeRunner.java:47)
2024-10-08 12:57:13,522 [ERROR] LogOutputStream:75 - [STDERR_REDIRECT] 	at org.eclipse.ui.internal.Workbench$39.run(Workbench.java:2762)
2024-10-08 12:57:13,522 [ERROR] LogOutputStream:75 - [STDERR_REDIRECT] 	at org.eclipse.core.internal.jobs.Worker.run(Worker.java:63)
2024-10-08 12:57:13,653 [INFO] ApplicationProperties:184 - Using Application install path: /Applications/STM32CubeIDE.app/Contents/Eclipse/plugins/com.st.stm32cube.common.mx_6.12.0.202406281431
2024-10-08 12:57:13,665 [INFO] DbMcusXml:78 - Set database path to: /Applications/STM32CubeIDE.app/Contents/Eclipse/plugins/com.st.stm32cube.common.mx_6.12.0.202406281431//db//mcu/
2024-10-08 12:57:13,665 [INFO] ApiDb:274 - Set plugin database path to: /Applications/STM32CubeIDE.app/Contents/Eclipse/plugins/com.st.stm32cube.common.mx_6.12.0.202406281431//db//plugins/boardmanager/
2024-10-08 12:57:13,665 [WARN] ApiDb:259 - Overriding images path with different value:  => /Applications/STM32CubeIDE.app/Contents/Eclipse/plugins/com.st.stm32cube.common.mx_6.12.0.202406281431//db//plugins/mcufinder/images/
2024-10-08 12:57:13,672 [INFO] ApiDb:250 - Set database path to: /Users/joelrsilva/.stmcufinder/plugins/mcufinder//mcu/
2024-10-08 12:57:13,673 [INFO] DbMcusAds:125 - Set database path to: /Users/joelrsilva/.stmcufinder/plugins/mcufinder//mcu/
2024-10-08 12:57:13,674 [INFO] CrossReferenceDbSqlite:203 - Set database path to: /Users/joelrsilva/.stmcufinder/plugins/mcufinder//mcu/cs/
2024-10-08 12:57:13,928 [INFO] RulesReader:64 - Compatibility file has been processed (297 Rules)
2024-10-08 12:57:13,992 [INFO] DbMcusXml:78 - Set database path to: /Applications/STM32CubeIDE.app/Contents/Eclipse/plugins/com.st.stm32cube.common.mx_6.12.0.202406281431//db//mcu/
2024-10-08 12:57:13,993 [INFO] ApiDb:274 - Set plugin database path to: /Applications/STM32CubeIDE.app/Contents/Eclipse/plugins/com.st.stm32cube.common.mx_6.12.0.202406281431//db//plugins/boardmanager/
2024-10-08 12:57:13,993 [INFO] ApiDb:261 - Set plugin images path to: /Applications/STM32CubeIDE.app/Contents/Eclipse/plugins/com.st.stm32cube.common.mx_6.12.0.202406281431//db//plugins/mcufinder/images/
2024-10-08 12:57:13,993 [WARN] DbFile:41 - Overriding database path with different value: /Users/joelrsilva/.stmcufinder/plugins/mcufinder/ => /Users/joelrsilva/.stmcufinder/plugins/mcufinder
2024-10-08 12:57:13,993 [INFO] ApiDb:250 - Set database path to: /Users/joelrsilva/.stmcufinder/plugins/mcufinder//mcu/
2024-10-08 12:57:13,993 [WARN] DbFile:41 - Overriding database path with different value: /Users/joelrsilva/.stmcufinder/plugins/mcufinder/ => /Users/joelrsilva/.stmcufinder/plugins/mcufinder
2024-10-08 12:57:13,993 [INFO] DbMcusAds:125 - Set database path to: /Users/joelrsilva/.stmcufinder/plugins/mcufinder//mcu/
2024-10-08 12:57:13,993 [WARN] DbFile:41 - Overriding database path with different value: /Users/joelrsilva/.stmcufinder/plugins/mcufinder/ => /Users/joelrsilva/.stmcufinder/plugins/mcufinder
2024-10-08 12:57:13,993 [WARN] DbFile:41 - Overriding database path with different value: /Users/joelrsilva/.stmcufinder/plugins/mcufinder/ => /Users/joelrsilva/.stmcufinder/plugins/mcufinder
2024-10-08 12:57:13,993 [INFO] CrossReferenceDbSqlite:203 - Set database path to: /Users/joelrsilva/.stmcufinder/plugins/mcufinder//mcu/cs/
2024-10-08 12:57:14,077 [INFO] MainPanel:268 - HeapMemory: 268435456
2024-10-08 12:57:14,597 [INFO] DbMcusXml:78 - Set database path to: /Applications/STM32CubeIDE.app/Contents/Eclipse/plugins/com.st.stm32cube.common.mx_6.12.0.202406281431//db//mcu/
2024-10-08 12:57:14,598 [INFO] ApiDb:274 - Set plugin database path to: /Applications/STM32CubeIDE.app/Contents/Eclipse/plugins/com.st.stm32cube.common.mx_6.12.0.202406281431//db//plugins/boardmanager/
2024-10-08 12:57:14,598 [INFO] ApiDb:261 - Set plugin images path to: /Applications/STM32CubeIDE.app/Contents/Eclipse/plugins/com.st.stm32cube.common.mx_6.12.0.202406281431//db//plugins/mcufinder/images/
2024-10-08 12:57:14,598 [WARN] DbFile:41 - Overriding database path with different value: /Users/joelrsilva/.stmcufinder/plugins/mcufinder/ => /Users/joelrsilva/.stmcufinder/plugins/mcufinder
2024-10-08 12:57:14,598 [INFO] ApiDb:250 - Set database path to: /Users/joelrsilva/.stmcufinder/plugins/mcufinder//mcu/
2024-10-08 12:57:14,598 [WARN] DbFile:41 - Overriding database path with different value: /Users/joelrsilva/.stmcufinder/plugins/mcufinder/ => /Users/joelrsilva/.stmcufinder/plugins/mcufinder
2024-10-08 12:57:14,598 [INFO] DbMcusAds:125 - Set database path to: /Users/joelrsilva/.stmcufinder/plugins/mcufinder//mcu/
2024-10-08 12:57:14,598 [WARN] DbFile:41 - Overriding database path with different value: /Users/joelrsilva/.stmcufinder/plugins/mcufinder/ => /Users/joelrsilva/.stmcufinder/plugins/mcufinder
2024-10-08 12:57:14,598 [WARN] DbFile:41 - Overriding database path with different value: /Users/joelrsilva/.stmcufinder/plugins/mcufinder/ => /Users/joelrsilva/.stmcufinder/plugins/mcufinder
2024-10-08 12:57:14,599 [INFO] CrossReferenceDbSqlite:203 - Set database path to: /Users/joelrsilva/.stmcufinder/plugins/mcufinder//mcu/cs/
2024-10-08 12:57:14,614 [INFO] ApplicationProperties:184 - Using Application install path: /Applications/STM32CubeIDE.app/Contents/Eclipse/plugins/com.st.stm32cube.common.mx_6.12.0.202406281431
2024-10-08 12:57:14,615 [INFO] PluginManage:196 - Search for loadable plugins [exclusion list=, ]
2024-10-08 12:57:14,616 [INFO] PluginManage:310 - Check plugin analytics
2024-10-08 12:57:14,795 [INFO] AnalyticsPlugin:253 - Accepted Software Licenses: 
2024-10-08 12:57:14,796 [INFO] AnalyticsPlugin:255 - Accepted CMSIS Pack Licenses: 
2024-10-08 12:57:14,796 [INFO] AnalyticsPlugin:257 - Accepted Firmware Licenses: FW.F4.1.28.0
2024-10-08 12:57:14,807 [INFO] PluginManage:359 - Loaded plugin analytics (category:tool,tabindex:-1)
2024-10-08 12:57:14,809 [INFO] PluginManage:310 - Check plugin cadmodel
2024-10-08 12:57:14,821 [INFO] CADModel:105 - Init CAD model plugin
2024-10-08 12:57:14,821 [INFO] PluginManage:359 - Loaded plugin cadmodel (category:power,tabindex:5)
2024-10-08 12:57:14,822 [INFO] PluginManage:310 - Check plugin clock
2024-10-08 12:57:14,829 [INFO] PluginManage:359 - Loaded plugin clock (category:base,tabindex:2)
2024-10-08 12:57:14,829 [INFO] PluginManage:310 - Check plugin ddr
2024-10-08 12:57:14,830 [INFO] PluginManage:359 - Loaded plugin ddr (category:tool,tabindex:6)
2024-10-08 12:57:14,830 [INFO] PluginManage:310 - Check plugin filemanager
2024-10-08 12:57:14,964 [INFO] PluginManage:359 - Loaded plugin filemanager (category:base,tabindex:10)
2024-10-08 12:57:14,965 [INFO] PluginManage:310 - Check plugin ipmanager
2024-10-08 12:57:14,972 [INFO] PluginManage:359 - Loaded plugin ipmanager (category:base,tabindex:5)
2024-10-08 12:57:14,972 [INFO] PluginManage:310 - Check plugin lpbam
2024-10-08 12:57:14,979 [INFO] PluginManage:359 - Loaded plugin lpbam (category:base,tabindex:0)
2024-10-08 12:57:14,979 [INFO] PluginManage:310 - Check plugin memorymap
2024-10-08 12:57:14,987 [INFO] PluginManage:359 - Loaded plugin memorymap (category:base,tabindex:4)
2024-10-08 12:57:14,987 [INFO] PluginManage:310 - Check plugin pinoutandconfiguration
2024-10-08 12:57:14,992 [INFO] PluginManage:359 - Loaded plugin pinoutandconfiguration (category:base,tabindex:1)
2024-10-08 12:57:14,992 [INFO] PluginManage:310 - Check plugin pinoutconfig
2024-10-08 12:57:15,059 [WARN] SupportedApi:132 - Cannot load RTOS API schema: s4s-elt-must-match.1: The content of 'definitions' must match (annotation?, (simpleType | complexType)?, (unique | key | keyref)*)). A problem was found starting at: attribute.
2024-10-08 12:57:15,188 [INFO] PluginManage:359 - Loaded plugin pinoutconfig (category:base,tabindex:0)
2024-10-08 12:57:15,189 [INFO] PluginManage:310 - Check plugin power
2024-10-08 12:57:15,200 [INFO] PluginManage:359 - Loaded plugin power (category:power,tabindex:4)
2024-10-08 12:57:15,201 [INFO] PluginManage:310 - Check plugin projectmanager
2024-10-08 12:57:15,230 [INFO] PluginManage:359 - Loaded plugin projectmanager (category:projectmanager,tabindex:4)
2024-10-08 12:57:15,231 [INFO] PluginManage:310 - Check plugin rif
2024-10-08 12:57:15,237 [INFO] PluginManage:359 - Loaded plugin rif (category:base,tabindex:3)
2024-10-08 12:57:15,237 [INFO] PluginManage:310 - Check plugin thirdparty
2024-10-08 12:57:15,363 [INFO] PluginManage:359 - Loaded plugin thirdparty (category:base,tabindex:-1)
2024-10-08 12:57:15,364 [INFO] PluginManage:310 - Check plugin tools
2024-10-08 12:57:15,363 [WARN] IntegrityCheckThread:84 - waiting for thirdparty lock release [integrity check]
2024-10-08 12:57:15,364 [INFO] IntegrityCheckThread:86 - entering critical section [integrity check]
2024-10-08 12:57:15,364 [INFO] ThirdPartyUpdaterWithRetryManager:70 - Updater plugin not ready yet. [1/15]
2024-10-08 12:57:15,368 [INFO] PluginManage:359 - Loaded plugin tools (category:base,tabindex:7)
2024-10-08 12:57:15,368 [INFO] PluginManage:310 - Check plugin tutovideos
2024-10-08 12:57:15,537 [INFO] PluginManage:359 - Loaded plugin tutovideos (category:base,tabindex:-1)
2024-10-08 12:57:15,539 [INFO] PluginManage:310 - Check plugin updater
2024-10-08 12:57:15,584 [INFO] PluginManage:359 - Loaded plugin updater (category:base,tabindex:12)
2024-10-08 12:57:15,585 [INFO] PluginManage:310 - Check plugin userauth
2024-10-08 12:57:15,593 [INFO] UserAuth:113 - Init User Auth plugin
2024-10-08 12:57:15,593 [INFO] PluginManage:359 - Loaded plugin userauth (category:base,tabindex:14)
2024-10-08 12:57:15,594 [INFO] PluginManage:283 - PluginManage : Loaded plugins [18]
2024-10-08 12:57:15,820 [INFO] PinOutPanel:1561 - setPackage(No Configuration,No Configuration)
2024-10-08 12:57:15,936 [INFO] CADModel:165 - CPN selected for project level
2024-10-08 12:57:15,936 [INFO] CADModel:114 - Register for checkConnection events
2024-10-08 12:57:15,947 [INFO] IPUIPlugin:80 - create IPUIPlugin
2024-10-08 12:57:15,948 [INFO] PluginManager:220 - loadIPPluginJar : add mdma
2024-10-08 12:57:15,952 [INFO] IPUIPlugin:80 - create IPUIPlugin
2024-10-08 12:57:15,952 [INFO] PluginManager:220 - loadIPPluginJar : add freertos
2024-10-08 12:57:15,955 [INFO] IPUIPlugin:80 - create IPUIPlugin
2024-10-08 12:57:15,955 [INFO] PluginManager:220 - loadIPPluginJar : add gic
2024-10-08 12:57:15,961 [INFO] IPUIPlugin:80 - create IPUIPlugin
2024-10-08 12:57:15,961 [INFO] PluginManager:220 - loadIPPluginJar : add adc
2024-10-08 12:57:15,963 [INFO] IPUIPlugin:80 - create IPUIPlugin
2024-10-08 12:57:15,963 [INFO] PluginManager:220 - loadIPPluginJar : add gtzc
2024-10-08 12:57:15,965 [INFO] IPUIPlugin:80 - create IPUIPlugin
2024-10-08 12:57:15,965 [INFO] PluginManager:220 - loadIPPluginJar : add quadspi
2024-10-08 12:57:15,966 [INFO] IPUIPlugin:80 - create IPUIPlugin
2024-10-08 12:57:15,966 [INFO] PluginManager:220 - loadIPPluginJar : add aes
2024-10-08 12:57:15,968 [INFO] IPUIPlugin:80 - create IPUIPlugin
2024-10-08 12:57:15,968 [INFO] PluginManager:220 - loadIPPluginJar : add pdm2pcm
2024-10-08 12:57:15,969 [INFO] IPUIPlugin:80 - create IPUIPlugin
2024-10-08 12:57:15,969 [INFO] PluginManager:220 - loadIPPluginJar : add hash
2024-10-08 12:57:15,970 [INFO] IPUIPlugin:80 - create IPUIPlugin
2024-10-08 12:57:15,970 [INFO] PluginManager:220 - loadIPPluginJar : add tim
2024-10-08 12:57:15,971 [INFO] IPUIPlugin:80 - create IPUIPlugin
2024-10-08 12:57:15,971 [INFO] PluginManager:220 - loadIPPluginJar : add tsc
2024-10-08 12:57:15,972 [INFO] IPUIPlugin:80 - create IPUIPlugin
2024-10-08 12:57:15,972 [INFO] PluginManager:220 - loadIPPluginJar : add extmemmanager
2024-10-08 12:57:15,973 [INFO] IPUIPlugin:80 - create IPUIPlugin
2024-10-08 12:57:15,974 [INFO] PluginManager:220 - loadIPPluginJar : add ts
2024-10-08 12:57:15,975 [INFO] IPUIPlugin:80 - create IPUIPlugin
2024-10-08 12:57:15,975 [INFO] PluginManager:220 - loadIPPluginJar : add radio
2024-10-08 12:57:15,977 [INFO] IPUIPlugin:80 - create IPUIPlugin
2024-10-08 12:57:15,978 [INFO] PluginManager:220 - loadIPPluginJar : add can
2024-10-08 12:57:15,984 [INFO] IPUIPlugin:80 - create IPUIPlugin
2024-10-08 12:57:15,984 [INFO] PluginManager:220 - loadIPPluginJar : add dma3
2024-10-08 12:57:15,986 [INFO] IPUIPlugin:80 - create IPUIPlugin
2024-10-08 12:57:15,987 [INFO] PluginManager:220 - loadIPPluginJar : add dfsdm
2024-10-08 12:57:15,989 [INFO] IPUIPlugin:80 - create IPUIPlugin
2024-10-08 12:57:16,051 [INFO] PluginManager:220 - loadIPPluginJar : add spi
2024-10-08 12:57:16,087 [INFO] IPUIPlugin:80 - create IPUIPlugin
2024-10-08 12:57:16,088 [INFO] PluginManager:220 - loadIPPluginJar : add gfxmmu
2024-10-08 12:57:16,095 [INFO] IPUIPlugin:80 - create IPUIPlugin
2024-10-08 12:57:16,095 [INFO] PluginManager:220 - loadIPPluginJar : add genericplugin
2024-10-08 12:57:16,103 [INFO] IPUIPlugin:80 - create IPUIPlugin
2024-10-08 12:57:16,104 [INFO] PluginManager:220 - loadIPPluginJar : add cryp
2024-10-08 12:57:16,128 [INFO] IPUIPlugin:80 - create IPUIPlugin
2024-10-08 12:57:16,128 [INFO] PluginManager:220 - loadIPPluginJar : add gpio
2024-10-08 12:57:16,156 [INFO] IPUIPlugin:80 - create IPUIPlugin
2024-10-08 12:57:16,156 [INFO] PluginManager:220 - loadIPPluginJar : add ddr_ctrl_phy
2024-10-08 12:57:16,160 [INFO] IPUIPlugin:80 - create IPUIPlugin
2024-10-08 12:57:16,161 [INFO] PluginManager:220 - loadIPPluginJar : add comp
2024-10-08 12:57:16,175 [INFO] IPUIPlugin:80 - create IPUIPlugin
2024-10-08 12:57:16,176 [INFO] PluginManager:220 - loadIPPluginJar : add tracer_emb
2024-10-08 12:57:16,190 [INFO] IPUIPlugin:80 - create IPUIPlugin
2024-10-08 12:57:16,190 [INFO] PluginManager:220 - loadIPPluginJar : add openamp
2024-10-08 12:57:16,199 [INFO] IPUIPlugin:80 - create IPUIPlugin
2024-10-08 12:57:16,199 [INFO] PluginManager:220 - loadIPPluginJar : add stm32_wpan
2024-10-08 12:57:16,204 [INFO] IPUIPlugin:80 - create IPUIPlugin
2024-10-08 12:57:16,207 [INFO] PluginManager:220 - loadIPPluginJar : add plateformsettings
2024-10-08 12:57:16,209 [INFO] IPUIPlugin:80 - create IPUIPlugin
2024-10-08 12:57:16,209 [INFO] PluginManager:220 - loadIPPluginJar : add ipddr
2024-10-08 12:57:16,211 [INFO] IPUIPlugin:80 - create IPUIPlugin
2024-10-08 12:57:16,212 [INFO] PluginManager:220 - loadIPPluginJar : add usart
2024-10-08 12:57:16,213 [INFO] IPUIPlugin:80 - create IPUIPlugin
2024-10-08 12:57:16,213 [INFO] PluginManager:220 - loadIPPluginJar : add ltdc
2024-10-08 12:57:16,215 [INFO] IPUIPlugin:80 - create IPUIPlugin
2024-10-08 12:57:16,215 [INFO] PluginManager:220 - loadIPPluginJar : add nvic
2024-10-08 12:57:16,216 [INFO] IPUIPlugin:80 - create IPUIPlugin
2024-10-08 12:57:16,216 [INFO] PluginManager:220 - loadIPPluginJar : add fatfs
2024-10-08 12:57:16,220 [INFO] IPUIPlugin:80 - create IPUIPlugin
2024-10-08 12:57:16,220 [INFO] PluginManager:220 - loadIPPluginJar : add linkedlist
2024-10-08 12:57:16,224 [INFO] IPUIPlugin:80 - create IPUIPlugin
2024-10-08 12:57:16,225 [INFO] PluginManager:220 - loadIPPluginJar : add dma
2024-10-08 12:57:16,227 [INFO] IPUIPlugin:80 - create IPUIPlugin
2024-10-08 12:57:16,227 [INFO] PluginManager:220 - loadIPPluginJar : add fmc
2024-10-08 12:57:16,228 [INFO] IPUIPlugin:80 - create IPUIPlugin
2024-10-08 12:57:16,228 [INFO] PluginManager:220 - loadIPPluginJar : add i2s
2024-10-08 12:57:16,229 [INFO] IPUIPlugin:80 - create IPUIPlugin
2024-10-08 12:57:16,229 [INFO] PluginManager:220 - loadIPPluginJar : add ucpd
2024-10-08 12:57:16,230 [INFO] IPUIPlugin:80 - create IPUIPlugin
2024-10-08 12:57:16,231 [INFO] PluginManager:220 - loadIPPluginJar : add lorawan
2024-10-08 12:57:16,232 [INFO] IPUIPlugin:80 - create IPUIPlugin
2024-10-08 12:57:16,232 [INFO] PluginManager:220 - loadIPPluginJar : add opamp
2024-10-08 12:57:16,234 [INFO] IPUIPlugin:80 - create IPUIPlugin
2024-10-08 12:57:16,234 [INFO] PluginManager:220 - loadIPPluginJar : add i3c
2024-10-08 12:57:16,235 [INFO] IPUIPlugin:80 - create IPUIPlugin
2024-10-08 12:57:16,236 [INFO] PluginManager:220 - loadIPPluginJar : add touchsensing
2024-10-08 12:57:16,237 [INFO] IPUIPlugin:80 - create IPUIPlugin
2024-10-08 12:57:16,237 [INFO] PluginManager:220 - loadIPPluginJar : add i2c
2024-10-08 12:57:16,239 [INFO] IPUIPlugin:80 - create IPUIPlugin
2024-10-08 12:57:16,239 [INFO] PluginManager:220 - loadIPPluginJar : add resmgrutility
2024-10-08 12:57:16,241 [INFO] IPUIPlugin:80 - create IPUIPlugin
2024-10-08 12:57:16,241 [INFO] PluginManager:220 - loadIPPluginJar : add sai
2024-10-08 12:57:16,243 [INFO] IPUIPlugin:80 - create IPUIPlugin
2024-10-08 12:57:16,243 [INFO] PluginManager:220 - loadIPPluginJar : add usbx
2024-10-08 12:57:16,403 [INFO] CADModel:165 - CPN selected for project level
2024-10-08 12:57:16,408 [INFO] CADModel:114 - Register for checkConnection events
2024-10-08 12:57:16,411 [FATAL] Updater:334 - Updater called before beeing initialized
2024-10-08 12:57:16,411 [ERROR] CADModel:125 - Updater not yet initialized, retry later 
2024-10-08 12:57:16,456 [ERROR] LogOutputStream:75 - [STDERR_REDIRECT] [Fatal Error] :2:10: DOCTYPE is disallowed when the feature "http://apache.org/xml/features/disallow-doctype-decl" set to true.
2024-10-08 12:57:16,457 [ERROR] LogOutputStream:75 - [STDERR_REDIRECT] 
2024-10-08 12:57:16,630 [INFO] CADModel:165 - CPN selected for project level
2024-10-08 12:57:16,631 [INFO] CADModel:114 - Register for checkConnection events
2024-10-08 12:57:16,631 [FATAL] Updater:334 - Updater called before beeing initialized
2024-10-08 12:57:16,631 [ERROR] CADModel:125 - Updater not yet initialized, retry later 
2024-10-08 12:57:16,632 [FATAL] Updater:334 - Updater called before beeing initialized
2024-10-08 12:57:16,777 [FATAL] Updater:334 - Updater called before beeing initialized
2024-10-08 12:57:16,782 [INFO] DbMcusAds:53 - JSON generation date=Thu May 16 03:22:00 MDT 2024 (1715851320667)
2024-10-08 12:57:16,782 [FATAL] Updater:334 - Updater called before beeing initialized
2024-10-08 12:57:16,870 [WARN] DetailPanel:346 - Failed to get advertising image, set to default
2024-10-08 12:57:16,950 [FATAL] Updater:334 - Updater called before beeing initialized
2024-10-08 12:57:16,951 [FATAL] Updater:334 - Updater called before beeing initialized
2024-10-08 12:57:16,951 [FATAL] Updater:334 - Updater called before beeing initialized
2024-10-08 12:57:16,951 [WARN] DetailPanel:346 - Failed to get advertising image, set to default
2024-10-08 12:57:16,952 [FATAL] Updater:334 - Updater called before beeing initialized
2024-10-08 12:57:17,013 [ERROR] Updater:1164 - MainUpdater not yet initialized. External WinMGr cannot be set.
2024-10-08 12:57:17,017 [INFO] Updater:1100 - Updater Version found : 6.12.0
2024-10-08 12:57:17,028 [INFO] ApplicationProperties:184 - Using Application install path: /Applications/STM32CubeIDE.app/Contents/Eclipse/plugins/com.st.stm32cube.common.mx_6.12.0.202406281431
2024-10-08 12:57:17,321 [INFO] MainUpdater:2873 - connection check result : 10
2024-10-08 12:57:17,321 [INFO] MainUpdater:3567 - Updater definition file requires update
2024-10-08 12:57:17,322 [INFO] MainUpdater:290 - Updater Check For Update Now.
2024-10-08 12:57:17,322 [INFO] MicroXplorer:498 - Change Database Version : DB.6.0.120
2024-10-08 12:57:17,327 [INFO] McuFinderGlobals:63 - Set McuFinder mode to 2 (CubeIDE integrated)
2024-10-08 12:57:17,329 [INFO] UserAuth:417 - Internet connection configuration mode: 1
2024-10-08 12:57:17,339 [INFO] JxBrowserEngine:152 - Initiate JxBrowser Engine with user profile folder
2024-10-08 12:57:17,427 [INFO] ServerAccessManage:473 - Download File updaters.zip
2024-10-08 12:57:17,527 [INFO] FileExtend:240 - Unzip File : updaters.zip
2024-10-08 12:57:17,527 [INFO] FileExtend:255 - Standard Zip Deflate
2024-10-08 12:57:17,832 [INFO] ServerAccessManage:473 - Download File PacksControlFlags.xml
2024-10-08 12:57:18,020 [INFO] ServerAccessManage:473 - Download File cubemx.pidx
2024-10-08 12:57:18,371 [WARN] MainUpdater:1194 - Updater busy. Cannot search thirdparties
2024-10-08 12:57:18,371 [INFO] ThirdPartyUpdaterWithRetryManager:96 - Updater plugin is busy. [1/15]
2024-10-08 12:57:18,514 [INFO] ServerAccessManage:473 - Download File STMicroelectronics.X-CUBE-AI.pdsc
2024-10-08 12:57:19,033 [INFO] ServerAccessManage:473 - Download File STMicroelectronics.X-CUBE-IPS.pdsc
2024-10-08 12:57:19,688 [INFO] ServerAccessManage:473 - Download File STMicroelectronics.X-CUBE-NFC9.pdsc
2024-10-08 12:57:20,766 [INFO] ServerAccessManage:473 - Download File STMicroelectronics.X-CUBE-NFC10.pdsc
2024-10-08 12:57:21,377 [WARN] MainUpdater:1194 - Updater busy. Cannot search thirdparties
2024-10-08 12:57:21,377 [INFO] ThirdPartyUpdaterWithRetryManager:96 - Updater plugin is busy. [2/15]
2024-10-08 12:57:21,612 [INFO] ServerAccessManage:473 - Download File STMicroelectronics.X-CUBE-WB05N.pdsc
2024-10-08 12:57:21,925 [WARN] PackLoader:240 - Cannot read IP mode file for STMicroelectronics.X-CUBE-AI.9.1.0
2024-10-08 12:57:22,005 [WARN] PackLoader:240 - Cannot read IP mode file for STMicroelectronics.X-CUBE-IPS.3.0.0
2024-10-08 12:57:22,055 [WARN] PackLoader:240 - Cannot read IP mode file for STMicroelectronics.X-CUBE-NFC9.1.0.0
2024-10-08 12:57:22,122 [WARN] PackLoader:240 - Cannot read IP mode file for STMicroelectronics.X-CUBE-NFC10.1.0.0
2024-10-08 12:57:22,135 [INFO] CheckServerUpdateThread:120 - End of CheckServer Thread
2024-10-08 12:57:22,164 [WARN] PackLoader:240 - Cannot read IP mode file for STMicroelectronics.X-CUBE-WB05N.1.1.0
2024-10-08 12:57:22,174 [INFO] PopulateThirdPartyThread:66 - Ending populate Thread
2024-10-08 12:57:22,176 [INFO] ThirdParty:1030 - CMSIS Pack Vendor :STMicroelectronics X-CUBE-IPS 3.0.0
2024-10-08 12:57:22,176 [INFO] ThirdParty:1030 - CMSIS Pack Vendor :STMicroelectronics X-CUBE-NFC9 1.0.0
2024-10-08 12:57:22,177 [INFO] ThirdParty:1030 - CMSIS Pack Vendor :STMicroelectronics X-CUBE-AI 9.1.0
2024-10-08 12:57:22,177 [INFO] ThirdParty:1030 - CMSIS Pack Vendor :STMicroelectronics X-CUBE-NFC10 1.0.0
2024-10-08 12:57:22,177 [INFO] ThirdParty:1030 - CMSIS Pack Vendor :STMicroelectronics X-CUBE-WB05N 1.1.0
2024-10-08 12:57:22,177 [INFO] LoadServerUpdatesThread:375 - End of LoadServerUpdate Thread
2024-10-08 12:57:22,524 [INFO] WebApp:167 - Instantiating new browser for Auth
2024-10-08 12:57:24,177 [INFO] WebApp:448 - Apply proxy settings
2024-10-08 12:57:24,199 [INFO] WebApp:493 - Chromium authenticates against Manually configured proxy
2024-10-08 12:57:24,224 [INFO] WebApp:501 - Username used for proxy authentication: 
2024-10-08 12:57:24,289 [INFO] WebApp:869 - Register for checkConnection events
2024-10-08 12:57:24,290 [INFO] WebApp:448 - Apply proxy settings
2024-10-08 12:57:24,292 [INFO] WebApp:493 - Chromium authenticates against Manually configured proxy
2024-10-08 12:57:24,292 [INFO] WebApp:501 - Username used for proxy authentication: 
2024-10-08 12:57:24,427 [INFO] WebApp:220 - Starting web application
2024-10-08 12:57:24,427 [INFO] WebApp:578 - Web application path used /Applications/STM32CubeIDE.app/Contents/Eclipse/plugins/com.st.stm32cube.common.mx_6.12.0.202406281431/db/plugins/mcufinder/reactClient1/index.html
2024-10-08 12:57:24,531 [WARN] PackLoader:240 - Cannot read IP mode file for STMicroelectronics.FP-SNS-MOTENVWB1.1.4.0
2024-10-08 12:57:24,544 [WARN] PackLoader:240 - Cannot read IP mode file for STMicroelectronics.X-CUBE-SMBUS.2.1.0
2024-10-08 12:57:24,555 [WARN] PackLoader:240 - Cannot read IP mode file for STMicroelectronics.X-CUBE-WB05N.1.1.0
2024-10-08 12:57:24,560 [WARN] PackLoader:240 - Cannot read IP mode file for STMicroelectronics.X-CUBE-TOUCHGFX.4.23.0
2024-10-08 12:57:24,562 [WARN] PackLoader:240 - Cannot read IP mode file for STMicroelectronics.X-CUBE-TOUCHGFX.4.23.2
2024-10-08 12:57:24,611 [WARN] PackLoader:240 - Cannot read IP mode file for STMicroelectronics.X-CUBE-AZRTOS-F7.1.1.0
2024-10-08 12:57:24,660 [WARN] PackLoader:240 - Cannot read IP mode file for STMicroelectronics.FP-SNS-MOTENV1.4.3.2
2024-10-08 12:57:24,837 [WARN] PackLoader:240 - Cannot read IP mode file for STMicroelectronics.X-CUBE-MEMS1.11.0.0
2024-10-08 12:57:24,948 [INFO] WebApp:186 - Connection restablished
2024-10-08 12:57:24,997 [INFO] UserAuth:417 - Internet connection configuration mode: 1
2024-10-08 12:57:25,095 [WARN] PackLoader:240 - Cannot read IP mode file for STMicroelectronics.FP-SNS-FLIGHT1.5.0.2
2024-10-08 12:57:25,111 [WARN] PackLoader:240 - Cannot read IP mode file for STMicroelectronics.X-CUBE-DISPLAY.3.0.0
2024-10-08 12:57:25,131 [WARN] PackLoader:240 - Cannot read IP mode file for STMicroelectronics.X-CUBE-BLE1.7.0.0
2024-10-08 12:57:25,150 [WARN] PackLoader:240 - Cannot read IP mode file for STMicroelectronics.X-CUBE-NFC10.1.0.0
2024-10-08 12:57:25,162 [WARN] PackLoader:240 - Cannot read IP mode file for emotas.I-CUBE-CANOPEN.1.3.0
2024-10-08 12:57:25,177 [WARN] PackLoader:240 - Cannot read IP mode file for STMicroelectronics.X-CUBE-BLEMGR.3.1.0
2024-10-08 12:57:25,184 [WARN] PackLoader:240 - Cannot read IP mode file for STMicroelectronics.FP-SNS-SMARTAG2.1.2.0
2024-10-08 12:57:25,193 [INFO] LogOutputStream:77 - [STDOUT_REDIRECT] 1 : Invalid condition id : UX_CORESTACK_Condition cause : null
2024-10-08 12:57:25,194 [INFO] LogOutputStream:77 - [STDOUT_REDIRECT] 1 : Invalid condition id : UX_CORESTACK_Condition cause : null
2024-10-08 12:57:25,194 [INFO] LogOutputStream:77 - [STDOUT_REDIRECT] 1 : Invalid condition id : UX_CORESTACK_Condition cause : null
2024-10-08 12:57:25,194 [INFO] LogOutputStream:77 - [STDOUT_REDIRECT] 1 : Invalid condition id : UX_CORESTACK_Condition cause : null
2024-10-08 12:57:25,194 [INFO] LogOutputStream:77 - [STDOUT_REDIRECT] 1 : Invalid condition id : UX_CORESTACK_Condition cause : null
2024-10-08 12:57:25,200 [WARN] PackLoader:240 - Cannot read IP mode file for STMicroelectronics.X-CUBE-AZRTOS-WL.2.0.0
2024-10-08 12:57:25,205 [WARN] PackLoader:240 - Cannot read IP mode file for STMicroelectronics.FP-SNS-MOTENV1.5.0.0
2024-10-08 12:57:25,209 [WARN] PackLoader:240 - Cannot read IP mode file for wolfSSL.I-CUBE-wolfMQTT.1.19.0
2024-10-08 12:57:25,219 [WARN] PackLoader:240 - Cannot read IP mode file for WES.I-CUBE-Cesium.1.3.0
2024-10-08 12:57:25,228 [WARN] PackLoader:240 - Cannot read IP mode file for STMicroelectronics.X-CUBE-BLE2.3.3.0
2024-10-08 12:57:25,236 [WARN] PackLoader:240 - Cannot read IP mode file for STMicroelectronics.X-CUBE-NFC9.1.0.0
2024-10-08 12:57:25,243 [WARN] PackLoader:240 - Cannot read IP mode file for STMicroelectronics.X-CUBE-TCPP.4.1.0
2024-10-08 12:57:25,249 [WARN] PackLoader:240 - Cannot read IP mode file for STMicroelectronics.X-CUBE-ALGOBUILD.1.3.0
2024-10-08 12:57:25,265 [WARN] PackLoader:240 - Cannot read IP mode file for STMicroelectronics.X-CUBE-AZRTOS-G0.1.1.0
2024-10-08 12:57:25,273 [WARN] PackLoader:240 - Cannot read IP mode file for STMicroelectronics.X-CUBE-SAFEA1.1.2.2
2024-10-08 12:57:25,282 [WARN] PackLoader:240 - Cannot read IP mode file for STMicroelectronics.X-CUBE-NFC4.3.0.0
2024-10-08 12:57:25,295 [WARN] PackLoader:240 - Cannot read IP mode file for EmbeddedOffice.I-CUBE-FS-RTOS.1.0.1
2024-10-08 12:57:25,297 [ERROR] ConditionMgr:805 - Attr not supported : Dmpu
2024-10-08 12:57:25,298 [ERROR] ConditionMgr:805 - Attr not supported : Dmpu
2024-10-08 12:57:25,298 [ERROR] ConditionMgr:805 - Attr not supported : Dmpu
2024-10-08 12:57:25,298 [ERROR] ConditionMgr:805 - Attr not supported : Dmpu
2024-10-08 12:57:25,298 [ERROR] ConditionMgr:805 - Attr not supported : Dmpu
2024-10-08 12:57:25,299 [ERROR] ConditionMgr:805 - Attr not supported : Dmpu
2024-10-08 12:57:25,299 [ERROR] ConditionMgr:805 - Attr not supported : Dmpu
2024-10-08 12:57:25,299 [ERROR] ConditionMgr:805 - Attr not supported : Dmpu
2024-10-08 12:57:25,299 [ERROR] ConditionMgr:805 - Attr not supported : Dmpu
2024-10-08 12:57:25,299 [ERROR] ConditionMgr:805 - Attr not supported : Dmpu
2024-10-08 12:57:25,299 [ERROR] ConditionMgr:805 - Attr not supported : Dmpu
2024-10-08 12:57:25,299 [ERROR] ConditionMgr:805 - Attr not supported : Dmpu
2024-10-08 12:57:25,299 [ERROR] ConditionMgr:805 - Attr not supported : Dmpu
2024-10-08 12:57:25,299 [ERROR] ConditionMgr:805 - Attr not supported : Dmpu
2024-10-08 12:57:25,299 [ERROR] ConditionMgr:805 - Attr not supported : Dmpu
2024-10-08 12:57:25,299 [ERROR] ConditionMgr:805 - Attr not supported : Dmpu
2024-10-08 12:57:25,299 [ERROR] ConditionMgr:805 - Attr not supported : Dmpu
2024-10-08 12:57:25,299 [ERROR] ConditionMgr:805 - Attr not supported : Dmpu
2024-10-08 12:57:25,299 [ERROR] ConditionMgr:805 - Attr not supported : Dmpu
2024-10-08 12:57:25,299 [ERROR] ConditionMgr:805 - Attr not supported : Dmpu
2024-10-08 12:57:25,299 [ERROR] ConditionMgr:805 - Attr not supported : Dmpu
2024-10-08 12:57:25,299 [ERROR] ConditionMgr:805 - Attr not supported : Dmpu
2024-10-08 12:57:25,299 [ERROR] ConditionMgr:805 - Attr not supported : Dmpu
2024-10-08 12:57:25,299 [ERROR] ConditionMgr:805 - Attr not supported : Dmpu
2024-10-08 12:57:25,299 [ERROR] ConditionMgr:805 - Attr not supported : Dmpu
2024-10-08 12:57:25,299 [ERROR] ConditionMgr:805 - Attr not supported : Dmpu
2024-10-08 12:57:25,299 [ERROR] ConditionMgr:805 - Attr not supported : Dmpu
2024-10-08 12:57:25,299 [ERROR] ConditionMgr:805 - Attr not supported : Dmpu
2024-10-08 12:57:25,299 [ERROR] ConditionMgr:805 - Attr not supported : Dmpu
2024-10-08 12:57:25,299 [ERROR] ConditionMgr:805 - Attr not supported : Dmpu
2024-10-08 12:57:25,299 [ERROR] ConditionMgr:805 - Attr not supported : Dmpu
2024-10-08 12:57:25,299 [ERROR] ConditionMgr:805 - Attr not supported : Dmpu
2024-10-08 12:57:25,299 [ERROR] ConditionMgr:805 - Attr not supported : Dmpu
2024-10-08 12:57:25,299 [ERROR] ConditionMgr:805 - Attr not supported : Dmpu
2024-10-08 12:57:25,299 [ERROR] ConditionMgr:805 - Attr not supported : Dmpu
2024-10-08 12:57:25,299 [ERROR] ConditionMgr:805 - Attr not supported : Dmpu
2024-10-08 12:57:25,299 [ERROR] ConditionMgr:805 - Attr not supported : Dmpu
2024-10-08 12:57:25,300 [ERROR] ConditionMgr:805 - Attr not supported : Dmpu
2024-10-08 12:57:25,300 [ERROR] ConditionMgr:805 - Attr not supported : Dmpu
2024-10-08 12:57:25,300 [ERROR] ConditionMgr:805 - Attr not supported : Dmpu
2024-10-08 12:57:25,300 [ERROR] ConditionMgr:805 - Attr not supported : Dmpu
2024-10-08 12:57:25,300 [ERROR] ConditionMgr:805 - Attr not supported : Dmpu
2024-10-08 12:57:25,300 [ERROR] ConditionMgr:805 - Attr not supported : Dmpu
2024-10-08 12:57:25,300 [ERROR] ConditionMgr:805 - Attr not supported : Dmpu
2024-10-08 12:57:25,300 [ERROR] ConditionMgr:805 - Attr not supported : Dmpu
2024-10-08 12:57:25,300 [ERROR] ConditionMgr:805 - Attr not supported : Dmpu
2024-10-08 12:57:25,300 [ERROR] ConditionMgr:805 - Attr not supported : Dmpu
2024-10-08 12:57:25,301 [ERROR] ConditionMgr:805 - Attr not supported : Dmpu
2024-10-08 12:57:25,301 [ERROR] ConditionMgr:805 - Attr not supported : Dmpu
2024-10-08 12:57:25,301 [ERROR] ConditionMgr:805 - Attr not supported : Dmpu
2024-10-08 12:57:25,301 [ERROR] ConditionMgr:805 - Attr not supported : Dmpu
2024-10-08 12:57:25,301 [ERROR] ConditionMgr:805 - Attr not supported : Dmpu
2024-10-08 12:57:25,301 [ERROR] ConditionMgr:805 - Attr not supported : Dmpu
2024-10-08 12:57:25,301 [ERROR] ConditionMgr:805 - Attr not supported : Dmpu
2024-10-08 12:57:25,301 [ERROR] ConditionMgr:805 - Attr not supported : Dmpu
2024-10-08 12:57:25,301 [ERROR] ConditionMgr:805 - Attr not supported : Dmpu
2024-10-08 12:57:25,301 [ERROR] ConditionMgr:805 - Attr not supported : Dmpu
2024-10-08 12:57:25,301 [ERROR] ConditionMgr:805 - Attr not supported : Dmpu
2024-10-08 12:57:25,301 [ERROR] ConditionMgr:805 - Attr not supported : Dmpu
2024-10-08 12:57:25,301 [ERROR] ConditionMgr:805 - Attr not supported : Dmpu
2024-10-08 12:57:25,301 [ERROR] ConditionMgr:805 - Attr not supported : Dmpu
2024-10-08 12:57:25,301 [ERROR] ConditionMgr:805 - Attr not supported : Dmpu
2024-10-08 12:57:25,301 [ERROR] ConditionMgr:805 - Attr not supported : Dmpu
2024-10-08 12:57:25,301 [ERROR] ConditionMgr:805 - Attr not supported : Dmpu
2024-10-08 12:57:25,317 [WARN] PackLoader:240 - Cannot read IP mode file for STMicroelectronics.X-CUBE-BLEMGR.3.0.0
2024-10-08 12:57:25,330 [WARN] PackLoader:240 - Cannot read IP mode file for RealThread.X-CUBE-RT-Thread_Nano.4.1.1
2024-10-08 12:57:25,335 [WARN] PackLoader:240 - Cannot read IP mode file for STMicroelectronics.FP-ATR-SIGFOX1.3.2.0
2024-10-08 12:57:25,342 [WARN] PackLoader:240 - Cannot read IP mode file for STMicroelectronics.X-CUBE-EEPRMA1.5.1.0
2024-10-08 12:57:25,380 [WARN] PackLoader:240 - Cannot read IP mode file for SEGGER.I-CUBE-embOS.1.3.1
2024-10-08 12:57:25,505 [WARN] PackLoader:240 - Cannot read IP mode file for STMicroelectronics.X-CUBE-ALGOBUILD.1.4.0
2024-10-08 12:57:25,531 [WARN] PackLoader:240 - Cannot read IP mode file for STMicroelectronics.X-CUBE-AI.9.1.0
2024-10-08 12:57:25,542 [WARN] PackLoader:240 - Cannot read IP mode file for STMicroelectronics.X-CUBE-GNSS1.6.0.0
2024-10-08 12:57:25,560 [WARN] PackLoader:240 - Cannot read IP mode file for STMicroelectronics.X-CUBE-AZRTOS-F4.1.1.0
2024-10-08 12:57:25,576 [WARN] PackLoader:240 - Cannot read IP mode file for STMicroelectronics.X-CUBE-ISPU.2.1.0
2024-10-08 12:57:25,585 [WARN] PackLoader:240 - Cannot read IP mode file for STMicroelectronics.X-CUBE-FREERTOS.1.2.0
2024-10-08 12:57:25,602 [WARN] PackLoader:240 - Cannot read IP mode file for wolfSSL.I-CUBE-wolfSSL.5.6.6
2024-10-08 12:57:25,627 [WARN] PackLoader:240 - Cannot read IP mode file for STMicroelectronics.X-CUBE-AZRTOS-L5.2.0.0
2024-10-08 12:57:25,640 [WARN] PackLoader:240 - Cannot read IP mode file for STMicroelectronics.X-CUBE-EEPRMA1.4.2.0
2024-10-08 12:57:25,658 [WARN] PackLoader:240 - Cannot read IP mode file for STMicroelectronics.X-CUBE-NFC6.3.1.0
2024-10-08 12:57:25,667 [WARN] PackLoader:240 - Cannot read IP mode file for ITTIA_DB.I-CUBE-ITTIADB.8.8.0
2024-10-08 12:57:25,672 [WARN] PackLoader:240 - Cannot read IP mode file for STMicroelectronics.X-CUBE-DPower.1.2.0
2024-10-08 12:57:25,676 [WARN] PackLoader:240 - Cannot read IP mode file for STMicroelectronics.X-CUBE-AI.9.0.0
2024-10-08 12:57:25,685 [WARN] PackLoader:240 - Cannot read IP mode file for STMicroelectronics.X-CUBE-NFC7.1.0.1
2024-10-08 12:57:25,698 [WARN] PackLoader:240 - Cannot read IP mode file for STMicroelectronics.X-CUBE-NFC6.3.0.0
2024-10-08 12:57:25,708 [WARN] PackLoader:240 - Cannot read IP mode file for STMicroelectronics.X-CUBE-AI.8.1.0
2024-10-08 12:57:25,731 [WARN] ConditionMgr:438 - getConditionDescription Invalid condition id : LAN8742 Phy interface Condition cause : null
2024-10-08 12:57:25,733 [WARN] PackLoader:240 - Cannot read IP mode file for STMicroelectronics.X-CUBE-AZRTOS-L4.2.0.0
2024-10-08 12:57:25,736 [WARN] ConditionMgr:1039 - genDependencies : Invalid condition id : LAN8742 Phy interface Condition cause : null
2024-10-08 12:57:25,737 [WARN] ConditionMgr:1039 - genDependencies : Invalid condition id : LAN8742 Phy interface Condition cause : null
2024-10-08 12:57:25,738 [WARN] ConditionMgr:1039 - genDependencies : Invalid condition id : LAN8742 Phy interface Condition cause : null
2024-10-08 12:57:25,758 [WARN] PackLoader:240 - Cannot read IP mode file for STMicroelectronics.X-CUBE-SFXS2LP1.4.0.0
2024-10-08 12:57:25,781 [WARN] PackLoader:240 - Cannot read IP mode file for STMicroelectronics.X-CUBE-AZRTOS-H7.3.3.0
2024-10-08 12:57:25,794 [WARN] PackLoader:240 - Cannot read IP mode file for STMicroelectronics.X-CUBE-IPS.3.0.0
2024-10-08 12:57:25,809 [WARN] ConditionMgr:438 - getConditionDescription Invalid condition id : UX DEVICE CLASS RTOS Condition cause : null
2024-10-08 12:57:25,809 [WARN] ConditionMgr:438 - getConditionDescription Invalid condition id : UX DEVICE CLASS RTOS Condition cause : null
2024-10-08 12:57:25,813 [WARN] PackLoader:240 - Cannot read IP mode file for STMicroelectronics.X-CUBE-AZRTOS-WB.2.0.0
2024-10-08 12:57:25,813 [WARN] ConditionMgr:1039 - genDependencies : Invalid condition id : UX DEVICE CLASS RTOS Condition cause : null
2024-10-08 12:57:25,813 [WARN] ConditionMgr:1039 - genDependencies : Invalid condition id : UX DEVICE CLASS RTOS Condition cause : null
2024-10-08 12:57:25,814 [WARN] ConditionMgr:1039 - genDependencies : Invalid condition id : UX DEVICE CLASS RTOS Condition cause : null
2024-10-08 12:57:25,814 [WARN] ConditionMgr:1039 - genDependencies : Invalid condition id : UX DEVICE CLASS RTOS Condition cause : null
2024-10-08 12:57:25,814 [WARN] ConditionMgr:1039 - genDependencies : Invalid condition id : UX DEVICE CLASS RTOS Condition cause : null
2024-10-08 12:57:25,819 [WARN] PackLoader:240 - Cannot read IP mode file for STMicroelectronics.X-CUBE-GNSS1.7.0.0
2024-10-08 12:57:25,826 [WARN] PackLoader:240 - Cannot read IP mode file for STMicroelectronics.FP-SNS-STBOX1.2.0.0
2024-10-08 12:57:25,840 [WARN] PackLoader:240 - Cannot read IP mode file for STMicroelectronics.X-CUBE-SUBG2.5.0.0
2024-10-08 12:57:25,848 [WARN] PackLoader:240 - Cannot read IP mode file for Cesanta.I-CUBE-Mongoose.7.13.0
2024-10-08 12:57:25,862 [WARN] PackLoader:240 - Cannot read IP mode file for STMicroelectronics.X-CUBE-AZRTOS-G4.2.0.0
2024-10-08 12:57:25,877 [WARN] PackLoader:240 - Cannot read IP mode file for Infineon.AIROC-Wi-Fi-Bluetooth-STM32.1.5.1
2024-10-08 12:57:25,883 [WARN] PackLoader:240 - Cannot read IP mode file for STMicroelectronics.FP-SNS-MOTENVWB1.1.3.1
2024-10-08 12:57:25,886 [WARN] PackLoader:240 - Cannot read IP mode file for STMicroelectronics.X-CUBE-ISPU.2.0.0
2024-10-08 12:57:25,889 [WARN] PackLoader:240 - Cannot read IP mode file for STMicroelectronics.X-CUBE-ALS.1.0.2
2024-10-08 12:57:25,946 [WARN] PackLoader:240 - Cannot read IP mode file for STMicroelectronics.X-CUBE-MEMS1.10.0.0
2024-10-08 12:57:26,039 [WARN] PackLoader:240 - Cannot read IP mode file for STMicroelectronics.X-CUBE-FREERTOS.1.1.0
2024-10-08 12:57:26,042 [WARN] PackLoader:240 - Cannot read IP mode file for STMicroelectronics.X-CUBE-TOUCHGFX.4.24.0
2024-10-08 12:57:26,044 [WARN] PackLoader:240 - Cannot read IP mode file for STMicroelectronics.X-CUBE-TOUCHGFX.4.24.1
2024-10-08 12:57:26,049 [WARN] PackLoader:240 - Cannot read IP mode file for wolfSSL.I-CUBE-wolfTPM.3.4.0
2024-10-08 12:57:26,054 [WARN] PackLoader:240 - Cannot read IP mode file for portGmbH.I-Cube-SoM-uGOAL.1.1.0
2024-10-08 12:57:26,057 [WARN] PackLoader:240 - Cannot read IP mode file for STMicroelectronics.X-CUBE-ALS.1.0.1
2024-10-08 12:57:26,077 [WARN] PackLoader:240 - Cannot read IP mode file for STMicroelectronics.X-CUBE-AZRTOS-H7RS.1.0.0
2024-10-08 12:57:26,087 [WARN] PackLoader:240 - Cannot read IP mode file for STMicroelectronics.FP-ATR-ASTRA1.2.0.0
2024-10-08 12:57:26,097 [WARN] PackLoader:240 - Cannot read IP mode file for STMicroelectronics.X-CUBE-TOF1.3.4.2
2024-10-08 12:57:26,114 [WARN] PackLoader:240 - Cannot read IP mode file for STMicroelectronics.X-CUBE-TOF1.3.4.0
2024-10-08 12:57:26,133 [WARN] PackLoader:240 - Cannot read IP mode file for STMicroelectronics.X-CUBE-TOF1.3.4.1
2024-10-08 12:57:26,161 [WARN] PackLoader:240 - Cannot read IP mode file for STMicroelectronics.X-CUBE-AZRTOS-H7.3.2.0
2024-10-08 12:57:26,167 [WARN] PackLoader:240 - Cannot read IP mode file for wolfSSL.I-CUBE-wolfSSH.1.4.17
2024-10-08 12:57:26,170 [INFO] ThirdParty:978 - Integrity check success = true
2024-10-08 12:57:26,171 [INFO] IntegrityCheckThread:100 - exiting critical section [integrity check]
2024-10-08 12:57:26,171 [INFO] IntegrityCheckThread:103 - End integrity checks thread
2024-10-08 13:20:30,432 [INFO] WebApp:189 - Connection lost
2024-10-08 13:20:33,906 [ERROR] ConfigurationRetriever:142 - IOException on connection: sw-center.st.com
2024-10-08 13:20:33,910 [ERROR] ConfigurationRetriever:142 - IOException on connection: sw-center.st.com
2024-10-08 13:20:33,910 [ERROR] ConfigurationRetriever:142 - IOException on connection: sw-center.st.com
