2024-09-24 13:33:22,341 [INFO] Activator:176 - 


2024-09-24 13:33:22,348 [INFO] Activator:177 - !SESSION log4j initialized
2024-09-24 13:33:27,236 [INFO] LogOutputStream:77 - [STDOUT_REDIRECT] 
2024-09-24 13:33:27,693 [ERROR] LogOutputStream:75 - [STDERR_REDIRECT] 
2024-09-24 13:33:29,805 [INFO] LogOutputStream:77 - [STDOUT_REDIRECT] 
2024-09-24 13:33:30,219 [ERROR] LogOutputStream:75 - [STDERR_REDIRECT] java.net.URISyntaxException: Illegal character in path at index 44: file:/Users/joelrsilva/Documents/School/2024 - FALL/ECEN 2370/.metadata/.log4j2.xml
2024-09-24 13:33:30,220 [ERROR] LogOutputStream:75 - [STDERR_REDIRECT] 	at java.base/java.net.URI$Parser.fail(URI.java:2976)
2024-09-24 13:33:30,221 [ERROR] LogOutputStream:75 - [STDERR_REDIRECT] 	at java.base/java.net.URI$Parser.checkChars(URI.java:3147)
2024-09-24 13:33:30,222 [ERROR] LogOutputStream:75 - [STDERR_REDIRECT] 	at java.base/java.net.URI$Parser.parseHierarchical(URI.java:3229)
2024-09-24 13:33:30,222 [ERROR] LogOutputStream:75 - [STDERR_REDIRECT] 	at java.base/java.net.URI$Parser.parse(URI.java:3177)
2024-09-24 13:33:30,222 [ERROR] LogOutputStream:75 - [STDERR_REDIRECT] 	at java.base/java.net.URI.<init>(URI.java:623)
2024-09-24 13:33:30,223 [ERROR] LogOutputStream:75 - [STDERR_REDIRECT] 	at java.base/java.net.URL.toURI(URL.java:1056)
2024-09-24 13:33:30,223 [ERROR] LogOutputStream:75 - [STDERR_REDIRECT] 	at com.st.stm32cube.common.mx.core.CubeMxInstance.getInstance(CubeMxInstance.java:81)
2024-09-24 13:33:30,224 [ERROR] LogOutputStream:75 - [STDERR_REDIRECT] 	at com.st.stm32cube.common.mx.userauth.UserAuthAdapter.<init>(UserAuthAdapter.java:25)
2024-09-24 13:33:30,225 [ERROR] LogOutputStream:75 - [STDERR_REDIRECT] 	at com.st.stm32cube.common.mx.userauth.UserAuthProvider.getUserAuthAdapter(UserAuthProvider.java:16)
2024-09-24 13:33:30,225 [ERROR] LogOutputStream:75 - [STDERR_REDIRECT] 	at com.st.stm32cube.common.ecosystemintegration.ui.core.MCUEcoSystemIntegrationUiHelper.getUserAuth(MCUEcoSystemIntegrationUiHelper.java:100)
2024-09-24 13:33:30,225 [ERROR] LogOutputStream:75 - [STDERR_REDIRECT] 	at com.st.stm32cube.ide.mcu.userauth.UserAuthStartup.earlyStartup(UserAuthStartup.java:41)
2024-09-24 13:33:30,225 [ERROR] LogOutputStream:75 - [STDERR_REDIRECT] 	at org.eclipse.ui.internal.EarlyStartupRunnable.runEarlyStartup(EarlyStartupRunnable.java:79)
2024-09-24 13:33:30,225 [ERROR] LogOutputStream:75 - [STDERR_REDIRECT] 	at org.eclipse.ui.internal.EarlyStartupRunnable.run(EarlyStartupRunnable.java:55)
2024-09-24 13:33:30,225 [ERROR] LogOutputStream:75 - [STDERR_REDIRECT] 	at org.eclipse.core.runtime.SafeRunner.run(SafeRunner.java:47)
2024-09-24 13:33:30,225 [ERROR] LogOutputStream:75 - [STDERR_REDIRECT] 	at org.eclipse.ui.internal.Workbench$39.run(Workbench.java:2762)
2024-09-24 13:33:30,225 [ERROR] LogOutputStream:75 - [STDERR_REDIRECT] 	at org.eclipse.core.internal.jobs.Worker.run(Worker.java:63)
2024-09-24 13:33:30,323 [INFO] ApplicationProperties:184 - Using Application install path: /Applications/STM32CubeIDE.app/Contents/Eclipse/plugins/com.st.stm32cube.common.mx_6.12.0.202406281431
2024-09-24 13:33:30,333 [INFO] DbMcusXml:78 - Set database path to: /Applications/STM32CubeIDE.app/Contents/Eclipse/plugins/com.st.stm32cube.common.mx_6.12.0.202406281431//db//mcu/
2024-09-24 13:33:30,333 [INFO] ApiDb:274 - Set plugin database path to: /Applications/STM32CubeIDE.app/Contents/Eclipse/plugins/com.st.stm32cube.common.mx_6.12.0.202406281431//db//plugins/boardmanager/
2024-09-24 13:33:30,334 [WARN] ApiDb:259 - Overriding images path with different value:  => /Applications/STM32CubeIDE.app/Contents/Eclipse/plugins/com.st.stm32cube.common.mx_6.12.0.202406281431//db//plugins/mcufinder/images/
2024-09-24 13:33:30,340 [INFO] ApiDb:250 - Set database path to: /Users/joelrsilva/.stmcufinder/plugins/mcufinder//mcu/
2024-09-24 13:33:30,341 [INFO] DbMcusAds:125 - Set database path to: /Users/joelrsilva/.stmcufinder/plugins/mcufinder//mcu/
2024-09-24 13:33:30,342 [INFO] CrossReferenceDbSqlite:203 - Set database path to: /Users/joelrsilva/.stmcufinder/plugins/mcufinder//mcu/cs/
2024-09-24 13:33:30,477 [INFO] RulesReader:64 - Compatibility file has been processed (297 Rules)
2024-09-24 13:33:30,565 [INFO] DbMcusXml:78 - Set database path to: /Applications/STM32CubeIDE.app/Contents/Eclipse/plugins/com.st.stm32cube.common.mx_6.12.0.202406281431//db//mcu/
2024-09-24 13:33:30,566 [INFO] ApiDb:274 - Set plugin database path to: /Applications/STM32CubeIDE.app/Contents/Eclipse/plugins/com.st.stm32cube.common.mx_6.12.0.202406281431//db//plugins/boardmanager/
2024-09-24 13:33:30,568 [INFO] ApiDb:261 - Set plugin images path to: /Applications/STM32CubeIDE.app/Contents/Eclipse/plugins/com.st.stm32cube.common.mx_6.12.0.202406281431//db//plugins/mcufinder/images/
2024-09-24 13:33:30,570 [WARN] DbFile:41 - Overriding database path with different value: /Users/joelrsilva/.stmcufinder/plugins/mcufinder/ => /Users/joelrsilva/.stmcufinder/plugins/mcufinder
2024-09-24 13:33:30,570 [INFO] ApiDb:250 - Set database path to: /Users/joelrsilva/.stmcufinder/plugins/mcufinder//mcu/
2024-09-24 13:33:30,570 [WARN] DbFile:41 - Overriding database path with different value: /Users/joelrsilva/.stmcufinder/plugins/mcufinder/ => /Users/joelrsilva/.stmcufinder/plugins/mcufinder
2024-09-24 13:33:30,571 [INFO] DbMcusAds:125 - Set database path to: /Users/joelrsilva/.stmcufinder/plugins/mcufinder//mcu/
2024-09-24 13:33:30,571 [WARN] DbFile:41 - Overriding database path with different value: /Users/joelrsilva/.stmcufinder/plugins/mcufinder/ => /Users/joelrsilva/.stmcufinder/plugins/mcufinder
2024-09-24 13:33:30,571 [WARN] DbFile:41 - Overriding database path with different value: /Users/joelrsilva/.stmcufinder/plugins/mcufinder/ => /Users/joelrsilva/.stmcufinder/plugins/mcufinder
2024-09-24 13:33:30,571 [INFO] CrossReferenceDbSqlite:203 - Set database path to: /Users/joelrsilva/.stmcufinder/plugins/mcufinder//mcu/cs/
2024-09-24 13:33:30,724 [INFO] MainPanel:268 - HeapMemory: 268435456
2024-09-24 13:33:31,261 [INFO] DbMcusXml:78 - Set database path to: /Applications/STM32CubeIDE.app/Contents/Eclipse/plugins/com.st.stm32cube.common.mx_6.12.0.202406281431//db//mcu/
2024-09-24 13:33:31,261 [INFO] ApiDb:274 - Set plugin database path to: /Applications/STM32CubeIDE.app/Contents/Eclipse/plugins/com.st.stm32cube.common.mx_6.12.0.202406281431//db//plugins/boardmanager/
2024-09-24 13:33:31,261 [INFO] ApiDb:261 - Set plugin images path to: /Applications/STM32CubeIDE.app/Contents/Eclipse/plugins/com.st.stm32cube.common.mx_6.12.0.202406281431//db//plugins/mcufinder/images/
2024-09-24 13:33:31,262 [WARN] DbFile:41 - Overriding database path with different value: /Users/joelrsilva/.stmcufinder/plugins/mcufinder/ => /Users/joelrsilva/.stmcufinder/plugins/mcufinder
2024-09-24 13:33:31,262 [INFO] ApiDb:250 - Set database path to: /Users/joelrsilva/.stmcufinder/plugins/mcufinder//mcu/
2024-09-24 13:33:31,262 [WARN] DbFile:41 - Overriding database path with different value: /Users/joelrsilva/.stmcufinder/plugins/mcufinder/ => /Users/joelrsilva/.stmcufinder/plugins/mcufinder
2024-09-24 13:33:31,262 [INFO] DbMcusAds:125 - Set database path to: /Users/joelrsilva/.stmcufinder/plugins/mcufinder//mcu/
2024-09-24 13:33:31,262 [WARN] DbFile:41 - Overriding database path with different value: /Users/joelrsilva/.stmcufinder/plugins/mcufinder/ => /Users/joelrsilva/.stmcufinder/plugins/mcufinder
2024-09-24 13:33:31,262 [WARN] DbFile:41 - Overriding database path with different value: /Users/joelrsilva/.stmcufinder/plugins/mcufinder/ => /Users/joelrsilva/.stmcufinder/plugins/mcufinder
2024-09-24 13:33:31,263 [INFO] CrossReferenceDbSqlite:203 - Set database path to: /Users/joelrsilva/.stmcufinder/plugins/mcufinder//mcu/cs/
2024-09-24 13:33:31,279 [INFO] ApplicationProperties:184 - Using Application install path: /Applications/STM32CubeIDE.app/Contents/Eclipse/plugins/com.st.stm32cube.common.mx_6.12.0.202406281431
2024-09-24 13:33:31,281 [INFO] PluginManage:196 - Search for loadable plugins [exclusion list=, ]
2024-09-24 13:33:31,282 [INFO] PluginManage:310 - Check plugin analytics
2024-09-24 13:33:31,473 [INFO] AnalyticsPlugin:253 - Accepted Software Licenses: 
2024-09-24 13:33:31,473 [INFO] AnalyticsPlugin:255 - Accepted CMSIS Pack Licenses: 
2024-09-24 13:33:31,473 [INFO] AnalyticsPlugin:257 - Accepted Firmware Licenses: FW.F4.1.28.0
2024-09-24 13:33:31,484 [INFO] PluginManage:359 - Loaded plugin analytics (category:tool,tabindex:-1)
2024-09-24 13:33:31,484 [INFO] PluginManage:310 - Check plugin cadmodel
2024-09-24 13:33:31,497 [INFO] CADModel:105 - Init CAD model plugin
2024-09-24 13:33:31,497 [INFO] PluginManage:359 - Loaded plugin cadmodel (category:power,tabindex:5)
2024-09-24 13:33:31,498 [INFO] PluginManage:310 - Check plugin clock
2024-09-24 13:33:31,507 [INFO] PluginManage:359 - Loaded plugin clock (category:base,tabindex:2)
2024-09-24 13:33:31,508 [INFO] PluginManage:310 - Check plugin ddr
2024-09-24 13:33:31,509 [INFO] PluginManage:359 - Loaded plugin ddr (category:tool,tabindex:6)
2024-09-24 13:33:31,509 [INFO] PluginManage:310 - Check plugin filemanager
2024-09-24 13:33:31,659 [INFO] PluginManage:359 - Loaded plugin filemanager (category:base,tabindex:10)
2024-09-24 13:33:31,659 [INFO] PluginManage:310 - Check plugin ipmanager
2024-09-24 13:33:31,667 [INFO] PluginManage:359 - Loaded plugin ipmanager (category:base,tabindex:5)
2024-09-24 13:33:31,667 [INFO] PluginManage:310 - Check plugin lpbam
2024-09-24 13:33:31,674 [INFO] PluginManage:359 - Loaded plugin lpbam (category:base,tabindex:0)
2024-09-24 13:33:31,674 [INFO] PluginManage:310 - Check plugin memorymap
2024-09-24 13:33:31,681 [INFO] PluginManage:359 - Loaded plugin memorymap (category:base,tabindex:4)
2024-09-24 13:33:31,681 [INFO] PluginManage:310 - Check plugin pinoutandconfiguration
2024-09-24 13:33:31,687 [INFO] PluginManage:359 - Loaded plugin pinoutandconfiguration (category:base,tabindex:1)
2024-09-24 13:33:31,687 [INFO] PluginManage:310 - Check plugin pinoutconfig
2024-09-24 13:33:31,754 [WARN] SupportedApi:132 - Cannot load RTOS API schema: s4s-elt-must-match.1: The content of 'definitions' must match (annotation?, (simpleType | complexType)?, (unique | key | keyref)*)). A problem was found starting at: attribute.
2024-09-24 13:33:31,910 [INFO] PluginManage:359 - Loaded plugin pinoutconfig (category:base,tabindex:0)
2024-09-24 13:33:31,911 [INFO] PluginManage:310 - Check plugin power
2024-09-24 13:33:31,930 [INFO] PluginManage:359 - Loaded plugin power (category:power,tabindex:4)
2024-09-24 13:33:31,930 [INFO] PluginManage:310 - Check plugin projectmanager
2024-09-24 13:33:31,962 [INFO] PluginManage:359 - Loaded plugin projectmanager (category:projectmanager,tabindex:4)
2024-09-24 13:33:31,962 [INFO] PluginManage:310 - Check plugin rif
2024-09-24 13:33:31,978 [INFO] PluginManage:359 - Loaded plugin rif (category:base,tabindex:3)
2024-09-24 13:33:31,978 [INFO] PluginManage:310 - Check plugin thirdparty
2024-09-24 13:33:32,125 [INFO] PluginManage:359 - Loaded plugin thirdparty (category:base,tabindex:-1)
2024-09-24 13:33:32,125 [INFO] PluginManage:310 - Check plugin tools
2024-09-24 13:33:32,125 [WARN] IntegrityCheckThread:84 - waiting for thirdparty lock release [integrity check]
2024-09-24 13:33:32,129 [INFO] IntegrityCheckThread:86 - entering critical section [integrity check]
2024-09-24 13:33:32,130 [INFO] ThirdPartyUpdaterWithRetryManager:70 - Updater plugin not ready yet. [1/15]
2024-09-24 13:33:32,134 [INFO] PluginManage:359 - Loaded plugin tools (category:base,tabindex:7)
2024-09-24 13:33:32,134 [INFO] PluginManage:310 - Check plugin tutovideos
2024-09-24 13:33:32,324 [INFO] PluginManage:359 - Loaded plugin tutovideos (category:base,tabindex:-1)
2024-09-24 13:33:32,325 [INFO] PluginManage:310 - Check plugin updater
2024-09-24 13:33:32,350 [INFO] PluginManage:359 - Loaded plugin updater (category:base,tabindex:12)
2024-09-24 13:33:32,350 [INFO] PluginManage:310 - Check plugin userauth
2024-09-24 13:33:32,373 [INFO] UserAuth:113 - Init User Auth plugin
2024-09-24 13:33:32,373 [INFO] PluginManage:359 - Loaded plugin userauth (category:base,tabindex:14)
2024-09-24 13:33:32,374 [INFO] PluginManage:283 - PluginManage : Loaded plugins [18]
2024-09-24 13:33:32,386 [ERROR] LogOutputStream:75 - [STDERR_REDIRECT] [Fatal Error] :2:10: DOCTYPE is disallowed when the feature "http://apache.org/xml/features/disallow-doctype-decl" set to true.
2024-09-24 13:33:32,387 [ERROR] LogOutputStream:75 - [STDERR_REDIRECT] 
2024-09-24 13:33:32,577 [INFO] PinOutPanel:1561 - setPackage(No Configuration,No Configuration)
2024-09-24 13:33:32,763 [INFO] CADModel:165 - CPN selected for project level
2024-09-24 13:33:32,764 [INFO] CADModel:114 - Register for checkConnection events
2024-09-24 13:33:32,782 [INFO] IPUIPlugin:80 - create IPUIPlugin
2024-09-24 13:33:32,782 [INFO] PluginManager:220 - loadIPPluginJar : add mdma
2024-09-24 13:33:32,787 [INFO] IPUIPlugin:80 - create IPUIPlugin
2024-09-24 13:33:32,787 [INFO] PluginManager:220 - loadIPPluginJar : add freertos
2024-09-24 13:33:32,790 [INFO] IPUIPlugin:80 - create IPUIPlugin
2024-09-24 13:33:32,790 [INFO] PluginManager:220 - loadIPPluginJar : add gic
2024-09-24 13:33:32,795 [INFO] IPUIPlugin:80 - create IPUIPlugin
2024-09-24 13:33:32,795 [INFO] PluginManager:220 - loadIPPluginJar : add adc
2024-09-24 13:33:32,797 [INFO] IPUIPlugin:80 - create IPUIPlugin
2024-09-24 13:33:32,797 [INFO] PluginManager:220 - loadIPPluginJar : add gtzc
2024-09-24 13:33:32,798 [INFO] IPUIPlugin:80 - create IPUIPlugin
2024-09-24 13:33:32,798 [INFO] PluginManager:220 - loadIPPluginJar : add quadspi
2024-09-24 13:33:32,799 [INFO] IPUIPlugin:80 - create IPUIPlugin
2024-09-24 13:33:32,799 [INFO] PluginManager:220 - loadIPPluginJar : add aes
2024-09-24 13:33:32,800 [INFO] IPUIPlugin:80 - create IPUIPlugin
2024-09-24 13:33:32,800 [INFO] PluginManager:220 - loadIPPluginJar : add pdm2pcm
2024-09-24 13:33:32,802 [INFO] IPUIPlugin:80 - create IPUIPlugin
2024-09-24 13:33:32,802 [INFO] PluginManager:220 - loadIPPluginJar : add hash
2024-09-24 13:33:32,803 [INFO] IPUIPlugin:80 - create IPUIPlugin
2024-09-24 13:33:32,803 [INFO] PluginManager:220 - loadIPPluginJar : add tim
2024-09-24 13:33:32,804 [INFO] IPUIPlugin:80 - create IPUIPlugin
2024-09-24 13:33:32,804 [INFO] PluginManager:220 - loadIPPluginJar : add tsc
2024-09-24 13:33:32,805 [INFO] IPUIPlugin:80 - create IPUIPlugin
2024-09-24 13:33:32,805 [INFO] PluginManager:220 - loadIPPluginJar : add extmemmanager
2024-09-24 13:33:32,807 [INFO] IPUIPlugin:80 - create IPUIPlugin
2024-09-24 13:33:32,807 [INFO] PluginManager:220 - loadIPPluginJar : add ts
2024-09-24 13:33:32,809 [INFO] IPUIPlugin:80 - create IPUIPlugin
2024-09-24 13:33:32,809 [INFO] PluginManager:220 - loadIPPluginJar : add radio
2024-09-24 13:33:32,810 [INFO] IPUIPlugin:80 - create IPUIPlugin
2024-09-24 13:33:32,810 [INFO] PluginManager:220 - loadIPPluginJar : add can
2024-09-24 13:33:32,812 [INFO] IPUIPlugin:80 - create IPUIPlugin
2024-09-24 13:33:32,812 [INFO] PluginManager:220 - loadIPPluginJar : add dma3
2024-09-24 13:33:32,813 [INFO] IPUIPlugin:80 - create IPUIPlugin
2024-09-24 13:33:32,814 [INFO] PluginManager:220 - loadIPPluginJar : add dfsdm
2024-09-24 13:33:32,815 [INFO] IPUIPlugin:80 - create IPUIPlugin
2024-09-24 13:33:32,815 [INFO] PluginManager:220 - loadIPPluginJar : add spi
2024-09-24 13:33:32,817 [INFO] IPUIPlugin:80 - create IPUIPlugin
2024-09-24 13:33:32,817 [INFO] PluginManager:220 - loadIPPluginJar : add gfxmmu
2024-09-24 13:33:32,818 [INFO] IPUIPlugin:80 - create IPUIPlugin
2024-09-24 13:33:32,818 [INFO] PluginManager:220 - loadIPPluginJar : add genericplugin
2024-09-24 13:33:32,819 [INFO] IPUIPlugin:80 - create IPUIPlugin
2024-09-24 13:33:32,819 [INFO] PluginManager:220 - loadIPPluginJar : add cryp
2024-09-24 13:33:32,821 [INFO] IPUIPlugin:80 - create IPUIPlugin
2024-09-24 13:33:32,821 [INFO] PluginManager:220 - loadIPPluginJar : add gpio
2024-09-24 13:33:32,823 [INFO] IPUIPlugin:80 - create IPUIPlugin
2024-09-24 13:33:32,823 [INFO] PluginManager:220 - loadIPPluginJar : add ddr_ctrl_phy
2024-09-24 13:33:32,824 [INFO] IPUIPlugin:80 - create IPUIPlugin
2024-09-24 13:33:32,824 [INFO] PluginManager:220 - loadIPPluginJar : add comp
2024-09-24 13:33:32,826 [INFO] IPUIPlugin:80 - create IPUIPlugin
2024-09-24 13:33:32,826 [INFO] PluginManager:220 - loadIPPluginJar : add tracer_emb
2024-09-24 13:33:32,827 [INFO] IPUIPlugin:80 - create IPUIPlugin
2024-09-24 13:33:32,827 [INFO] PluginManager:220 - loadIPPluginJar : add openamp
2024-09-24 13:33:32,829 [INFO] IPUIPlugin:80 - create IPUIPlugin
2024-09-24 13:33:32,829 [INFO] PluginManager:220 - loadIPPluginJar : add stm32_wpan
2024-09-24 13:33:32,832 [INFO] IPUIPlugin:80 - create IPUIPlugin
2024-09-24 13:33:32,840 [INFO] PluginManager:220 - loadIPPluginJar : add plateformsettings
2024-09-24 13:33:32,842 [INFO] IPUIPlugin:80 - create IPUIPlugin
2024-09-24 13:33:32,842 [INFO] PluginManager:220 - loadIPPluginJar : add ipddr
2024-09-24 13:33:32,844 [INFO] IPUIPlugin:80 - create IPUIPlugin
2024-09-24 13:33:32,844 [INFO] PluginManager:220 - loadIPPluginJar : add usart
2024-09-24 13:33:32,845 [INFO] IPUIPlugin:80 - create IPUIPlugin
2024-09-24 13:33:32,846 [INFO] PluginManager:220 - loadIPPluginJar : add ltdc
2024-09-24 13:33:32,848 [INFO] IPUIPlugin:80 - create IPUIPlugin
2024-09-24 13:33:32,848 [INFO] PluginManager:220 - loadIPPluginJar : add nvic
2024-09-24 13:33:32,849 [INFO] IPUIPlugin:80 - create IPUIPlugin
2024-09-24 13:33:32,849 [INFO] PluginManager:220 - loadIPPluginJar : add fatfs
2024-09-24 13:33:32,854 [INFO] IPUIPlugin:80 - create IPUIPlugin
2024-09-24 13:33:32,854 [INFO] PluginManager:220 - loadIPPluginJar : add linkedlist
2024-09-24 13:33:32,856 [INFO] IPUIPlugin:80 - create IPUIPlugin
2024-09-24 13:33:32,857 [INFO] PluginManager:220 - loadIPPluginJar : add dma
2024-09-24 13:33:32,858 [INFO] IPUIPlugin:80 - create IPUIPlugin
2024-09-24 13:33:32,858 [INFO] PluginManager:220 - loadIPPluginJar : add fmc
2024-09-24 13:33:32,859 [INFO] IPUIPlugin:80 - create IPUIPlugin
2024-09-24 13:33:32,859 [INFO] PluginManager:220 - loadIPPluginJar : add i2s
2024-09-24 13:33:32,860 [INFO] IPUIPlugin:80 - create IPUIPlugin
2024-09-24 13:33:32,860 [INFO] PluginManager:220 - loadIPPluginJar : add ucpd
2024-09-24 13:33:32,861 [INFO] IPUIPlugin:80 - create IPUIPlugin
2024-09-24 13:33:32,861 [INFO] PluginManager:220 - loadIPPluginJar : add lorawan
2024-09-24 13:33:32,862 [INFO] IPUIPlugin:80 - create IPUIPlugin
2024-09-24 13:33:32,862 [INFO] PluginManager:220 - loadIPPluginJar : add opamp
2024-09-24 13:33:32,864 [INFO] IPUIPlugin:80 - create IPUIPlugin
2024-09-24 13:33:32,864 [INFO] PluginManager:220 - loadIPPluginJar : add i3c
2024-09-24 13:33:32,865 [INFO] IPUIPlugin:80 - create IPUIPlugin
2024-09-24 13:33:32,866 [INFO] PluginManager:220 - loadIPPluginJar : add touchsensing
2024-09-24 13:33:32,867 [INFO] IPUIPlugin:80 - create IPUIPlugin
2024-09-24 13:33:32,867 [INFO] PluginManager:220 - loadIPPluginJar : add i2c
2024-09-24 13:33:32,871 [INFO] IPUIPlugin:80 - create IPUIPlugin
2024-09-24 13:33:32,871 [INFO] PluginManager:220 - loadIPPluginJar : add resmgrutility
2024-09-24 13:33:32,873 [INFO] IPUIPlugin:80 - create IPUIPlugin
2024-09-24 13:33:32,873 [INFO] PluginManager:220 - loadIPPluginJar : add sai
2024-09-24 13:33:32,875 [INFO] IPUIPlugin:80 - create IPUIPlugin
2024-09-24 13:33:32,875 [INFO] PluginManager:220 - loadIPPluginJar : add usbx
2024-09-24 13:33:32,988 [INFO] CADModel:165 - CPN selected for project level
2024-09-24 13:33:32,991 [INFO] CADModel:114 - Register for checkConnection events
2024-09-24 13:33:32,991 [FATAL] Updater:334 - Updater called before beeing initialized
2024-09-24 13:33:32,991 [ERROR] CADModel:125 - Updater not yet initialized, retry later 
2024-09-24 13:33:33,207 [INFO] CADModel:165 - CPN selected for project level
2024-09-24 13:33:33,207 [INFO] CADModel:114 - Register for checkConnection events
2024-09-24 13:33:33,208 [FATAL] Updater:334 - Updater called before beeing initialized
2024-09-24 13:33:33,208 [ERROR] CADModel:125 - Updater not yet initialized, retry later 
2024-09-24 13:33:33,210 [FATAL] Updater:334 - Updater called before beeing initialized
2024-09-24 13:33:33,346 [FATAL] Updater:334 - Updater called before beeing initialized
2024-09-24 13:33:33,351 [INFO] DbMcusAds:53 - JSON generation date=Thu May 16 03:22:00 MDT 2024 (1715851320667)
2024-09-24 13:33:33,352 [FATAL] Updater:334 - Updater called before beeing initialized
2024-09-24 13:33:33,407 [WARN] DetailPanel:346 - Failed to get advertising image, set to default
2024-09-24 13:33:33,467 [FATAL] Updater:334 - Updater called before beeing initialized
2024-09-24 13:33:33,469 [FATAL] Updater:334 - Updater called before beeing initialized
2024-09-24 13:33:33,469 [FATAL] Updater:334 - Updater called before beeing initialized
2024-09-24 13:33:33,469 [WARN] DetailPanel:346 - Failed to get advertising image, set to default
2024-09-24 13:33:33,469 [FATAL] Updater:334 - Updater called before beeing initialized
2024-09-24 13:33:33,528 [ERROR] Updater:1164 - MainUpdater not yet initialized. External WinMGr cannot be set.
2024-09-24 13:33:33,534 [INFO] Updater:1100 - Updater Version found : 6.12.0
2024-09-24 13:33:33,544 [INFO] ApplicationProperties:184 - Using Application install path: /Applications/STM32CubeIDE.app/Contents/Eclipse/plugins/com.st.stm32cube.common.mx_6.12.0.202406281431
2024-09-24 13:33:33,813 [INFO] MainUpdater:2873 - connection check result : 10
2024-09-24 13:33:33,814 [INFO] MainUpdater:3567 - Updater definition file requires update
2024-09-24 13:33:33,814 [INFO] MainUpdater:290 - Updater Check For Update Now.
2024-09-24 13:33:33,814 [INFO] MicroXplorer:498 - Change Database Version : DB.6.0.120
2024-09-24 13:33:33,826 [INFO] McuFinderGlobals:63 - Set McuFinder mode to 2 (CubeIDE integrated)
2024-09-24 13:33:33,829 [INFO] UserAuth:417 - Internet connection configuration mode: 1
2024-09-24 13:33:33,841 [INFO] JxBrowserEngine:152 - Initiate JxBrowser Engine with user profile folder
2024-09-24 13:33:33,860 [INFO] ServerAccessManage:473 - Download File updaters.zip
2024-09-24 13:33:33,992 [INFO] FileExtend:240 - Unzip File : updaters.zip
2024-09-24 13:33:33,994 [INFO] FileExtend:255 - Standard Zip Deflate
2024-09-24 13:33:34,415 [INFO] ServerAccessManage:473 - Download File PacksControlFlags.xml
2024-09-24 13:33:34,689 [INFO] ServerAccessManage:473 - Download File cubemx.pidx
2024-09-24 13:33:35,140 [WARN] MainUpdater:1194 - Updater busy. Cannot search thirdparties
2024-09-24 13:33:35,142 [INFO] ThirdPartyUpdaterWithRetryManager:96 - Updater plugin is busy. [1/15]
2024-09-24 13:33:35,531 [INFO] ServerAccessManage:473 - Download File STMicroelectronics.X-CUBE-ISPU.pdsc
2024-09-24 13:33:35,898 [INFO] ServerAccessManage:473 - Download File STMicroelectronics.X-CUBE-TOUCHGFX.pdsc
2024-09-24 13:33:36,815 [WARN] PackLoader:240 - Cannot read IP mode file for STMicroelectronics.X-CUBE-ISPU.2.1.0
2024-09-24 13:33:36,863 [WARN] PackLoader:240 - Cannot read IP mode file for STMicroelectronics.X-CUBE-TOUCHGFX.4.24.1
2024-09-24 13:33:36,865 [INFO] PopulateThirdPartyThread:66 - Ending populate Thread
2024-09-24 13:33:36,868 [INFO] ThirdParty:1030 - CMSIS Pack Vendor :STMicroelectronics X-CUBE-TOUCHGFX 4.24.1
2024-09-24 13:33:36,868 [INFO] ThirdParty:1030 - CMSIS Pack Vendor :STMicroelectronics X-CUBE-ISPU 2.1.0
2024-09-24 13:33:36,868 [INFO] LoadServerUpdatesThread:375 - End of LoadServerUpdate Thread
2024-09-24 13:33:36,999 [INFO] CheckServerUpdateThread:120 - End of CheckServer Thread
2024-09-24 13:33:38,298 [WARN] PackLoader:240 - Cannot read IP mode file for STMicroelectronics.FP-SNS-MOTENVWB1.1.4.0
2024-09-24 13:33:38,307 [WARN] PackLoader:240 - Cannot read IP mode file for STMicroelectronics.X-CUBE-SMBUS.2.1.0
2024-09-24 13:33:38,322 [WARN] PackLoader:240 - Cannot read IP mode file for STMicroelectronics.X-CUBE-TOUCHGFX.4.23.0
2024-09-24 13:33:38,324 [WARN] PackLoader:240 - Cannot read IP mode file for STMicroelectronics.X-CUBE-TOUCHGFX.4.23.2
2024-09-24 13:33:38,361 [WARN] PackLoader:240 - Cannot read IP mode file for STMicroelectronics.X-CUBE-AZRTOS-F7.1.1.0
2024-09-24 13:33:38,393 [WARN] PackLoader:240 - Cannot read IP mode file for STMicroelectronics.FP-SNS-MOTENV1.4.3.2
2024-09-24 13:33:38,573 [WARN] PackLoader:240 - Cannot read IP mode file for STMicroelectronics.X-CUBE-MEMS1.11.0.0
2024-09-24 13:33:38,768 [WARN] PackLoader:240 - Cannot read IP mode file for STMicroelectronics.FP-SNS-FLIGHT1.5.0.2
2024-09-24 13:33:38,786 [WARN] PackLoader:240 - Cannot read IP mode file for STMicroelectronics.X-CUBE-DISPLAY.3.0.0
2024-09-24 13:33:38,808 [WARN] PackLoader:240 - Cannot read IP mode file for STMicroelectronics.X-CUBE-BLE1.7.0.0
2024-09-24 13:33:38,819 [WARN] PackLoader:240 - Cannot read IP mode file for emotas.I-CUBE-CANOPEN.1.3.0
2024-09-24 13:33:38,846 [WARN] PackLoader:240 - Cannot read IP mode file for STMicroelectronics.X-CUBE-BLEMGR.3.1.0
2024-09-24 13:33:38,863 [WARN] PackLoader:240 - Cannot read IP mode file for STMicroelectronics.FP-SNS-SMARTAG2.1.2.0
2024-09-24 13:33:38,879 [INFO] LogOutputStream:77 - [STDOUT_REDIRECT] 1 : Invalid condition id : UX_CORESTACK_Condition cause : null
2024-09-24 13:33:38,881 [INFO] LogOutputStream:77 - [STDOUT_REDIRECT] 1 : Invalid condition id : UX_CORESTACK_Condition cause : null
2024-09-24 13:33:38,884 [INFO] LogOutputStream:77 - [STDOUT_REDIRECT] 1 : Invalid condition id : UX_CORESTACK_Condition cause : null
2024-09-24 13:33:38,884 [INFO] LogOutputStream:77 - [STDOUT_REDIRECT] 1 : Invalid condition id : UX_CORESTACK_Condition cause : null
2024-09-24 13:33:38,884 [INFO] LogOutputStream:77 - [STDOUT_REDIRECT] 1 : Invalid condition id : UX_CORESTACK_Condition cause : null
2024-09-24 13:33:38,896 [WARN] PackLoader:240 - Cannot read IP mode file for STMicroelectronics.X-CUBE-AZRTOS-WL.2.0.0
2024-09-24 13:33:38,918 [WARN] PackLoader:240 - Cannot read IP mode file for STMicroelectronics.FP-SNS-MOTENV1.5.0.0
2024-09-24 13:33:38,928 [WARN] PackLoader:240 - Cannot read IP mode file for wolfSSL.I-CUBE-wolfMQTT.1.19.0
2024-09-24 13:33:38,942 [WARN] PackLoader:240 - Cannot read IP mode file for WES.I-CUBE-Cesium.1.3.0
2024-09-24 13:33:38,956 [WARN] PackLoader:240 - Cannot read IP mode file for STMicroelectronics.X-CUBE-BLE2.3.3.0
2024-09-24 13:33:38,974 [WARN] PackLoader:240 - Cannot read IP mode file for STMicroelectronics.X-CUBE-TCPP.4.1.0
2024-09-24 13:33:38,988 [WARN] PackLoader:240 - Cannot read IP mode file for STMicroelectronics.X-CUBE-ALGOBUILD.1.3.0
2024-09-24 13:33:39,031 [WARN] PackLoader:240 - Cannot read IP mode file for STMicroelectronics.X-CUBE-AZRTOS-G0.1.1.0
2024-09-24 13:33:39,054 [WARN] PackLoader:240 - Cannot read IP mode file for STMicroelectronics.X-CUBE-SAFEA1.1.2.2
2024-09-24 13:33:39,074 [WARN] PackLoader:240 - Cannot read IP mode file for STMicroelectronics.X-CUBE-NFC4.3.0.0
2024-09-24 13:33:39,086 [INFO] WebApp:167 - Instantiating new browser for Auth
2024-09-24 13:33:39,088 [WARN] PackLoader:240 - Cannot read IP mode file for EmbeddedOffice.I-CUBE-FS-RTOS.1.0.1
2024-09-24 13:33:39,090 [ERROR] ConditionMgr:805 - Attr not supported : Dmpu
2024-09-24 13:33:39,092 [ERROR] ConditionMgr:805 - Attr not supported : Dmpu
2024-09-24 13:33:39,092 [ERROR] ConditionMgr:805 - Attr not supported : Dmpu
2024-09-24 13:33:39,093 [ERROR] ConditionMgr:805 - Attr not supported : Dmpu
2024-09-24 13:33:39,093 [ERROR] ConditionMgr:805 - Attr not supported : Dmpu
2024-09-24 13:33:39,094 [ERROR] ConditionMgr:805 - Attr not supported : Dmpu
2024-09-24 13:33:39,094 [ERROR] ConditionMgr:805 - Attr not supported : Dmpu
2024-09-24 13:33:39,094 [ERROR] ConditionMgr:805 - Attr not supported : Dmpu
2024-09-24 13:33:39,094 [ERROR] ConditionMgr:805 - Attr not supported : Dmpu
2024-09-24 13:33:39,094 [ERROR] ConditionMgr:805 - Attr not supported : Dmpu
2024-09-24 13:33:39,094 [ERROR] ConditionMgr:805 - Attr not supported : Dmpu
2024-09-24 13:33:39,094 [ERROR] ConditionMgr:805 - Attr not supported : Dmpu
2024-09-24 13:33:39,094 [ERROR] ConditionMgr:805 - Attr not supported : Dmpu
2024-09-24 13:33:39,098 [ERROR] ConditionMgr:805 - Attr not supported : Dmpu
2024-09-24 13:33:39,099 [ERROR] ConditionMgr:805 - Attr not supported : Dmpu
2024-09-24 13:33:39,099 [ERROR] ConditionMgr:805 - Attr not supported : Dmpu
2024-09-24 13:33:39,102 [ERROR] ConditionMgr:805 - Attr not supported : Dmpu
2024-09-24 13:33:39,103 [ERROR] ConditionMgr:805 - Attr not supported : Dmpu
2024-09-24 13:33:39,104 [ERROR] ConditionMgr:805 - Attr not supported : Dmpu
2024-09-24 13:33:39,104 [ERROR] ConditionMgr:805 - Attr not supported : Dmpu
2024-09-24 13:33:39,104 [ERROR] ConditionMgr:805 - Attr not supported : Dmpu
2024-09-24 13:33:39,105 [ERROR] ConditionMgr:805 - Attr not supported : Dmpu
2024-09-24 13:33:39,105 [ERROR] ConditionMgr:805 - Attr not supported : Dmpu
2024-09-24 13:33:39,105 [ERROR] ConditionMgr:805 - Attr not supported : Dmpu
2024-09-24 13:33:39,105 [ERROR] ConditionMgr:805 - Attr not supported : Dmpu
2024-09-24 13:33:39,105 [ERROR] ConditionMgr:805 - Attr not supported : Dmpu
2024-09-24 13:33:39,114 [ERROR] ConditionMgr:805 - Attr not supported : Dmpu
2024-09-24 13:33:39,119 [ERROR] ConditionMgr:805 - Attr not supported : Dmpu
2024-09-24 13:33:39,119 [ERROR] ConditionMgr:805 - Attr not supported : Dmpu
2024-09-24 13:33:39,119 [ERROR] ConditionMgr:805 - Attr not supported : Dmpu
2024-09-24 13:33:39,119 [ERROR] ConditionMgr:805 - Attr not supported : Dmpu
2024-09-24 13:33:39,126 [ERROR] ConditionMgr:805 - Attr not supported : Dmpu
2024-09-24 13:33:39,126 [ERROR] ConditionMgr:805 - Attr not supported : Dmpu
2024-09-24 13:33:39,126 [ERROR] ConditionMgr:805 - Attr not supported : Dmpu
2024-09-24 13:33:39,133 [ERROR] ConditionMgr:805 - Attr not supported : Dmpu
2024-09-24 13:33:39,133 [ERROR] ConditionMgr:805 - Attr not supported : Dmpu
2024-09-24 13:33:39,134 [ERROR] ConditionMgr:805 - Attr not supported : Dmpu
2024-09-24 13:33:39,138 [ERROR] ConditionMgr:805 - Attr not supported : Dmpu
2024-09-24 13:33:39,146 [ERROR] ConditionMgr:805 - Attr not supported : Dmpu
2024-09-24 13:33:39,150 [ERROR] ConditionMgr:805 - Attr not supported : Dmpu
2024-09-24 13:33:39,154 [ERROR] ConditionMgr:805 - Attr not supported : Dmpu
2024-09-24 13:33:39,154 [ERROR] ConditionMgr:805 - Attr not supported : Dmpu
2024-09-24 13:33:39,154 [ERROR] ConditionMgr:805 - Attr not supported : Dmpu
2024-09-24 13:33:39,154 [ERROR] ConditionMgr:805 - Attr not supported : Dmpu
2024-09-24 13:33:39,155 [ERROR] ConditionMgr:805 - Attr not supported : Dmpu
2024-09-24 13:33:39,155 [ERROR] ConditionMgr:805 - Attr not supported : Dmpu
2024-09-24 13:33:39,155 [ERROR] ConditionMgr:805 - Attr not supported : Dmpu
2024-09-24 13:33:39,155 [ERROR] ConditionMgr:805 - Attr not supported : Dmpu
2024-09-24 13:33:39,155 [ERROR] ConditionMgr:805 - Attr not supported : Dmpu
2024-09-24 13:33:39,155 [ERROR] ConditionMgr:805 - Attr not supported : Dmpu
2024-09-24 13:33:39,155 [ERROR] ConditionMgr:805 - Attr not supported : Dmpu
2024-09-24 13:33:39,155 [ERROR] ConditionMgr:805 - Attr not supported : Dmpu
2024-09-24 13:33:39,159 [ERROR] ConditionMgr:805 - Attr not supported : Dmpu
2024-09-24 13:33:39,159 [ERROR] ConditionMgr:805 - Attr not supported : Dmpu
2024-09-24 13:33:39,159 [ERROR] ConditionMgr:805 - Attr not supported : Dmpu
2024-09-24 13:33:39,159 [ERROR] ConditionMgr:805 - Attr not supported : Dmpu
2024-09-24 13:33:39,159 [ERROR] ConditionMgr:805 - Attr not supported : Dmpu
2024-09-24 13:33:39,159 [ERROR] ConditionMgr:805 - Attr not supported : Dmpu
2024-09-24 13:33:39,159 [ERROR] ConditionMgr:805 - Attr not supported : Dmpu
2024-09-24 13:33:39,159 [ERROR] ConditionMgr:805 - Attr not supported : Dmpu
2024-09-24 13:33:39,160 [ERROR] ConditionMgr:805 - Attr not supported : Dmpu
2024-09-24 13:33:39,160 [ERROR] ConditionMgr:805 - Attr not supported : Dmpu
2024-09-24 13:33:39,160 [ERROR] ConditionMgr:805 - Attr not supported : Dmpu
2024-09-24 13:33:39,160 [ERROR] ConditionMgr:805 - Attr not supported : Dmpu
2024-09-24 13:33:39,174 [WARN] PackLoader:240 - Cannot read IP mode file for STMicroelectronics.X-CUBE-BLEMGR.3.0.0
2024-09-24 13:33:39,189 [WARN] PackLoader:240 - Cannot read IP mode file for RealThread.X-CUBE-RT-Thread_Nano.4.1.1
2024-09-24 13:33:39,196 [WARN] PackLoader:240 - Cannot read IP mode file for STMicroelectronics.FP-ATR-SIGFOX1.3.2.0
2024-09-24 13:33:39,202 [WARN] PackLoader:240 - Cannot read IP mode file for STMicroelectronics.X-CUBE-EEPRMA1.5.1.0
2024-09-24 13:33:39,243 [WARN] PackLoader:240 - Cannot read IP mode file for SEGGER.I-CUBE-embOS.1.3.1
2024-09-24 13:33:39,298 [WARN] PackLoader:240 - Cannot read IP mode file for STMicroelectronics.X-CUBE-ALGOBUILD.1.4.0
2024-09-24 13:33:39,304 [WARN] PackLoader:240 - Cannot read IP mode file for STMicroelectronics.X-CUBE-GNSS1.6.0.0
2024-09-24 13:33:39,322 [WARN] PackLoader:240 - Cannot read IP mode file for STMicroelectronics.X-CUBE-AZRTOS-F4.1.1.0
2024-09-24 13:33:39,331 [WARN] PackLoader:240 - Cannot read IP mode file for STMicroelectronics.X-CUBE-ISPU.2.1.0
2024-09-24 13:33:39,337 [WARN] PackLoader:240 - Cannot read IP mode file for STMicroelectronics.X-CUBE-FREERTOS.1.2.0
2024-09-24 13:33:39,342 [WARN] PackLoader:240 - Cannot read IP mode file for wolfSSL.I-CUBE-wolfSSL.5.6.6
2024-09-24 13:33:39,359 [WARN] PackLoader:240 - Cannot read IP mode file for STMicroelectronics.X-CUBE-AZRTOS-L5.2.0.0
2024-09-24 13:33:39,373 [WARN] PackLoader:240 - Cannot read IP mode file for STMicroelectronics.X-CUBE-EEPRMA1.4.2.0
2024-09-24 13:33:39,381 [WARN] PackLoader:240 - Cannot read IP mode file for STMicroelectronics.X-CUBE-NFC6.3.1.0
2024-09-24 13:33:39,388 [WARN] PackLoader:240 - Cannot read IP mode file for ITTIA_DB.I-CUBE-ITTIADB.8.8.0
2024-09-24 13:33:39,393 [WARN] PackLoader:240 - Cannot read IP mode file for STMicroelectronics.X-CUBE-DPower.1.2.0
2024-09-24 13:33:39,397 [WARN] PackLoader:240 - Cannot read IP mode file for STMicroelectronics.X-CUBE-AI.9.0.0
2024-09-24 13:33:39,402 [WARN] PackLoader:240 - Cannot read IP mode file for STMicroelectronics.X-CUBE-NFC7.1.0.1
2024-09-24 13:33:39,411 [WARN] PackLoader:240 - Cannot read IP mode file for STMicroelectronics.X-CUBE-NFC6.3.0.0
2024-09-24 13:33:39,418 [WARN] PackLoader:240 - Cannot read IP mode file for STMicroelectronics.X-CUBE-AI.8.1.0
2024-09-24 13:33:39,439 [WARN] ConditionMgr:438 - getConditionDescription Invalid condition id : LAN8742 Phy interface Condition cause : null
2024-09-24 13:33:39,440 [WARN] PackLoader:240 - Cannot read IP mode file for STMicroelectronics.X-CUBE-AZRTOS-L4.2.0.0
2024-09-24 13:33:39,443 [WARN] ConditionMgr:1039 - genDependencies : Invalid condition id : LAN8742 Phy interface Condition cause : null
2024-09-24 13:33:39,443 [WARN] ConditionMgr:1039 - genDependencies : Invalid condition id : LAN8742 Phy interface Condition cause : null
2024-09-24 13:33:39,444 [WARN] ConditionMgr:1039 - genDependencies : Invalid condition id : LAN8742 Phy interface Condition cause : null
2024-09-24 13:33:39,453 [WARN] PackLoader:240 - Cannot read IP mode file for STMicroelectronics.X-CUBE-SFXS2LP1.4.0.0
2024-09-24 13:33:39,478 [WARN] PackLoader:240 - Cannot read IP mode file for STMicroelectronics.X-CUBE-AZRTOS-H7.3.3.0
2024-09-24 13:33:39,493 [WARN] ConditionMgr:438 - getConditionDescription Invalid condition id : UX DEVICE CLASS RTOS Condition cause : null
2024-09-24 13:33:39,494 [WARN] ConditionMgr:438 - getConditionDescription Invalid condition id : UX DEVICE CLASS RTOS Condition cause : null
2024-09-24 13:33:39,497 [WARN] PackLoader:240 - Cannot read IP mode file for STMicroelectronics.X-CUBE-AZRTOS-WB.2.0.0
2024-09-24 13:33:39,508 [WARN] ConditionMgr:1039 - genDependencies : Invalid condition id : UX DEVICE CLASS RTOS Condition cause : null
2024-09-24 13:33:39,508 [WARN] ConditionMgr:1039 - genDependencies : Invalid condition id : UX DEVICE CLASS RTOS Condition cause : null
2024-09-24 13:33:39,509 [WARN] ConditionMgr:1039 - genDependencies : Invalid condition id : UX DEVICE CLASS RTOS Condition cause : null
2024-09-24 13:33:39,509 [WARN] ConditionMgr:1039 - genDependencies : Invalid condition id : UX DEVICE CLASS RTOS Condition cause : null
2024-09-24 13:33:39,509 [WARN] ConditionMgr:1039 - genDependencies : Invalid condition id : UX DEVICE CLASS RTOS Condition cause : null
2024-09-24 13:33:39,528 [WARN] PackLoader:240 - Cannot read IP mode file for STMicroelectronics.X-CUBE-GNSS1.7.0.0
2024-09-24 13:33:39,549 [WARN] PackLoader:240 - Cannot read IP mode file for STMicroelectronics.FP-SNS-STBOX1.2.0.0
2024-09-24 13:33:39,628 [WARN] PackLoader:240 - Cannot read IP mode file for STMicroelectronics.X-CUBE-SUBG2.5.0.0
2024-09-24 13:33:39,680 [WARN] PackLoader:240 - Cannot read IP mode file for Cesanta.I-CUBE-Mongoose.7.13.0
2024-09-24 13:33:39,722 [WARN] PackLoader:240 - Cannot read IP mode file for STMicroelectronics.X-CUBE-AZRTOS-G4.2.0.0
2024-09-24 13:33:39,776 [WARN] PackLoader:240 - Cannot read IP mode file for Infineon.AIROC-Wi-Fi-Bluetooth-STM32.1.5.1
2024-09-24 13:33:39,792 [WARN] PackLoader:240 - Cannot read IP mode file for STMicroelectronics.FP-SNS-MOTENVWB1.1.3.1
2024-09-24 13:33:39,797 [WARN] PackLoader:240 - Cannot read IP mode file for STMicroelectronics.X-CUBE-ISPU.2.0.0
2024-09-24 13:33:39,801 [WARN] PackLoader:240 - Cannot read IP mode file for STMicroelectronics.X-CUBE-ALS.1.0.2
2024-09-24 13:33:39,858 [WARN] PackLoader:240 - Cannot read IP mode file for STMicroelectronics.X-CUBE-MEMS1.10.0.0
2024-09-24 13:33:40,009 [WARN] PackLoader:240 - Cannot read IP mode file for STMicroelectronics.X-CUBE-FREERTOS.1.1.0
2024-09-24 13:33:40,032 [WARN] PackLoader:240 - Cannot read IP mode file for STMicroelectronics.X-CUBE-TOUCHGFX.4.24.0
2024-09-24 13:33:40,036 [WARN] PackLoader:240 - Cannot read IP mode file for STMicroelectronics.X-CUBE-TOUCHGFX.4.24.1
2024-09-24 13:33:40,039 [WARN] PackLoader:240 - Cannot read IP mode file for wolfSSL.I-CUBE-wolfTPM.3.4.0
2024-09-24 13:33:40,043 [WARN] PackLoader:240 - Cannot read IP mode file for portGmbH.I-Cube-SoM-uGOAL.1.1.0
2024-09-24 13:33:40,047 [WARN] PackLoader:240 - Cannot read IP mode file for STMicroelectronics.X-CUBE-ALS.1.0.1
2024-09-24 13:33:40,065 [WARN] PackLoader:240 - Cannot read IP mode file for STMicroelectronics.X-CUBE-AZRTOS-H7RS.1.0.0
2024-09-24 13:33:40,071 [WARN] PackLoader:240 - Cannot read IP mode file for STMicroelectronics.FP-ATR-ASTRA1.2.0.0
2024-09-24 13:33:40,085 [WARN] PackLoader:240 - Cannot read IP mode file for STMicroelectronics.X-CUBE-TOF1.3.4.2
2024-09-24 13:33:40,102 [WARN] PackLoader:240 - Cannot read IP mode file for STMicroelectronics.X-CUBE-TOF1.3.4.0
2024-09-24 13:33:40,220 [WARN] PackLoader:240 - Cannot read IP mode file for STMicroelectronics.X-CUBE-TOF1.3.4.1
2024-09-24 13:33:40,261 [WARN] PackLoader:240 - Cannot read IP mode file for STMicroelectronics.X-CUBE-AZRTOS-H7.3.2.0
2024-09-24 13:33:40,269 [WARN] PackLoader:240 - Cannot read IP mode file for wolfSSL.I-CUBE-wolfSSH.1.4.17
2024-09-24 13:33:40,276 [INFO] ThirdParty:978 - Integrity check success = true
2024-09-24 13:33:40,276 [INFO] IntegrityCheckThread:100 - exiting critical section [integrity check]
2024-09-24 13:33:40,276 [INFO] IntegrityCheckThread:103 - End integrity checks thread
2024-09-24 13:33:40,881 [INFO] WebApp:448 - Apply proxy settings
2024-09-24 13:33:40,890 [INFO] WebApp:493 - Chromium authenticates against Manually configured proxy
2024-09-24 13:33:40,910 [INFO] WebApp:501 - Username used for proxy authentication: 
2024-09-24 13:33:40,978 [INFO] WebApp:869 - Register for checkConnection events
2024-09-24 13:33:40,978 [INFO] WebApp:448 - Apply proxy settings
2024-09-24 13:33:40,981 [INFO] WebApp:493 - Chromium authenticates against Manually configured proxy
2024-09-24 13:33:40,981 [INFO] WebApp:501 - Username used for proxy authentication: 
2024-09-24 13:33:41,126 [INFO] WebApp:220 - Starting web application
2024-09-24 13:33:41,126 [INFO] WebApp:578 - Web application path used /Applications/STM32CubeIDE.app/Contents/Eclipse/plugins/com.st.stm32cube.common.mx_6.12.0.202406281431/db/plugins/mcufinder/reactClient1/index.html
2024-09-24 13:33:41,618 [INFO] WebApp:186 - Connection restablished
2024-09-24 13:33:41,664 [INFO] UserAuth:417 - Internet connection configuration mode: 1
2024-09-24 13:42:28,658 [INFO] WebApp:189 - Connection lost
2024-09-24 13:42:35,805 [INFO] WebApp:186 - Connection restablished
2024-09-24 13:43:31,752 [INFO] WebApp:189 - Connection lost
2024-09-24 13:43:37,787 [INFO] WebApp:186 - Connection restablished
2024-09-24 13:44:10,658 [INFO] WebApp:189 - Connection lost
2024-09-24 14:41:27,692 [INFO] WebApp:186 - Connection restablished
