2024-09-10 14:22:23,248 [ERROR] LogOutputStream:75 - [STDERR_REDIRECT] 
2024-09-10 14:22:35,788 [INFO] Activator:176 - 


2024-09-10 14:22:35,789 [INFO] Activator:177 - !SESSION log4j initialized
2024-09-10 14:22:40,510 [INFO] LogOutputStream:77 - [STDOUT_REDIRECT] 
2024-09-10 14:22:41,217 [ERROR] LogOutputStream:75 - [STDERR_REDIRECT] 
2024-09-10 14:22:42,850 [INFO] LogOutputStream:77 - [STDOUT_REDIRECT] 
2024-09-10 14:22:43,531 [ERROR] LogOutputStream:75 - [STDERR_REDIRECT] java.net.URISyntaxException: Illegal character in path at index 44: file:/Users/joelrsilva/Documents/School/2024 - FALL/ECEN 2370/.metadata/.log4j2.xml
2024-09-10 14:22:43,532 [ERROR] LogOutputStream:75 - [STDERR_REDIRECT] 	at java.base/java.net.URI$Parser.fail(URI.java:2976)
2024-09-10 14:22:43,532 [ERROR] LogOutputStream:75 - [STDERR_REDIRECT] 	at java.base/java.net.URI$Parser.checkChars(URI.java:3147)
2024-09-10 14:22:43,533 [ERROR] LogOutputStream:75 - [STDERR_REDIRECT] 	at java.base/java.net.URI$Parser.parseHierarchical(URI.java:3229)
2024-09-10 14:22:43,534 [ERROR] LogOutputStream:75 - [STDERR_REDIRECT] 	at java.base/java.net.URI$Parser.parse(URI.java:3177)
2024-09-10 14:22:43,535 [ERROR] LogOutputStream:75 - [STDERR_REDIRECT] 	at java.base/java.net.URI.<init>(URI.java:623)
2024-09-10 14:22:43,535 [ERROR] LogOutputStream:75 - [STDERR_REDIRECT] 	at java.base/java.net.URL.toURI(URL.java:1056)
2024-09-10 14:22:43,535 [ERROR] LogOutputStream:75 - [STDERR_REDIRECT] 	at com.st.stm32cube.common.mx.core.CubeMxInstance.getInstance(CubeMxInstance.java:81)
2024-09-10 14:22:43,535 [ERROR] LogOutputStream:75 - [STDERR_REDIRECT] 	at com.st.stm32cube.common.mx.userauth.UserAuthAdapter.<init>(UserAuthAdapter.java:25)
2024-09-10 14:22:43,535 [ERROR] LogOutputStream:75 - [STDERR_REDIRECT] 	at com.st.stm32cube.common.mx.userauth.UserAuthProvider.getUserAuthAdapter(UserAuthProvider.java:16)
2024-09-10 14:22:43,536 [ERROR] LogOutputStream:75 - [STDERR_REDIRECT] 	at com.st.stm32cube.common.ecosystemintegration.ui.core.MCUEcoSystemIntegrationUiHelper.getUserAuth(MCUEcoSystemIntegrationUiHelper.java:100)
2024-09-10 14:22:43,536 [ERROR] LogOutputStream:75 - [STDERR_REDIRECT] 	at com.st.stm32cube.ide.mcu.userauth.UserAuthStartup.earlyStartup(UserAuthStartup.java:41)
2024-09-10 14:22:43,536 [ERROR] LogOutputStream:75 - [STDERR_REDIRECT] 	at org.eclipse.ui.internal.EarlyStartupRunnable.runEarlyStartup(EarlyStartupRunnable.java:79)
2024-09-10 14:22:43,537 [ERROR] LogOutputStream:75 - [STDERR_REDIRECT] 	at org.eclipse.ui.internal.EarlyStartupRunnable.run(EarlyStartupRunnable.java:55)
2024-09-10 14:22:43,537 [ERROR] LogOutputStream:75 - [STDERR_REDIRECT] 	at org.eclipse.core.runtime.SafeRunner.run(SafeRunner.java:47)
2024-09-10 14:22:43,537 [ERROR] LogOutputStream:75 - [STDERR_REDIRECT] 	at org.eclipse.ui.internal.Workbench$39.run(Workbench.java:2762)
2024-09-10 14:22:43,537 [ERROR] LogOutputStream:75 - [STDERR_REDIRECT] 	at org.eclipse.core.internal.jobs.Worker.run(Worker.java:63)
2024-09-10 14:22:43,634 [INFO] ApplicationProperties:184 - Using Application install path: /Applications/STM32CubeIDE.app/Contents/Eclipse/plugins/com.st.stm32cube.common.mx_6.12.0.202406281431
2024-09-10 14:22:43,651 [INFO] DbMcusXml:78 - Set database path to: /Applications/STM32CubeIDE.app/Contents/Eclipse/plugins/com.st.stm32cube.common.mx_6.12.0.202406281431//db//mcu/
2024-09-10 14:22:43,651 [INFO] ApiDb:274 - Set plugin database path to: /Applications/STM32CubeIDE.app/Contents/Eclipse/plugins/com.st.stm32cube.common.mx_6.12.0.202406281431//db//plugins/boardmanager/
2024-09-10 14:22:43,653 [WARN] ApiDb:259 - Overriding images path with different value:  => /Applications/STM32CubeIDE.app/Contents/Eclipse/plugins/com.st.stm32cube.common.mx_6.12.0.202406281431//db//plugins/mcufinder/images/
2024-09-10 14:22:43,665 [INFO] ApiDb:250 - Set database path to: /Users/joelrsilva/.stmcufinder/plugins/mcufinder//mcu/
2024-09-10 14:22:43,666 [INFO] DbMcusAds:125 - Set database path to: /Users/joelrsilva/.stmcufinder/plugins/mcufinder//mcu/
2024-09-10 14:22:43,668 [INFO] CrossReferenceDbSqlite:203 - Set database path to: /Users/joelrsilva/.stmcufinder/plugins/mcufinder//mcu/cs/
2024-09-10 14:22:43,812 [INFO] RulesReader:64 - Compatibility file has been processed (297 Rules)
2024-09-10 14:22:43,872 [INFO] DbMcusXml:78 - Set database path to: /Applications/STM32CubeIDE.app/Contents/Eclipse/plugins/com.st.stm32cube.common.mx_6.12.0.202406281431//db//mcu/
2024-09-10 14:22:43,872 [INFO] ApiDb:274 - Set plugin database path to: /Applications/STM32CubeIDE.app/Contents/Eclipse/plugins/com.st.stm32cube.common.mx_6.12.0.202406281431//db//plugins/boardmanager/
2024-09-10 14:22:43,872 [INFO] ApiDb:261 - Set plugin images path to: /Applications/STM32CubeIDE.app/Contents/Eclipse/plugins/com.st.stm32cube.common.mx_6.12.0.202406281431//db//plugins/mcufinder/images/
2024-09-10 14:22:43,872 [WARN] DbFile:41 - Overriding database path with different value: /Users/joelrsilva/.stmcufinder/plugins/mcufinder/ => /Users/joelrsilva/.stmcufinder/plugins/mcufinder
2024-09-10 14:22:43,872 [INFO] ApiDb:250 - Set database path to: /Users/joelrsilva/.stmcufinder/plugins/mcufinder//mcu/
2024-09-10 14:22:43,872 [WARN] DbFile:41 - Overriding database path with different value: /Users/joelrsilva/.stmcufinder/plugins/mcufinder/ => /Users/joelrsilva/.stmcufinder/plugins/mcufinder
2024-09-10 14:22:43,872 [INFO] DbMcusAds:125 - Set database path to: /Users/joelrsilva/.stmcufinder/plugins/mcufinder//mcu/
2024-09-10 14:22:43,872 [WARN] DbFile:41 - Overriding database path with different value: /Users/joelrsilva/.stmcufinder/plugins/mcufinder/ => /Users/joelrsilva/.stmcufinder/plugins/mcufinder
2024-09-10 14:22:43,872 [WARN] DbFile:41 - Overriding database path with different value: /Users/joelrsilva/.stmcufinder/plugins/mcufinder/ => /Users/joelrsilva/.stmcufinder/plugins/mcufinder
2024-09-10 14:22:43,872 [INFO] CrossReferenceDbSqlite:203 - Set database path to: /Users/joelrsilva/.stmcufinder/plugins/mcufinder//mcu/cs/
2024-09-10 14:22:43,956 [INFO] MainPanel:268 - HeapMemory: 268435456
2024-09-10 14:22:44,472 [INFO] DbMcusXml:78 - Set database path to: /Applications/STM32CubeIDE.app/Contents/Eclipse/plugins/com.st.stm32cube.common.mx_6.12.0.202406281431//db//mcu/
2024-09-10 14:22:44,472 [INFO] ApiDb:274 - Set plugin database path to: /Applications/STM32CubeIDE.app/Contents/Eclipse/plugins/com.st.stm32cube.common.mx_6.12.0.202406281431//db//plugins/boardmanager/
2024-09-10 14:22:44,473 [INFO] ApiDb:261 - Set plugin images path to: /Applications/STM32CubeIDE.app/Contents/Eclipse/plugins/com.st.stm32cube.common.mx_6.12.0.202406281431//db//plugins/mcufinder/images/
2024-09-10 14:22:44,473 [WARN] DbFile:41 - Overriding database path with different value: /Users/joelrsilva/.stmcufinder/plugins/mcufinder/ => /Users/joelrsilva/.stmcufinder/plugins/mcufinder
2024-09-10 14:22:44,473 [INFO] ApiDb:250 - Set database path to: /Users/joelrsilva/.stmcufinder/plugins/mcufinder//mcu/
2024-09-10 14:22:44,473 [WARN] DbFile:41 - Overriding database path with different value: /Users/joelrsilva/.stmcufinder/plugins/mcufinder/ => /Users/joelrsilva/.stmcufinder/plugins/mcufinder
2024-09-10 14:22:44,473 [INFO] DbMcusAds:125 - Set database path to: /Users/joelrsilva/.stmcufinder/plugins/mcufinder//mcu/
2024-09-10 14:22:44,473 [WARN] DbFile:41 - Overriding database path with different value: /Users/joelrsilva/.stmcufinder/plugins/mcufinder/ => /Users/joelrsilva/.stmcufinder/plugins/mcufinder
2024-09-10 14:22:44,473 [WARN] DbFile:41 - Overriding database path with different value: /Users/joelrsilva/.stmcufinder/plugins/mcufinder/ => /Users/joelrsilva/.stmcufinder/plugins/mcufinder
2024-09-10 14:22:44,473 [INFO] CrossReferenceDbSqlite:203 - Set database path to: /Users/joelrsilva/.stmcufinder/plugins/mcufinder//mcu/cs/
2024-09-10 14:22:44,490 [INFO] ApplicationProperties:184 - Using Application install path: /Applications/STM32CubeIDE.app/Contents/Eclipse/plugins/com.st.stm32cube.common.mx_6.12.0.202406281431
2024-09-10 14:22:44,491 [INFO] PluginManage:196 - Search for loadable plugins [exclusion list=, ]
2024-09-10 14:22:44,492 [INFO] PluginManage:310 - Check plugin analytics
2024-09-10 14:22:44,652 [INFO] AnalyticsPlugin:253 - Accepted Software Licenses: 
2024-09-10 14:22:44,652 [INFO] AnalyticsPlugin:255 - Accepted CMSIS Pack Licenses: 
2024-09-10 14:22:44,653 [INFO] AnalyticsPlugin:257 - Accepted Firmware Licenses: FW.F4.1.28.0
2024-09-10 14:22:44,663 [INFO] PluginManage:359 - Loaded plugin analytics (category:tool,tabindex:-1)
2024-09-10 14:22:44,664 [INFO] PluginManage:310 - Check plugin cadmodel
2024-09-10 14:22:44,678 [INFO] CADModel:105 - Init CAD model plugin
2024-09-10 14:22:44,678 [INFO] PluginManage:359 - Loaded plugin cadmodel (category:power,tabindex:5)
2024-09-10 14:22:44,678 [INFO] PluginManage:310 - Check plugin clock
2024-09-10 14:22:44,688 [INFO] PluginManage:359 - Loaded plugin clock (category:base,tabindex:2)
2024-09-10 14:22:44,688 [INFO] PluginManage:310 - Check plugin ddr
2024-09-10 14:22:44,689 [INFO] PluginManage:359 - Loaded plugin ddr (category:tool,tabindex:6)
2024-09-10 14:22:44,689 [INFO] PluginManage:310 - Check plugin filemanager
2024-09-10 14:22:44,814 [INFO] PluginManage:359 - Loaded plugin filemanager (category:base,tabindex:10)
2024-09-10 14:22:44,814 [INFO] PluginManage:310 - Check plugin ipmanager
2024-09-10 14:22:44,820 [INFO] PluginManage:359 - Loaded plugin ipmanager (category:base,tabindex:5)
2024-09-10 14:22:44,820 [INFO] PluginManage:310 - Check plugin lpbam
2024-09-10 14:22:44,828 [INFO] PluginManage:359 - Loaded plugin lpbam (category:base,tabindex:0)
2024-09-10 14:22:44,828 [INFO] PluginManage:310 - Check plugin memorymap
2024-09-10 14:22:44,837 [INFO] PluginManage:359 - Loaded plugin memorymap (category:base,tabindex:4)
2024-09-10 14:22:44,837 [INFO] PluginManage:310 - Check plugin pinoutandconfiguration
2024-09-10 14:22:44,842 [INFO] PluginManage:359 - Loaded plugin pinoutandconfiguration (category:base,tabindex:1)
2024-09-10 14:22:44,842 [INFO] PluginManage:310 - Check plugin pinoutconfig
2024-09-10 14:22:44,906 [WARN] SupportedApi:132 - Cannot load RTOS API schema: s4s-elt-must-match.1: The content of 'definitions' must match (annotation?, (simpleType | complexType)?, (unique | key | keyref)*)). A problem was found starting at: attribute.
2024-09-10 14:22:45,017 [INFO] PluginManage:359 - Loaded plugin pinoutconfig (category:base,tabindex:0)
2024-09-10 14:22:45,018 [INFO] PluginManage:310 - Check plugin power
2024-09-10 14:22:45,028 [INFO] PluginManage:359 - Loaded plugin power (category:power,tabindex:4)
2024-09-10 14:22:45,028 [INFO] PluginManage:310 - Check plugin projectmanager
2024-09-10 14:22:45,048 [INFO] PluginManage:359 - Loaded plugin projectmanager (category:projectmanager,tabindex:4)
2024-09-10 14:22:45,048 [INFO] PluginManage:310 - Check plugin rif
2024-09-10 14:22:45,052 [INFO] PluginManage:359 - Loaded plugin rif (category:base,tabindex:3)
2024-09-10 14:22:45,052 [INFO] PluginManage:310 - Check plugin thirdparty
2024-09-10 14:22:45,208 [INFO] PluginManage:359 - Loaded plugin thirdparty (category:base,tabindex:-1)
2024-09-10 14:22:45,207 [WARN] IntegrityCheckThread:84 - waiting for thirdparty lock release [integrity check]
2024-09-10 14:22:45,208 [INFO] PluginManage:310 - Check plugin tools
2024-09-10 14:22:45,209 [INFO] IntegrityCheckThread:86 - entering critical section [integrity check]
2024-09-10 14:22:45,210 [INFO] ThirdPartyUpdaterWithRetryManager:70 - Updater plugin not ready yet. [1/15]
2024-09-10 14:22:45,212 [INFO] PluginManage:359 - Loaded plugin tools (category:base,tabindex:7)
2024-09-10 14:22:45,212 [INFO] PluginManage:310 - Check plugin tutovideos
2024-09-10 14:22:45,442 [INFO] PluginManage:359 - Loaded plugin tutovideos (category:base,tabindex:-1)
2024-09-10 14:22:45,443 [INFO] PluginManage:310 - Check plugin updater
2024-09-10 14:22:45,491 [INFO] PluginManage:359 - Loaded plugin updater (category:base,tabindex:12)
2024-09-10 14:22:45,492 [INFO] PluginManage:310 - Check plugin userauth
2024-09-10 14:22:45,504 [INFO] UserAuth:113 - Init User Auth plugin
2024-09-10 14:22:45,504 [INFO] PluginManage:359 - Loaded plugin userauth (category:base,tabindex:14)
2024-09-10 14:22:45,506 [INFO] PluginManage:283 - PluginManage : Loaded plugins [18]
2024-09-10 14:22:45,794 [ERROR] LogOutputStream:75 - [STDERR_REDIRECT] [Fatal Error] :2:10: DOCTYPE is disallowed when the feature "http://apache.org/xml/features/disallow-doctype-decl" set to true.
2024-09-10 14:22:45,798 [ERROR] LogOutputStream:75 - [STDERR_REDIRECT] 
2024-09-10 14:22:45,936 [INFO] PinOutPanel:1561 - setPackage(No Configuration,No Configuration)
2024-09-10 14:22:46,015 [INFO] CADModel:165 - CPN selected for project level
2024-09-10 14:22:46,015 [INFO] CADModel:114 - Register for checkConnection events
2024-09-10 14:22:46,026 [INFO] IPUIPlugin:80 - create IPUIPlugin
2024-09-10 14:22:46,026 [INFO] PluginManager:220 - loadIPPluginJar : add mdma
2024-09-10 14:22:46,031 [INFO] IPUIPlugin:80 - create IPUIPlugin
2024-09-10 14:22:46,032 [INFO] PluginManager:220 - loadIPPluginJar : add freertos
2024-09-10 14:22:46,035 [INFO] IPUIPlugin:80 - create IPUIPlugin
2024-09-10 14:22:46,035 [INFO] PluginManager:220 - loadIPPluginJar : add gic
2024-09-10 14:22:46,041 [INFO] IPUIPlugin:80 - create IPUIPlugin
2024-09-10 14:22:46,041 [INFO] PluginManager:220 - loadIPPluginJar : add adc
2024-09-10 14:22:46,043 [INFO] IPUIPlugin:80 - create IPUIPlugin
2024-09-10 14:22:46,043 [INFO] PluginManager:220 - loadIPPluginJar : add gtzc
2024-09-10 14:22:46,045 [INFO] IPUIPlugin:80 - create IPUIPlugin
2024-09-10 14:22:46,045 [INFO] PluginManager:220 - loadIPPluginJar : add quadspi
2024-09-10 14:22:46,047 [INFO] IPUIPlugin:80 - create IPUIPlugin
2024-09-10 14:22:46,047 [INFO] PluginManager:220 - loadIPPluginJar : add aes
2024-09-10 14:22:46,048 [INFO] IPUIPlugin:80 - create IPUIPlugin
2024-09-10 14:22:46,048 [INFO] PluginManager:220 - loadIPPluginJar : add pdm2pcm
2024-09-10 14:22:46,049 [INFO] IPUIPlugin:80 - create IPUIPlugin
2024-09-10 14:22:46,049 [INFO] PluginManager:220 - loadIPPluginJar : add hash
2024-09-10 14:22:46,050 [INFO] IPUIPlugin:80 - create IPUIPlugin
2024-09-10 14:22:46,050 [INFO] PluginManager:220 - loadIPPluginJar : add tim
2024-09-10 14:22:46,051 [INFO] IPUIPlugin:80 - create IPUIPlugin
2024-09-10 14:22:46,051 [INFO] PluginManager:220 - loadIPPluginJar : add tsc
2024-09-10 14:22:46,052 [INFO] IPUIPlugin:80 - create IPUIPlugin
2024-09-10 14:22:46,052 [INFO] PluginManager:220 - loadIPPluginJar : add extmemmanager
2024-09-10 14:22:46,054 [INFO] IPUIPlugin:80 - create IPUIPlugin
2024-09-10 14:22:46,054 [INFO] PluginManager:220 - loadIPPluginJar : add ts
2024-09-10 14:22:46,055 [INFO] IPUIPlugin:80 - create IPUIPlugin
2024-09-10 14:22:46,056 [INFO] PluginManager:220 - loadIPPluginJar : add radio
2024-09-10 14:22:46,057 [INFO] IPUIPlugin:80 - create IPUIPlugin
2024-09-10 14:22:46,057 [INFO] PluginManager:220 - loadIPPluginJar : add can
2024-09-10 14:22:46,058 [INFO] IPUIPlugin:80 - create IPUIPlugin
2024-09-10 14:22:46,059 [INFO] PluginManager:220 - loadIPPluginJar : add dma3
2024-09-10 14:22:46,060 [INFO] IPUIPlugin:80 - create IPUIPlugin
2024-09-10 14:22:46,060 [INFO] PluginManager:220 - loadIPPluginJar : add dfsdm
2024-09-10 14:22:46,062 [INFO] IPUIPlugin:80 - create IPUIPlugin
2024-09-10 14:22:46,062 [INFO] PluginManager:220 - loadIPPluginJar : add spi
2024-09-10 14:22:46,063 [INFO] IPUIPlugin:80 - create IPUIPlugin
2024-09-10 14:22:46,063 [INFO] PluginManager:220 - loadIPPluginJar : add gfxmmu
2024-09-10 14:22:46,063 [INFO] IPUIPlugin:80 - create IPUIPlugin
2024-09-10 14:22:46,063 [INFO] PluginManager:220 - loadIPPluginJar : add genericplugin
2024-09-10 14:22:46,065 [INFO] IPUIPlugin:80 - create IPUIPlugin
2024-09-10 14:22:46,065 [INFO] PluginManager:220 - loadIPPluginJar : add cryp
2024-09-10 14:22:46,075 [INFO] IPUIPlugin:80 - create IPUIPlugin
2024-09-10 14:22:46,076 [INFO] PluginManager:220 - loadIPPluginJar : add gpio
2024-09-10 14:22:46,079 [INFO] IPUIPlugin:80 - create IPUIPlugin
2024-09-10 14:22:46,079 [INFO] PluginManager:220 - loadIPPluginJar : add ddr_ctrl_phy
2024-09-10 14:22:46,080 [INFO] IPUIPlugin:80 - create IPUIPlugin
2024-09-10 14:22:46,080 [INFO] PluginManager:220 - loadIPPluginJar : add comp
2024-09-10 14:22:46,082 [INFO] IPUIPlugin:80 - create IPUIPlugin
2024-09-10 14:22:46,082 [INFO] PluginManager:220 - loadIPPluginJar : add tracer_emb
2024-09-10 14:22:46,084 [INFO] IPUIPlugin:80 - create IPUIPlugin
2024-09-10 14:22:46,084 [INFO] PluginManager:220 - loadIPPluginJar : add openamp
2024-09-10 14:22:46,087 [INFO] IPUIPlugin:80 - create IPUIPlugin
2024-09-10 14:22:46,087 [INFO] PluginManager:220 - loadIPPluginJar : add stm32_wpan
2024-09-10 14:22:46,090 [INFO] IPUIPlugin:80 - create IPUIPlugin
2024-09-10 14:22:46,092 [INFO] PluginManager:220 - loadIPPluginJar : add plateformsettings
2024-09-10 14:22:46,094 [INFO] IPUIPlugin:80 - create IPUIPlugin
2024-09-10 14:22:46,094 [INFO] PluginManager:220 - loadIPPluginJar : add ipddr
2024-09-10 14:22:46,095 [INFO] IPUIPlugin:80 - create IPUIPlugin
2024-09-10 14:22:46,095 [INFO] PluginManager:220 - loadIPPluginJar : add usart
2024-09-10 14:22:46,096 [INFO] IPUIPlugin:80 - create IPUIPlugin
2024-09-10 14:22:46,096 [INFO] PluginManager:220 - loadIPPluginJar : add ltdc
2024-09-10 14:22:46,097 [INFO] IPUIPlugin:80 - create IPUIPlugin
2024-09-10 14:22:46,097 [INFO] PluginManager:220 - loadIPPluginJar : add nvic
2024-09-10 14:22:46,098 [INFO] IPUIPlugin:80 - create IPUIPlugin
2024-09-10 14:22:46,099 [INFO] PluginManager:220 - loadIPPluginJar : add fatfs
2024-09-10 14:22:46,104 [INFO] IPUIPlugin:80 - create IPUIPlugin
2024-09-10 14:22:46,104 [INFO] PluginManager:220 - loadIPPluginJar : add linkedlist
2024-09-10 14:22:46,108 [INFO] IPUIPlugin:80 - create IPUIPlugin
2024-09-10 14:22:46,108 [INFO] PluginManager:220 - loadIPPluginJar : add dma
2024-09-10 14:22:46,110 [INFO] IPUIPlugin:80 - create IPUIPlugin
2024-09-10 14:22:46,110 [INFO] PluginManager:220 - loadIPPluginJar : add fmc
2024-09-10 14:22:46,111 [INFO] IPUIPlugin:80 - create IPUIPlugin
2024-09-10 14:22:46,111 [INFO] PluginManager:220 - loadIPPluginJar : add i2s
2024-09-10 14:22:46,112 [INFO] IPUIPlugin:80 - create IPUIPlugin
2024-09-10 14:22:46,112 [INFO] PluginManager:220 - loadIPPluginJar : add ucpd
2024-09-10 14:22:46,113 [INFO] IPUIPlugin:80 - create IPUIPlugin
2024-09-10 14:22:46,113 [INFO] PluginManager:220 - loadIPPluginJar : add lorawan
2024-09-10 14:22:46,114 [INFO] IPUIPlugin:80 - create IPUIPlugin
2024-09-10 14:22:46,114 [INFO] PluginManager:220 - loadIPPluginJar : add opamp
2024-09-10 14:22:46,115 [INFO] IPUIPlugin:80 - create IPUIPlugin
2024-09-10 14:22:46,115 [INFO] PluginManager:220 - loadIPPluginJar : add i3c
2024-09-10 14:22:46,117 [INFO] IPUIPlugin:80 - create IPUIPlugin
2024-09-10 14:22:46,118 [INFO] PluginManager:220 - loadIPPluginJar : add touchsensing
2024-09-10 14:22:46,120 [INFO] IPUIPlugin:80 - create IPUIPlugin
2024-09-10 14:22:46,121 [INFO] PluginManager:220 - loadIPPluginJar : add i2c
2024-09-10 14:22:46,124 [INFO] IPUIPlugin:80 - create IPUIPlugin
2024-09-10 14:22:46,124 [INFO] PluginManager:220 - loadIPPluginJar : add resmgrutility
2024-09-10 14:22:46,126 [INFO] IPUIPlugin:80 - create IPUIPlugin
2024-09-10 14:22:46,126 [INFO] PluginManager:220 - loadIPPluginJar : add sai
2024-09-10 14:22:46,127 [INFO] IPUIPlugin:80 - create IPUIPlugin
2024-09-10 14:22:46,127 [INFO] PluginManager:220 - loadIPPluginJar : add usbx
2024-09-10 14:22:46,239 [INFO] CADModel:165 - CPN selected for project level
2024-09-10 14:22:46,240 [INFO] CADModel:114 - Register for checkConnection events
2024-09-10 14:22:46,241 [FATAL] Updater:334 - Updater called before beeing initialized
2024-09-10 14:22:46,241 [ERROR] CADModel:125 - Updater not yet initialized, retry later 
2024-09-10 14:22:46,436 [INFO] CADModel:165 - CPN selected for project level
2024-09-10 14:22:46,436 [INFO] CADModel:114 - Register for checkConnection events
2024-09-10 14:22:46,437 [FATAL] Updater:334 - Updater called before beeing initialized
2024-09-10 14:22:46,437 [ERROR] CADModel:125 - Updater not yet initialized, retry later 
2024-09-10 14:22:46,439 [FATAL] Updater:334 - Updater called before beeing initialized
2024-09-10 14:22:46,591 [FATAL] Updater:334 - Updater called before beeing initialized
2024-09-10 14:22:46,597 [INFO] DbMcusAds:53 - JSON generation date=Thu May 16 03:22:00 MDT 2024 (1715851320667)
2024-09-10 14:22:46,597 [FATAL] Updater:334 - Updater called before beeing initialized
2024-09-10 14:22:46,648 [WARN] DetailPanel:346 - Failed to get advertising image, set to default
2024-09-10 14:22:46,717 [FATAL] Updater:334 - Updater called before beeing initialized
2024-09-10 14:22:46,719 [FATAL] Updater:334 - Updater called before beeing initialized
2024-09-10 14:22:46,720 [FATAL] Updater:334 - Updater called before beeing initialized
2024-09-10 14:22:46,720 [WARN] DetailPanel:346 - Failed to get advertising image, set to default
2024-09-10 14:22:46,720 [FATAL] Updater:334 - Updater called before beeing initialized
2024-09-10 14:22:46,775 [ERROR] Updater:1164 - MainUpdater not yet initialized. External WinMGr cannot be set.
2024-09-10 14:22:46,779 [INFO] Updater:1100 - Updater Version found : 6.12.0
2024-09-10 14:22:46,790 [INFO] ApplicationProperties:184 - Using Application install path: /Applications/STM32CubeIDE.app/Contents/Eclipse/plugins/com.st.stm32cube.common.mx_6.12.0.202406281431
2024-09-10 14:22:47,070 [INFO] MainUpdater:2873 - connection check result : 10
2024-09-10 14:22:47,071 [INFO] MainUpdater:3567 - Updater definition file requires update
2024-09-10 14:22:47,071 [INFO] MainUpdater:290 - Updater Check For Update Now.
2024-09-10 14:22:47,071 [INFO] MicroXplorer:498 - Change Database Version : DB.6.0.120
2024-09-10 14:22:47,076 [INFO] McuFinderGlobals:63 - Set McuFinder mode to 2 (CubeIDE integrated)
2024-09-10 14:22:47,078 [INFO] UserAuth:417 - Internet connection configuration mode: 1
2024-09-10 14:22:47,087 [INFO] JxBrowserEngine:152 - Initiate JxBrowser Engine with user profile folder
2024-09-10 14:22:47,096 [INFO] ServerAccessManage:473 - Download File updaters.zip
2024-09-10 14:22:47,212 [INFO] FileExtend:240 - Unzip File : updaters.zip
2024-09-10 14:22:47,213 [INFO] FileExtend:255 - Standard Zip Deflate
2024-09-10 14:22:47,460 [INFO] ServerAccessManage:473 - Download File PacksControlFlags.xml
2024-09-10 14:22:47,553 [INFO] ServerAccessManage:473 - Download File cubemx.pidx
2024-09-10 14:22:48,218 [WARN] MainUpdater:1194 - Updater busy. Cannot search thirdparties
2024-09-10 14:22:48,219 [INFO] ThirdPartyUpdaterWithRetryManager:96 - Updater plugin is busy. [1/15]
2024-09-10 14:22:48,322 [INFO] ServerAccessManage:473 - Download File STMicroelectronics.X-CUBE-GNSS1.pdsc
2024-09-10 14:22:48,956 [ERROR] ServerAccessManage:1089 - Problem, file not found on Server
2024-09-10 14:22:49,102 [ERROR] ServerAccessManage:1089 - Problem, file not found on Server
2024-09-10 14:22:49,541 [ERROR] ServerAccessManage:1089 - Problem, file not found on Server
2024-09-10 14:22:50,098 [ERROR] ServerAccessManage:1089 - Problem, file not found on Server
2024-09-10 14:22:50,549 [ERROR] ServerAccessManage:1089 - Problem, file not found on Server
2024-09-10 14:22:51,078 [ERROR] ServerAccessManage:1089 - Problem, file not found on Server
2024-09-10 14:22:51,227 [WARN] MainUpdater:1194 - Updater busy. Cannot search thirdparties
2024-09-10 14:22:51,227 [INFO] ThirdPartyUpdaterWithRetryManager:96 - Updater plugin is busy. [2/15]
2024-09-10 14:22:51,405 [INFO] WebApp:167 - Instantiating new browser for Auth
2024-09-10 14:22:51,809 [WARN] PackLoader:240 - Cannot read IP mode file for STMicroelectronics.X-CUBE-GNSS1.7.0.0
2024-09-10 14:22:51,839 [INFO] PopulateThirdPartyThread:66 - Ending populate Thread
2024-09-10 14:22:51,847 [INFO] ThirdParty:1030 - CMSIS Pack Vendor :STMicroelectronics X-CUBE-GNSS1 7.0.0
2024-09-10 14:22:51,848 [INFO] LoadServerUpdatesThread:375 - End of LoadServerUpdate Thread
2024-09-10 14:22:51,990 [INFO] CheckServerUpdateThread:120 - End of CheckServer Thread
2024-09-10 14:22:52,735 [INFO] WebApp:448 - Apply proxy settings
2024-09-10 14:22:52,743 [INFO] WebApp:493 - Chromium authenticates against Manually configured proxy
2024-09-10 14:22:52,766 [INFO] WebApp:501 - Username used for proxy authentication: 
2024-09-10 14:22:52,819 [INFO] WebApp:869 - Register for checkConnection events
2024-09-10 14:22:52,819 [INFO] WebApp:448 - Apply proxy settings
2024-09-10 14:22:52,822 [INFO] WebApp:493 - Chromium authenticates against Manually configured proxy
2024-09-10 14:22:52,823 [INFO] WebApp:501 - Username used for proxy authentication: 
2024-09-10 14:22:52,956 [INFO] WebApp:220 - Starting web application
2024-09-10 14:22:52,956 [INFO] WebApp:578 - Web application path used /Applications/STM32CubeIDE.app/Contents/Eclipse/plugins/com.st.stm32cube.common.mx_6.12.0.202406281431/db/plugins/mcufinder/reactClient1/index.html
2024-09-10 14:22:53,441 [INFO] WebApp:186 - Connection restablished
2024-09-10 14:22:53,465 [INFO] UserAuth:417 - Internet connection configuration mode: 1
2024-09-10 14:22:54,381 [WARN] PackLoader:240 - Cannot read IP mode file for STMicroelectronics.FP-SNS-MOTENVWB1.1.4.0
2024-09-10 14:22:54,400 [WARN] PackLoader:240 - Cannot read IP mode file for STMicroelectronics.X-CUBE-SMBUS.2.1.0
2024-09-10 14:22:54,406 [WARN] PackLoader:240 - Cannot read IP mode file for STMicroelectronics.X-CUBE-TOUCHGFX.4.23.0
2024-09-10 14:22:54,410 [WARN] PackLoader:240 - Cannot read IP mode file for STMicroelectronics.X-CUBE-TOUCHGFX.4.23.2
2024-09-10 14:22:54,459 [WARN] PackLoader:240 - Cannot read IP mode file for STMicroelectronics.X-CUBE-AZRTOS-F7.1.1.0
2024-09-10 14:22:54,480 [WARN] PackLoader:240 - Cannot read IP mode file for STMicroelectronics.FP-SNS-MOTENV1.4.3.2
2024-09-10 14:22:54,723 [WARN] PackLoader:240 - Cannot read IP mode file for STMicroelectronics.X-CUBE-MEMS1.11.0.0
2024-09-10 14:22:54,952 [WARN] PackLoader:240 - Cannot read IP mode file for STMicroelectronics.FP-SNS-FLIGHT1.5.0.2
2024-09-10 14:22:54,981 [WARN] PackLoader:240 - Cannot read IP mode file for STMicroelectronics.X-CUBE-DISPLAY.3.0.0
2024-09-10 14:22:55,010 [WARN] PackLoader:240 - Cannot read IP mode file for STMicroelectronics.X-CUBE-BLE1.7.0.0
2024-09-10 14:22:55,025 [WARN] PackLoader:240 - Cannot read IP mode file for emotas.I-CUBE-CANOPEN.1.3.0
2024-09-10 14:22:55,054 [WARN] PackLoader:240 - Cannot read IP mode file for STMicroelectronics.X-CUBE-BLEMGR.3.1.0
2024-09-10 14:22:55,064 [WARN] PackLoader:240 - Cannot read IP mode file for STMicroelectronics.FP-SNS-SMARTAG2.1.2.0
2024-09-10 14:22:55,077 [INFO] LogOutputStream:77 - [STDOUT_REDIRECT] 1 : Invalid condition id : UX_CORESTACK_Condition cause : null
2024-09-10 14:22:55,080 [INFO] LogOutputStream:77 - [STDOUT_REDIRECT] 1 : Invalid condition id : UX_CORESTACK_Condition cause : null
2024-09-10 14:22:55,080 [INFO] LogOutputStream:77 - [STDOUT_REDIRECT] 1 : Invalid condition id : UX_CORESTACK_Condition cause : null
2024-09-10 14:22:55,080 [INFO] LogOutputStream:77 - [STDOUT_REDIRECT] 1 : Invalid condition id : UX_CORESTACK_Condition cause : null
2024-09-10 14:22:55,080 [INFO] LogOutputStream:77 - [STDOUT_REDIRECT] 1 : Invalid condition id : UX_CORESTACK_Condition cause : null
2024-09-10 14:22:55,089 [WARN] PackLoader:240 - Cannot read IP mode file for STMicroelectronics.X-CUBE-AZRTOS-WL.2.0.0
2024-09-10 14:22:55,095 [WARN] PackLoader:240 - Cannot read IP mode file for STMicroelectronics.FP-SNS-MOTENV1.5.0.0
2024-09-10 14:22:55,099 [WARN] PackLoader:240 - Cannot read IP mode file for wolfSSL.I-CUBE-wolfMQTT.1.19.0
2024-09-10 14:22:55,106 [WARN] PackLoader:240 - Cannot read IP mode file for WES.I-CUBE-Cesium.1.3.0
2024-09-10 14:22:55,111 [WARN] PackLoader:240 - Cannot read IP mode file for STMicroelectronics.X-CUBE-BLE2.3.3.0
2024-09-10 14:22:55,117 [WARN] PackLoader:240 - Cannot read IP mode file for STMicroelectronics.X-CUBE-TCPP.4.1.0
2024-09-10 14:22:55,124 [WARN] PackLoader:240 - Cannot read IP mode file for STMicroelectronics.X-CUBE-ALGOBUILD.1.3.0
2024-09-10 14:22:55,144 [WARN] PackLoader:240 - Cannot read IP mode file for STMicroelectronics.X-CUBE-AZRTOS-G0.1.1.0
2024-09-10 14:22:55,155 [WARN] PackLoader:240 - Cannot read IP mode file for STMicroelectronics.X-CUBE-SAFEA1.1.2.2
2024-09-10 14:22:55,161 [WARN] PackLoader:240 - Cannot read IP mode file for STMicroelectronics.X-CUBE-NFC4.3.0.0
2024-09-10 14:22:55,175 [WARN] PackLoader:240 - Cannot read IP mode file for EmbeddedOffice.I-CUBE-FS-RTOS.1.0.1
2024-09-10 14:22:55,177 [ERROR] ConditionMgr:805 - Attr not supported : Dmpu
2024-09-10 14:22:55,179 [ERROR] ConditionMgr:805 - Attr not supported : Dmpu
2024-09-10 14:22:55,179 [ERROR] ConditionMgr:805 - Attr not supported : Dmpu
2024-09-10 14:22:55,179 [ERROR] ConditionMgr:805 - Attr not supported : Dmpu
2024-09-10 14:22:55,179 [ERROR] ConditionMgr:805 - Attr not supported : Dmpu
2024-09-10 14:22:55,179 [ERROR] ConditionMgr:805 - Attr not supported : Dmpu
2024-09-10 14:22:55,179 [ERROR] ConditionMgr:805 - Attr not supported : Dmpu
2024-09-10 14:22:55,179 [ERROR] ConditionMgr:805 - Attr not supported : Dmpu
2024-09-10 14:22:55,179 [ERROR] ConditionMgr:805 - Attr not supported : Dmpu
2024-09-10 14:22:55,179 [ERROR] ConditionMgr:805 - Attr not supported : Dmpu
2024-09-10 14:22:55,179 [ERROR] ConditionMgr:805 - Attr not supported : Dmpu
2024-09-10 14:22:55,179 [ERROR] ConditionMgr:805 - Attr not supported : Dmpu
2024-09-10 14:22:55,179 [ERROR] ConditionMgr:805 - Attr not supported : Dmpu
2024-09-10 14:22:55,179 [ERROR] ConditionMgr:805 - Attr not supported : Dmpu
2024-09-10 14:22:55,179 [ERROR] ConditionMgr:805 - Attr not supported : Dmpu
2024-09-10 14:22:55,179 [ERROR] ConditionMgr:805 - Attr not supported : Dmpu
2024-09-10 14:22:55,179 [ERROR] ConditionMgr:805 - Attr not supported : Dmpu
2024-09-10 14:22:55,179 [ERROR] ConditionMgr:805 - Attr not supported : Dmpu
2024-09-10 14:22:55,179 [ERROR] ConditionMgr:805 - Attr not supported : Dmpu
2024-09-10 14:22:55,179 [ERROR] ConditionMgr:805 - Attr not supported : Dmpu
2024-09-10 14:22:55,179 [ERROR] ConditionMgr:805 - Attr not supported : Dmpu
2024-09-10 14:22:55,180 [ERROR] ConditionMgr:805 - Attr not supported : Dmpu
2024-09-10 14:22:55,180 [ERROR] ConditionMgr:805 - Attr not supported : Dmpu
2024-09-10 14:22:55,180 [ERROR] ConditionMgr:805 - Attr not supported : Dmpu
2024-09-10 14:22:55,180 [ERROR] ConditionMgr:805 - Attr not supported : Dmpu
2024-09-10 14:22:55,180 [ERROR] ConditionMgr:805 - Attr not supported : Dmpu
2024-09-10 14:22:55,180 [ERROR] ConditionMgr:805 - Attr not supported : Dmpu
2024-09-10 14:22:55,180 [ERROR] ConditionMgr:805 - Attr not supported : Dmpu
2024-09-10 14:22:55,180 [ERROR] ConditionMgr:805 - Attr not supported : Dmpu
2024-09-10 14:22:55,180 [ERROR] ConditionMgr:805 - Attr not supported : Dmpu
2024-09-10 14:22:55,180 [ERROR] ConditionMgr:805 - Attr not supported : Dmpu
2024-09-10 14:22:55,180 [ERROR] ConditionMgr:805 - Attr not supported : Dmpu
2024-09-10 14:22:55,180 [ERROR] ConditionMgr:805 - Attr not supported : Dmpu
2024-09-10 14:22:55,180 [ERROR] ConditionMgr:805 - Attr not supported : Dmpu
2024-09-10 14:22:55,180 [ERROR] ConditionMgr:805 - Attr not supported : Dmpu
2024-09-10 14:22:55,180 [ERROR] ConditionMgr:805 - Attr not supported : Dmpu
2024-09-10 14:22:55,180 [ERROR] ConditionMgr:805 - Attr not supported : Dmpu
2024-09-10 14:22:55,180 [ERROR] ConditionMgr:805 - Attr not supported : Dmpu
2024-09-10 14:22:55,180 [ERROR] ConditionMgr:805 - Attr not supported : Dmpu
2024-09-10 14:22:55,180 [ERROR] ConditionMgr:805 - Attr not supported : Dmpu
2024-09-10 14:22:55,180 [ERROR] ConditionMgr:805 - Attr not supported : Dmpu
2024-09-10 14:22:55,180 [ERROR] ConditionMgr:805 - Attr not supported : Dmpu
2024-09-10 14:22:55,180 [ERROR] ConditionMgr:805 - Attr not supported : Dmpu
2024-09-10 14:22:55,180 [ERROR] ConditionMgr:805 - Attr not supported : Dmpu
2024-09-10 14:22:55,180 [ERROR] ConditionMgr:805 - Attr not supported : Dmpu
2024-09-10 14:22:55,180 [ERROR] ConditionMgr:805 - Attr not supported : Dmpu
2024-09-10 14:22:55,180 [ERROR] ConditionMgr:805 - Attr not supported : Dmpu
2024-09-10 14:22:55,180 [ERROR] ConditionMgr:805 - Attr not supported : Dmpu
2024-09-10 14:22:55,180 [ERROR] ConditionMgr:805 - Attr not supported : Dmpu
2024-09-10 14:22:55,181 [ERROR] ConditionMgr:805 - Attr not supported : Dmpu
2024-09-10 14:22:55,182 [ERROR] ConditionMgr:805 - Attr not supported : Dmpu
2024-09-10 14:22:55,182 [ERROR] ConditionMgr:805 - Attr not supported : Dmpu
2024-09-10 14:22:55,182 [ERROR] ConditionMgr:805 - Attr not supported : Dmpu
2024-09-10 14:22:55,182 [ERROR] ConditionMgr:805 - Attr not supported : Dmpu
2024-09-10 14:22:55,182 [ERROR] ConditionMgr:805 - Attr not supported : Dmpu
2024-09-10 14:22:55,182 [ERROR] ConditionMgr:805 - Attr not supported : Dmpu
2024-09-10 14:22:55,182 [ERROR] ConditionMgr:805 - Attr not supported : Dmpu
2024-09-10 14:22:55,182 [ERROR] ConditionMgr:805 - Attr not supported : Dmpu
2024-09-10 14:22:55,182 [ERROR] ConditionMgr:805 - Attr not supported : Dmpu
2024-09-10 14:22:55,182 [ERROR] ConditionMgr:805 - Attr not supported : Dmpu
2024-09-10 14:22:55,182 [ERROR] ConditionMgr:805 - Attr not supported : Dmpu
2024-09-10 14:22:55,182 [ERROR] ConditionMgr:805 - Attr not supported : Dmpu
2024-09-10 14:22:55,182 [ERROR] ConditionMgr:805 - Attr not supported : Dmpu
2024-09-10 14:22:55,182 [ERROR] ConditionMgr:805 - Attr not supported : Dmpu
2024-09-10 14:22:55,195 [WARN] PackLoader:240 - Cannot read IP mode file for STMicroelectronics.X-CUBE-BLEMGR.3.0.0
2024-09-10 14:22:55,203 [WARN] PackLoader:240 - Cannot read IP mode file for RealThread.X-CUBE-RT-Thread_Nano.4.1.1
2024-09-10 14:22:55,211 [WARN] PackLoader:240 - Cannot read IP mode file for STMicroelectronics.FP-ATR-SIGFOX1.3.2.0
2024-09-10 14:22:55,216 [WARN] PackLoader:240 - Cannot read IP mode file for STMicroelectronics.X-CUBE-EEPRMA1.5.1.0
2024-09-10 14:22:55,277 [WARN] PackLoader:240 - Cannot read IP mode file for SEGGER.I-CUBE-embOS.1.3.1
2024-09-10 14:22:55,334 [WARN] PackLoader:240 - Cannot read IP mode file for STMicroelectronics.X-CUBE-ALGOBUILD.1.4.0
2024-09-10 14:22:55,343 [WARN] PackLoader:240 - Cannot read IP mode file for STMicroelectronics.X-CUBE-GNSS1.6.0.0
2024-09-10 14:22:55,362 [WARN] PackLoader:240 - Cannot read IP mode file for STMicroelectronics.X-CUBE-AZRTOS-F4.1.1.0
2024-09-10 14:22:55,377 [WARN] PackLoader:240 - Cannot read IP mode file for STMicroelectronics.X-CUBE-FREERTOS.1.2.0
2024-09-10 14:22:55,385 [WARN] PackLoader:240 - Cannot read IP mode file for wolfSSL.I-CUBE-wolfSSL.5.6.6
2024-09-10 14:22:55,404 [WARN] PackLoader:240 - Cannot read IP mode file for STMicroelectronics.X-CUBE-AZRTOS-L5.2.0.0
2024-09-10 14:22:55,418 [WARN] PackLoader:240 - Cannot read IP mode file for STMicroelectronics.X-CUBE-EEPRMA1.4.2.0
2024-09-10 14:22:55,428 [WARN] PackLoader:240 - Cannot read IP mode file for STMicroelectronics.X-CUBE-NFC6.3.1.0
2024-09-10 14:22:55,436 [WARN] PackLoader:240 - Cannot read IP mode file for ITTIA_DB.I-CUBE-ITTIADB.8.8.0
2024-09-10 14:22:55,442 [WARN] PackLoader:240 - Cannot read IP mode file for STMicroelectronics.X-CUBE-DPower.1.2.0
2024-09-10 14:22:55,446 [WARN] PackLoader:240 - Cannot read IP mode file for STMicroelectronics.X-CUBE-AI.9.0.0
2024-09-10 14:22:55,450 [WARN] PackLoader:240 - Cannot read IP mode file for STMicroelectronics.X-CUBE-NFC7.1.0.1
2024-09-10 14:22:55,458 [WARN] PackLoader:240 - Cannot read IP mode file for STMicroelectronics.X-CUBE-NFC6.3.0.0
2024-09-10 14:22:55,463 [WARN] PackLoader:240 - Cannot read IP mode file for STMicroelectronics.X-CUBE-AI.8.1.0
2024-09-10 14:22:55,484 [WARN] ConditionMgr:438 - getConditionDescription Invalid condition id : LAN8742 Phy interface Condition cause : null
2024-09-10 14:22:55,485 [WARN] PackLoader:240 - Cannot read IP mode file for STMicroelectronics.X-CUBE-AZRTOS-L4.2.0.0
2024-09-10 14:22:55,492 [WARN] ConditionMgr:1039 - genDependencies : Invalid condition id : LAN8742 Phy interface Condition cause : null
2024-09-10 14:22:55,492 [WARN] ConditionMgr:1039 - genDependencies : Invalid condition id : LAN8742 Phy interface Condition cause : null
2024-09-10 14:22:55,493 [WARN] ConditionMgr:1039 - genDependencies : Invalid condition id : LAN8742 Phy interface Condition cause : null
2024-09-10 14:22:55,501 [WARN] PackLoader:240 - Cannot read IP mode file for STMicroelectronics.X-CUBE-SFXS2LP1.4.0.0
2024-09-10 14:22:55,526 [WARN] PackLoader:240 - Cannot read IP mode file for STMicroelectronics.X-CUBE-AZRTOS-H7.3.3.0
2024-09-10 14:22:55,549 [WARN] ConditionMgr:438 - getConditionDescription Invalid condition id : UX DEVICE CLASS RTOS Condition cause : null
2024-09-10 14:22:55,549 [WARN] ConditionMgr:438 - getConditionDescription Invalid condition id : UX DEVICE CLASS RTOS Condition cause : null
2024-09-10 14:22:55,554 [WARN] PackLoader:240 - Cannot read IP mode file for STMicroelectronics.X-CUBE-AZRTOS-WB.2.0.0
2024-09-10 14:22:55,556 [WARN] ConditionMgr:1039 - genDependencies : Invalid condition id : UX DEVICE CLASS RTOS Condition cause : null
2024-09-10 14:22:55,557 [WARN] ConditionMgr:1039 - genDependencies : Invalid condition id : UX DEVICE CLASS RTOS Condition cause : null
2024-09-10 14:22:55,557 [WARN] ConditionMgr:1039 - genDependencies : Invalid condition id : UX DEVICE CLASS RTOS Condition cause : null
2024-09-10 14:22:55,558 [WARN] ConditionMgr:1039 - genDependencies : Invalid condition id : UX DEVICE CLASS RTOS Condition cause : null
2024-09-10 14:22:55,558 [WARN] ConditionMgr:1039 - genDependencies : Invalid condition id : UX DEVICE CLASS RTOS Condition cause : null
2024-09-10 14:22:55,569 [WARN] PackLoader:240 - Cannot read IP mode file for STMicroelectronics.X-CUBE-GNSS1.7.0.0
2024-09-10 14:22:55,581 [WARN] PackLoader:240 - Cannot read IP mode file for STMicroelectronics.FP-SNS-STBOX1.2.0.0
2024-09-10 14:22:55,596 [WARN] PackLoader:240 - Cannot read IP mode file for STMicroelectronics.X-CUBE-SUBG2.5.0.0
2024-09-10 14:22:55,616 [WARN] PackLoader:240 - Cannot read IP mode file for Cesanta.I-CUBE-Mongoose.7.13.0
2024-09-10 14:22:55,635 [WARN] PackLoader:240 - Cannot read IP mode file for STMicroelectronics.X-CUBE-AZRTOS-G4.2.0.0
2024-09-10 14:22:55,657 [WARN] PackLoader:240 - Cannot read IP mode file for Infineon.AIROC-Wi-Fi-Bluetooth-STM32.1.5.1
2024-09-10 14:22:55,670 [WARN] PackLoader:240 - Cannot read IP mode file for STMicroelectronics.FP-SNS-MOTENVWB1.1.3.1
2024-09-10 14:22:55,674 [WARN] PackLoader:240 - Cannot read IP mode file for STMicroelectronics.X-CUBE-ISPU.2.0.0
2024-09-10 14:22:55,679 [WARN] PackLoader:240 - Cannot read IP mode file for STMicroelectronics.X-CUBE-ALS.1.0.2
2024-09-10 14:22:55,729 [WARN] PackLoader:240 - Cannot read IP mode file for STMicroelectronics.X-CUBE-MEMS1.10.0.0
2024-09-10 14:22:55,836 [WARN] PackLoader:240 - Cannot read IP mode file for STMicroelectronics.X-CUBE-FREERTOS.1.1.0
2024-09-10 14:22:55,842 [WARN] PackLoader:240 - Cannot read IP mode file for STMicroelectronics.X-CUBE-TOUCHGFX.4.24.0
2024-09-10 14:22:55,845 [WARN] PackLoader:240 - Cannot read IP mode file for wolfSSL.I-CUBE-wolfTPM.3.4.0
2024-09-10 14:22:55,849 [WARN] PackLoader:240 - Cannot read IP mode file for portGmbH.I-Cube-SoM-uGOAL.1.1.0
2024-09-10 14:22:55,854 [WARN] PackLoader:240 - Cannot read IP mode file for STMicroelectronics.X-CUBE-ALS.1.0.1
2024-09-10 14:22:55,875 [WARN] PackLoader:240 - Cannot read IP mode file for STMicroelectronics.X-CUBE-AZRTOS-H7RS.1.0.0
2024-09-10 14:22:55,881 [WARN] PackLoader:240 - Cannot read IP mode file for STMicroelectronics.FP-ATR-ASTRA1.2.0.0
2024-09-10 14:22:55,892 [WARN] PackLoader:240 - Cannot read IP mode file for STMicroelectronics.X-CUBE-TOF1.3.4.2
2024-09-10 14:22:55,910 [WARN] PackLoader:240 - Cannot read IP mode file for STMicroelectronics.X-CUBE-TOF1.3.4.0
2024-09-10 14:22:55,929 [WARN] PackLoader:240 - Cannot read IP mode file for STMicroelectronics.X-CUBE-TOF1.3.4.1
2024-09-10 14:22:55,957 [WARN] PackLoader:240 - Cannot read IP mode file for STMicroelectronics.X-CUBE-AZRTOS-H7.3.2.0
2024-09-10 14:22:55,963 [WARN] PackLoader:240 - Cannot read IP mode file for wolfSSL.I-CUBE-wolfSSH.1.4.17
2024-09-10 14:22:55,966 [INFO] ThirdParty:978 - Integrity check success = true
2024-09-10 14:22:55,966 [INFO] IntegrityCheckThread:100 - exiting critical section [integrity check]
2024-09-10 14:22:55,966 [INFO] IntegrityCheckThread:103 - End integrity checks thread
2024-09-10 14:59:03,414 [INFO] WebApp:189 - Connection lost
2024-09-10 14:59:11,911 [INFO] WebApp:186 - Connection restablished
2024-09-10 15:20:34,553 [INFO] WebApp:189 - Connection lost
2024-09-10 16:55:17,835 [INFO] WebApp:186 - Connection restablished
2024-09-10 18:31:16,642 [INFO] WebApp:189 - Connection lost
2024-09-10 18:31:22,183 [INFO] WebApp:186 - Connection restablished
2024-09-10 18:38:29,404 [INFO] WebApp:189 - Connection lost
2024-09-10 18:38:34,808 [INFO] WebApp:186 - Connection restablished
2024-09-10 18:55:47,768 [INFO] WebApp:189 - Connection lost
2024-09-10 19:33:04,860 [INFO] WebApp:186 - Connection restablished
